[0.747s] Invoking command in '/home/raj/openamr-platform-sw/ros2/src/openamrobot_description': DEBUGINFOD_URLS=https://debuginfod.ubuntu.com PYTHONPATH=/home/raj/openamr-platform-sw/build/openamrobot_description/prefix_override:/usr/lib/python3/dist-packages/colcon_core/task/python/colcon_distutils_commands:/home/raj/openamr-platform-sw/install/openamrobot_description/lib/python3.12/site-packages:${PYTHONPATH} /usr/bin/python3 -W ignore:setup.py install is deprecated -W ignore:easy_install command is deprecated setup.py egg_info --egg-base ../../../build/openamrobot_description build --build-base /home/raj/openamr-platform-sw/build/openamrobot_description/build install --record /home/raj/openamr-platform-sw/build/openamrobot_description/install.log --single-version-externally-managed install_data
[0.907s] running egg_info
[0.919s] writing ../../../build/openamrobot_description/openamrobot_description.egg-info/PKG-INFO
[0.919s] writing dependency_links to ../../../build/openamrobot_description/openamrobot_description.egg-info/dependency_links.txt
[0.919s] writing requirements to ../../../build/openamrobot_description/openamrobot_description.egg-info/requires.txt
[0.919s] writing top-level names to ../../../build/openamrobot_description/openamrobot_description.egg-info/top_level.txt
[0.944s] reading manifest file '../../../build/openamrobot_description/openamrobot_description.egg-info/SOURCES.txt'
[0.945s] writing manifest file '../../../build/openamrobot_description/openamrobot_description.egg-info/SOURCES.txt'
[0.945s] running build
[0.945s] running build_py
[0.945s] running install
[0.949s] running install_lib
[0.961s] running install_data
[0.961s] copying launch/launch.py -> /home/raj/openamr-platform-sw/install/openamrobot_description/share/openamrobot_description/launch
[0.962s] creating /home/raj/openamr-platform-sw/install/openamrobot_description/share/openamrobot_description/config
[0.962s] copying config/rviz.rviz -> /home/raj/openamr-platform-sw/install/openamrobot_description/share/openamrobot_description/config
[0.962s] running install_egg_info
[0.975s] removing '/home/raj/openamr-platform-sw/install/openamrobot_description/lib/python3.12/site-packages/openamrobot_description-0.1.0-py3.12.egg-info' (and everything under it)
[0.975s] Copying ../../../build/openamrobot_description/openamrobot_description.egg-info to /home/raj/openamr-platform-sw/install/openamrobot_description/lib/python3.12/site-packages/openamrobot_description-0.1.0-py3.12.egg-info
[0.976s] running install_scripts
[1.059s] writing list of installed files to '/home/raj/openamr-platform-sw/build/openamrobot_description/install.log'
[1.076s] Invoked command in '/home/raj/openamr-platform-sw/ros2/src/openamrobot_description' returned '0': DEBUGINFOD_URLS=https://debuginfod.ubuntu.com PYTHONPATH=/home/raj/openamr-platform-sw/build/openamrobot_description/prefix_override:/usr/lib/python3/dist-packages/colcon_core/task/python/colcon_distutils_commands:/home/raj/openamr-platform-sw/install/openamrobot_description/lib/python3.12/site-packages:${PYTHONPATH} /usr/bin/python3 -W ignore:setup.py install is deprecated -W ignore:easy_install command is deprecated setup.py egg_info --egg-base ../../../build/openamrobot_description build --build-base /home/raj/openamr-platform-sw/build/openamrobot_description/build install --record /home/raj/openamr-platform-sw/build/openamrobot_description/install.log --single-version-externally-managed install_data
