running egg_info
creating ../../../build/openamrobot_gazebo/openamrobot_gazebo.egg-info
writing ../../../build/openamrobot_gazebo/openamrobot_gazebo.egg-info/PKG-INFO
writing dependency_links to ../../../build/openamrobot_gazebo/openamrobot_gazebo.egg-info/dependency_links.txt
writing requirements to ../../../build/openamrobot_gazebo/openamrobot_gazebo.egg-info/requires.txt
writing top-level names to ../../../build/openamrobot_gazebo/openamrobot_gazebo.egg-info/top_level.txt
writing manifest file '../../../build/openamrobot_gazebo/openamrobot_gazebo.egg-info/SOURCES.txt'
reading manifest file '../../../build/openamrobot_gazebo/openamrobot_gazebo.egg-info/SOURCES.txt'
writing manifest file '../../../build/openamrobot_gazebo/openamrobot_gazebo.egg-info/SOURCES.txt'
running build
running build_py
creating /home/raj/openamr-platform-sw/build/openamrobot_gazebo/build
creating /home/raj/openamr-platform-sw/build/openamrobot_gazebo/build/lib
creating /home/raj/openamr-platform-sw/build/openamrobot_gazebo/build/lib/openamrobot_gazebo
copying openamrobot_gazebo/__init__.py -> /home/raj/openamr-platform-sw/build/openamrobot_gazebo/build/lib/openamrobot_gazebo
running install
running install_lib
creating /home/raj/openamr-platform-sw/install/openamrobot_gazebo/lib/python3.12/site-packages/openamrobot_gazebo
copying /home/raj/openamr-platform-sw/build/openamrobot_gazebo/build/lib/openamrobot_gazebo/__init__.py -> /home/raj/openamr-platform-sw/install/openamrobot_gazebo/lib/python3.12/site-packages/openamrobot_gazebo
byte-compiling /home/raj/openamr-platform-sw/install/openamrobot_gazebo/lib/python3.12/site-packages/openamrobot_gazebo/__init__.py to __init__.cpython-312.pyc
running install_data
creating /home/raj/openamr-platform-sw/install/openamrobot_gazebo/share/ament_index
creating /home/raj/openamr-platform-sw/install/openamrobot_gazebo/share/ament_index/resource_index
creating /home/raj/openamr-platform-sw/install/openamrobot_gazebo/share/ament_index/resource_index/packages
copying resource/openamrobot_gazebo -> /home/raj/openamr-platform-sw/install/openamrobot_gazebo/share/ament_index/resource_index/packages
copying package.xml -> /home/raj/openamr-platform-sw/install/openamrobot_gazebo/share/openamrobot_gazebo
creating /home/raj/openamr-platform-sw/install/openamrobot_gazebo/share/openamrobot_gazebo/launch
copying launch/gz_simulator.launch.py -> /home/raj/openamr-platform-sw/install/openamrobot_gazebo/share/openamrobot_gazebo/launch
creating /home/raj/openamr-platform-sw/install/openamrobot_gazebo/share/openamrobot_gazebo/worlds
copying worlds/walled_world.sdf -> /home/raj/openamr-platform-sw/install/openamrobot_gazebo/share/openamrobot_gazebo/worlds
copying worlds/depot.sdf -> /home/raj/openamr-platform-sw/install/openamrobot_gazebo/share/openamrobot_gazebo/worlds
creating /home/raj/openamr-platform-sw/install/openamrobot_gazebo/share/openamrobot_gazebo/config
copying config/gz_bridge.yaml -> /home/raj/openamr-platform-sw/install/openamrobot_gazebo/share/openamrobot_gazebo/config
running install_egg_info
Copying ../../../build/openamrobot_gazebo/openamrobot_gazebo.egg-info to /home/raj/openamr-platform-sw/install/openamrobot_gazebo/lib/python3.12/site-packages/openamrobot_gazebo-0.1.0-py3.12.egg-info
running install_scripts
writing list of installed files to '/home/raj/openamr-platform-sw/build/openamrobot_gazebo/install.log'
