[0.471s] Invoking command in '/home/raj/openamr-platform-sw/ros2/src/openamrobot_gazebo': AMENT_PREFIX_PATH=/home/raj/openamr-platform-sw/install/openamrobot_description:${AMENT_PREFIX_PATH} DEBUGINFOD_URLS=https://debuginfod.ubuntu.com PYTHONPATH=/home/raj/openamr-platform-sw/build/openamrobot_gazebo/prefix_override:/usr/lib/python3/dist-packages/colcon_core/task/python/colcon_distutils_commands:/home/raj/openamr-platform-sw/install/openamrobot_gazebo/lib/python3.12/site-packages:/home/raj/openamr-platform-sw/install/openamrobot_description/lib/python3.12/site-packages:${PYTHONPATH} /usr/bin/python3 -W ignore:setup.py install is deprecated -W ignore:easy_install command is deprecated setup.py egg_info --egg-base ../../../build/openamrobot_gazebo build --build-base /home/raj/openamr-platform-sw/build/openamrobot_gazebo/build install --record /home/raj/openamr-platform-sw/build/openamrobot_gazebo/install.log --single-version-externally-managed install_data
[0.622s] running egg_info
[0.622s] creating ../../../build/openamrobot_gazebo/openamrobot_gazebo.egg-info
[0.633s] writing ../../../build/openamrobot_gazebo/openamrobot_gazebo.egg-info/PKG-INFO
[0.634s] writing dependency_links to ../../../build/openamrobot_gazebo/openamrobot_gazebo.egg-info/dependency_links.txt
[0.634s] writing requirements to ../../../build/openamrobot_gazebo/openamrobot_gazebo.egg-info/requires.txt
[0.634s] writing top-level names to ../../../build/openamrobot_gazebo/openamrobot_gazebo.egg-info/top_level.txt
[0.634s] writing manifest file '../../../build/openamrobot_gazebo/openamrobot_gazebo.egg-info/SOURCES.txt'
[0.657s] reading manifest file '../../../build/openamrobot_gazebo/openamrobot_gazebo.egg-info/SOURCES.txt'
[0.657s] writing manifest file '../../../build/openamrobot_gazebo/openamrobot_gazebo.egg-info/SOURCES.txt'
[0.657s] running build
[0.657s] running build_py
[0.657s] creating /home/raj/openamr-platform-sw/build/openamrobot_gazebo/build
[0.657s] creating /home/raj/openamr-platform-sw/build/openamrobot_gazebo/build/lib
[0.657s] creating /home/raj/openamr-platform-sw/build/openamrobot_gazebo/build/lib/openamrobot_gazebo
[0.657s] copying openamrobot_gazebo/__init__.py -> /home/raj/openamr-platform-sw/build/openamrobot_gazebo/build/lib/openamrobot_gazebo
[0.657s] running install
[0.660s] running install_lib
[0.672s] creating /home/raj/openamr-platform-sw/install/openamrobot_gazebo/lib/python3.12/site-packages/openamrobot_gazebo
[0.672s] copying /home/raj/openamr-platform-sw/build/openamrobot_gazebo/build/lib/openamrobot_gazebo/__init__.py -> /home/raj/openamr-platform-sw/install/openamrobot_gazebo/lib/python3.12/site-packages/openamrobot_gazebo
[0.673s] byte-compiling /home/raj/openamr-platform-sw/install/openamrobot_gazebo/lib/python3.12/site-packages/openamrobot_gazebo/__init__.py to __init__.cpython-312.pyc
[0.673s] running install_data
[0.673s] creating /home/raj/openamr-platform-sw/install/openamrobot_gazebo/share/ament_index
[0.673s] creating /home/raj/openamr-platform-sw/install/openamrobot_gazebo/share/ament_index/resource_index
[0.673s] creating /home/raj/openamr-platform-sw/install/openamrobot_gazebo/share/ament_index/resource_index/packages
[0.673s] copying resource/openamrobot_gazebo -> /home/raj/openamr-platform-sw/install/openamrobot_gazebo/share/ament_index/resource_index/packages
[0.673s] copying package.xml -> /home/raj/openamr-platform-sw/install/openamrobot_gazebo/share/openamrobot_gazebo
[0.673s] creating /home/raj/openamr-platform-sw/install/openamrobot_gazebo/share/openamrobot_gazebo/launch
[0.673s] copying launch/gz_simulator.launch.py -> /home/raj/openamr-platform-sw/install/openamrobot_gazebo/share/openamrobot_gazebo/launch
[0.673s] creating /home/raj/openamr-platform-sw/install/openamrobot_gazebo/share/openamrobot_gazebo/worlds
[0.673s] copying worlds/walled_world.sdf -> /home/raj/openamr-platform-sw/install/openamrobot_gazebo/share/openamrobot_gazebo/worlds
[0.673s] copying worlds/depot.sdf -> /home/raj/openamr-platform-sw/install/openamrobot_gazebo/share/openamrobot_gazebo/worlds
[0.673s] creating /home/raj/openamr-platform-sw/install/openamrobot_gazebo/share/openamrobot_gazebo/config
[0.673s] copying config/gz_bridge.yaml -> /home/raj/openamr-platform-sw/install/openamrobot_gazebo/share/openamrobot_gazebo/config
[0.673s] running install_egg_info
[0.686s] Copying ../../../build/openamrobot_gazebo/openamrobot_gazebo.egg-info to /home/raj/openamr-platform-sw/install/openamrobot_gazebo/lib/python3.12/site-packages/openamrobot_gazebo-0.1.0-py3.12.egg-info
[0.686s] running install_scripts
[0.766s] writing list of installed files to '/home/raj/openamr-platform-sw/build/openamrobot_gazebo/install.log'
[0.782s] Invoked command in '/home/raj/openamr-platform-sw/ros2/src/openamrobot_gazebo' returned '0': AMENT_PREFIX_PATH=/home/raj/openamr-platform-sw/install/openamrobot_description:${AMENT_PREFIX_PATH} DEBUGINFOD_URLS=https://debuginfod.ubuntu.com PYTHONPATH=/home/raj/openamr-platform-sw/build/openamrobot_gazebo/prefix_override:/usr/lib/python3/dist-packages/colcon_core/task/python/colcon_distutils_commands:/home/raj/openamr-platform-sw/install/openamrobot_gazebo/lib/python3.12/site-packages:/home/raj/openamr-platform-sw/install/openamrobot_description/lib/python3.12/site-packages:${PYTHONPATH} /usr/bin/python3 -W ignore:setup.py install is deprecated -W ignore:easy_install command is deprecated setup.py egg_info --egg-base ../../../build/openamrobot_gazebo build --build-base /home/raj/openamr-platform-sw/build/openamrobot_gazebo/build install --record /home/raj/openamr-platform-sw/build/openamrobot_gazebo/install.log --single-version-externally-managed install_data
