[0.082s] DEBUG:colcon:Command line arguments: ['/usr/bin/colcon', 'build']
[0.082s] DEBUG:colcon:Parsed command line arguments: Namespace(log_base=None, log_level=None, verb_name='build', build_base='build', install_base='install', merge_install=False, symlink_install=False, test_result_base=None, continue_on_error=False, executor='parallel', parallel_workers=32, event_handlers=None, ignore_user_meta=False, metas=['./colcon.meta'], base_paths=['.'], packages_ignore=None, packages_ignore_regex=None, paths=None, packages_up_to=None, packages_up_to_regex=None, packages_above=None, packages_above_and_dependencies=None, packages_above_depth=None, packages_select_by_dep=None, packages_skip_by_dep=None, packages_skip_up_to=None, packages_select_build_failed=False, packages_skip_build_finished=False, packages_select_test_failures=False, packages_skip_test_passed=False, packages_select=None, packages_skip=None, packages_select_regex=None, packages_skip_regex=None, packages_start=None, packages_end=None, allow_overriding=[], cmake_args=None, cmake_target=None, cmake_target_skip_unavailable=False, cmake_clean_cache=False, cmake_clean_first=False, cmake_force_configure=False, ament_cmake_args=None, catkin_cmake_args=None, catkin_skip_building_tests=False, mixin_files=None, mixin=None, verb_parser=<colcon_mixin.mixin.mixin_argument.MixinArgumentDecorator object at 0x7abe8d6b98b0>, verb_extension=<colcon_core.verb.build.BuildVerb object at 0x7abe8d6b9640>, main=<bound method BuildVerb.main of <colcon_core.verb.build.BuildVerb object at 0x7abe8d6b9640>>, mixin_verb=('build',))
[0.112s] Level 1:colcon.colcon_core.package_discovery:discover_packages(colcon_meta) check parameters
[0.112s] Level 1:colcon.colcon_core.package_discovery:discover_packages(recursive) check parameters
[0.112s] Level 1:colcon.colcon_core.package_discovery:discover_packages(ignore) check parameters
[0.112s] Level 1:colcon.colcon_core.package_discovery:discover_packages(path) check parameters
[0.112s] Level 1:colcon.colcon_core.package_discovery:discover_packages(colcon_meta) discover
[0.112s] Level 1:colcon.colcon_core.package_discovery:discover_packages(recursive) discover
[0.112s] INFO:colcon.colcon_core.package_discovery:Crawling recursively for packages in '/home/raj/openamr-platform-sw'
[0.112s] Level 1:colcon.colcon_core.package_identification:_identify(.) by extensions ['ignore', 'ignore_ament_install']
[0.112s] Level 1:colcon.colcon_core.package_identification:_identify(.) by extension 'ignore'
[0.113s] Level 1:colcon.colcon_core.package_identification:_identify(.) by extension 'ignore_ament_install'
[0.113s] Level 1:colcon.colcon_core.package_identification:_identify(.) by extensions ['colcon_pkg']
[0.113s] Level 1:colcon.colcon_core.package_identification:_identify(.) by extension 'colcon_pkg'
[0.113s] Level 1:colcon.colcon_core.package_identification:_identify(.) by extensions ['colcon_meta']
[0.113s] Level 1:colcon.colcon_core.package_identification:_identify(.) by extension 'colcon_meta'
[0.113s] Level 1:colcon.colcon_core.package_identification:_identify(.) by extensions ['ros']
[0.113s] Level 1:colcon.colcon_core.package_identification:_identify(.) by extension 'ros'
[0.131s] Level 1:colcon.colcon_core.package_identification:_identify(.) by extensions ['cmake', 'python']
[0.131s] Level 1:colcon.colcon_core.package_identification:_identify(.) by extension 'cmake'
[0.131s] Level 1:colcon.colcon_core.package_identification:_identify(.) by extension 'python'
[0.131s] Level 1:colcon.colcon_core.package_identification:_identify(.) by extensions ['python_setup_py']
[0.131s] Level 1:colcon.colcon_core.package_identification:_identify(.) by extension 'python_setup_py'
[0.132s] Level 1:colcon.colcon_core.package_identification:_identify(build) by extensions ['ignore', 'ignore_ament_install']
[0.132s] Level 1:colcon.colcon_core.package_identification:_identify(build) by extension 'ignore'
[0.132s] Level 1:colcon.colcon_core.package_identification:_identify(build) ignored
[0.132s] Level 1:colcon.colcon_core.package_identification:_identify(config) by extensions ['ignore', 'ignore_ament_install']
[0.132s] Level 1:colcon.colcon_core.package_identification:_identify(config) by extension 'ignore'
[0.132s] Level 1:colcon.colcon_core.package_identification:_identify(config) by extension 'ignore_ament_install'
[0.132s] Level 1:colcon.colcon_core.package_identification:_identify(config) by extensions ['colcon_pkg']
[0.132s] Level 1:colcon.colcon_core.package_identification:_identify(config) by extension 'colcon_pkg'
[0.132s] Level 1:colcon.colcon_core.package_identification:_identify(config) by extensions ['colcon_meta']
[0.132s] Level 1:colcon.colcon_core.package_identification:_identify(config) by extension 'colcon_meta'
[0.132s] Level 1:colcon.colcon_core.package_identification:_identify(config) by extensions ['ros']
[0.132s] Level 1:colcon.colcon_core.package_identification:_identify(config) by extension 'ros'
[0.132s] Level 1:colcon.colcon_core.package_identification:_identify(config) by extensions ['cmake', 'python']
[0.132s] Level 1:colcon.colcon_core.package_identification:_identify(config) by extension 'cmake'
[0.132s] Level 1:colcon.colcon_core.package_identification:_identify(config) by extension 'python'
[0.132s] Level 1:colcon.colcon_core.package_identification:_identify(config) by extensions ['python_setup_py']
[0.132s] Level 1:colcon.colcon_core.package_identification:_identify(config) by extension 'python_setup_py'
[0.132s] Level 1:colcon.colcon_core.package_identification:_identify(config/docking) by extensions ['ignore', 'ignore_ament_install']
[0.132s] Level 1:colcon.colcon_core.package_identification:_identify(config/docking) by extension 'ignore'
[0.132s] Level 1:colcon.colcon_core.package_identification:_identify(config/docking) by extension 'ignore_ament_install'
[0.132s] Level 1:colcon.colcon_core.package_identification:_identify(config/docking) by extensions ['colcon_pkg']
[0.132s] Level 1:colcon.colcon_core.package_identification:_identify(config/docking) by extension 'colcon_pkg'
[0.132s] Level 1:colcon.colcon_core.package_identification:_identify(config/docking) by extensions ['colcon_meta']
[0.132s] Level 1:colcon.colcon_core.package_identification:_identify(config/docking) by extension 'colcon_meta'
[0.132s] Level 1:colcon.colcon_core.package_identification:_identify(config/docking) by extensions ['ros']
[0.132s] Level 1:colcon.colcon_core.package_identification:_identify(config/docking) by extension 'ros'
[0.132s] Level 1:colcon.colcon_core.package_identification:_identify(config/docking) by extensions ['cmake', 'python']
[0.132s] Level 1:colcon.colcon_core.package_identification:_identify(config/docking) by extension 'cmake'
[0.133s] Level 1:colcon.colcon_core.package_identification:_identify(config/docking) by extension 'python'
[0.133s] Level 1:colcon.colcon_core.package_identification:_identify(config/docking) by extensions ['python_setup_py']
[0.133s] Level 1:colcon.colcon_core.package_identification:_identify(config/docking) by extension 'python_setup_py'
[0.133s] Level 1:colcon.colcon_core.package_identification:_identify(config/nav2) by extensions ['ignore', 'ignore_ament_install']
[0.133s] Level 1:colcon.colcon_core.package_identification:_identify(config/nav2) by extension 'ignore'
[0.133s] Level 1:colcon.colcon_core.package_identification:_identify(config/nav2) by extension 'ignore_ament_install'
[0.133s] Level 1:colcon.colcon_core.package_identification:_identify(config/nav2) by extensions ['colcon_pkg']
[0.133s] Level 1:colcon.colcon_core.package_identification:_identify(config/nav2) by extension 'colcon_pkg'
[0.133s] Level 1:colcon.colcon_core.package_identification:_identify(config/nav2) by extensions ['colcon_meta']
[0.133s] Level 1:colcon.colcon_core.package_identification:_identify(config/nav2) by extension 'colcon_meta'
[0.133s] Level 1:colcon.colcon_core.package_identification:_identify(config/nav2) by extensions ['ros']
[0.133s] Level 1:colcon.colcon_core.package_identification:_identify(config/nav2) by extension 'ros'
[0.133s] Level 1:colcon.colcon_core.package_identification:_identify(config/nav2) by extensions ['cmake', 'python']
[0.133s] Level 1:colcon.colcon_core.package_identification:_identify(config/nav2) by extension 'cmake'
[0.133s] Level 1:colcon.colcon_core.package_identification:_identify(config/nav2) by extension 'python'
[0.133s] Level 1:colcon.colcon_core.package_identification:_identify(config/nav2) by extensions ['python_setup_py']
[0.133s] Level 1:colcon.colcon_core.package_identification:_identify(config/nav2) by extension 'python_setup_py'
[0.133s] Level 1:colcon.colcon_core.package_identification:_identify(config/robot) by extensions ['ignore', 'ignore_ament_install']
[0.133s] Level 1:colcon.colcon_core.package_identification:_identify(config/robot) by extension 'ignore'
[0.133s] Level 1:colcon.colcon_core.package_identification:_identify(config/robot) by extension 'ignore_ament_install'
[0.133s] Level 1:colcon.colcon_core.package_identification:_identify(config/robot) by extensions ['colcon_pkg']
[0.133s] Level 1:colcon.colcon_core.package_identification:_identify(config/robot) by extension 'colcon_pkg'
[0.133s] Level 1:colcon.colcon_core.package_identification:_identify(config/robot) by extensions ['colcon_meta']
[0.133s] Level 1:colcon.colcon_core.package_identification:_identify(config/robot) by extension 'colcon_meta'
[0.133s] Level 1:colcon.colcon_core.package_identification:_identify(config/robot) by extensions ['ros']
[0.133s] Level 1:colcon.colcon_core.package_identification:_identify(config/robot) by extension 'ros'
[0.133s] Level 1:colcon.colcon_core.package_identification:_identify(config/robot) by extensions ['cmake', 'python']
[0.133s] Level 1:colcon.colcon_core.package_identification:_identify(config/robot) by extension 'cmake'
[0.133s] Level 1:colcon.colcon_core.package_identification:_identify(config/robot) by extension 'python'
[0.133s] Level 1:colcon.colcon_core.package_identification:_identify(config/robot) by extensions ['python_setup_py']
[0.133s] Level 1:colcon.colcon_core.package_identification:_identify(config/robot) by extension 'python_setup_py'
[0.133s] Level 1:colcon.colcon_core.package_identification:_identify(config/simulation) by extensions ['ignore', 'ignore_ament_install']
[0.133s] Level 1:colcon.colcon_core.package_identification:_identify(config/simulation) by extension 'ignore'
[0.133s] Level 1:colcon.colcon_core.package_identification:_identify(config/simulation) by extension 'ignore_ament_install'
[0.134s] Level 1:colcon.colcon_core.package_identification:_identify(config/simulation) by extensions ['colcon_pkg']
[0.134s] Level 1:colcon.colcon_core.package_identification:_identify(config/simulation) by extension 'colcon_pkg'
[0.134s] Level 1:colcon.colcon_core.package_identification:_identify(config/simulation) by extensions ['colcon_meta']
[0.134s] Level 1:colcon.colcon_core.package_identification:_identify(config/simulation) by extension 'colcon_meta'
[0.134s] Level 1:colcon.colcon_core.package_identification:_identify(config/simulation) by extensions ['ros']
[0.134s] Level 1:colcon.colcon_core.package_identification:_identify(config/simulation) by extension 'ros'
[0.134s] Level 1:colcon.colcon_core.package_identification:_identify(config/simulation) by extensions ['cmake', 'python']
[0.134s] Level 1:colcon.colcon_core.package_identification:_identify(config/simulation) by extension 'cmake'
[0.134s] Level 1:colcon.colcon_core.package_identification:_identify(config/simulation) by extension 'python'
[0.134s] Level 1:colcon.colcon_core.package_identification:_identify(config/simulation) by extensions ['python_setup_py']
[0.134s] Level 1:colcon.colcon_core.package_identification:_identify(config/simulation) by extension 'python_setup_py'
[0.134s] Level 1:colcon.colcon_core.package_identification:_identify(docs) by extensions ['ignore', 'ignore_ament_install']
[0.134s] Level 1:colcon.colcon_core.package_identification:_identify(docs) by extension 'ignore'
[0.134s] Level 1:colcon.colcon_core.package_identification:_identify(docs) by extension 'ignore_ament_install'
[0.134s] Level 1:colcon.colcon_core.package_identification:_identify(docs) by extensions ['colcon_pkg']
[0.134s] Level 1:colcon.colcon_core.package_identification:_identify(docs) by extension 'colcon_pkg'
[0.134s] Level 1:colcon.colcon_core.package_identification:_identify(docs) by extensions ['colcon_meta']
[0.134s] Level 1:colcon.colcon_core.package_identification:_identify(docs) by extension 'colcon_meta'
[0.134s] Level 1:colcon.colcon_core.package_identification:_identify(docs) by extensions ['ros']
[0.134s] Level 1:colcon.colcon_core.package_identification:_identify(docs) by extension 'ros'
[0.134s] Level 1:colcon.colcon_core.package_identification:_identify(docs) by extensions ['cmake', 'python']
[0.134s] Level 1:colcon.colcon_core.package_identification:_identify(docs) by extension 'cmake'
[0.134s] Level 1:colcon.colcon_core.package_identification:_identify(docs) by extension 'python'
[0.134s] Level 1:colcon.colcon_core.package_identification:_identify(docs) by extensions ['python_setup_py']
[0.134s] Level 1:colcon.colcon_core.package_identification:_identify(docs) by extension 'python_setup_py'
[0.134s] Level 1:colcon.colcon_core.package_identification:_identify(docs/architecture) by extensions ['ignore', 'ignore_ament_install']
[0.134s] Level 1:colcon.colcon_core.package_identification:_identify(docs/architecture) by extension 'ignore'
[0.134s] Level 1:colcon.colcon_core.package_identification:_identify(docs/architecture) by extension 'ignore_ament_install'
[0.134s] Level 1:colcon.colcon_core.package_identification:_identify(docs/architecture) by extensions ['colcon_pkg']
[0.134s] Level 1:colcon.colcon_core.package_identification:_identify(docs/architecture) by extension 'colcon_pkg'
[0.134s] Level 1:colcon.colcon_core.package_identification:_identify(docs/architecture) by extensions ['colcon_meta']
[0.134s] Level 1:colcon.colcon_core.package_identification:_identify(docs/architecture) by extension 'colcon_meta'
[0.134s] Level 1:colcon.colcon_core.package_identification:_identify(docs/architecture) by extensions ['ros']
[0.134s] Level 1:colcon.colcon_core.package_identification:_identify(docs/architecture) by extension 'ros'
[0.134s] Level 1:colcon.colcon_core.package_identification:_identify(docs/architecture) by extensions ['cmake', 'python']
[0.134s] Level 1:colcon.colcon_core.package_identification:_identify(docs/architecture) by extension 'cmake'
[0.134s] Level 1:colcon.colcon_core.package_identification:_identify(docs/architecture) by extension 'python'
[0.134s] Level 1:colcon.colcon_core.package_identification:_identify(docs/architecture) by extensions ['python_setup_py']
[0.134s] Level 1:colcon.colcon_core.package_identification:_identify(docs/architecture) by extension 'python_setup_py'
[0.135s] Level 1:colcon.colcon_core.package_identification:_identify(docs/docking) by extensions ['ignore', 'ignore_ament_install']
[0.135s] Level 1:colcon.colcon_core.package_identification:_identify(docs/docking) by extension 'ignore'
[0.135s] Level 1:colcon.colcon_core.package_identification:_identify(docs/docking) by extension 'ignore_ament_install'
[0.135s] Level 1:colcon.colcon_core.package_identification:_identify(docs/docking) by extensions ['colcon_pkg']
[0.135s] Level 1:colcon.colcon_core.package_identification:_identify(docs/docking) by extension 'colcon_pkg'
[0.135s] Level 1:colcon.colcon_core.package_identification:_identify(docs/docking) by extensions ['colcon_meta']
[0.135s] Level 1:colcon.colcon_core.package_identification:_identify(docs/docking) by extension 'colcon_meta'
[0.135s] Level 1:colcon.colcon_core.package_identification:_identify(docs/docking) by extensions ['ros']
[0.135s] Level 1:colcon.colcon_core.package_identification:_identify(docs/docking) by extension 'ros'
[0.135s] Level 1:colcon.colcon_core.package_identification:_identify(docs/docking) by extensions ['cmake', 'python']
[0.135s] Level 1:colcon.colcon_core.package_identification:_identify(docs/docking) by extension 'cmake'
[0.135s] Level 1:colcon.colcon_core.package_identification:_identify(docs/docking) by extension 'python'
[0.135s] Level 1:colcon.colcon_core.package_identification:_identify(docs/docking) by extensions ['python_setup_py']
[0.135s] Level 1:colcon.colcon_core.package_identification:_identify(docs/docking) by extension 'python_setup_py'
[0.135s] Level 1:colcon.colcon_core.package_identification:_identify(docs/getting_started) by extensions ['ignore', 'ignore_ament_install']
[0.135s] Level 1:colcon.colcon_core.package_identification:_identify(docs/getting_started) by extension 'ignore'
[0.135s] Level 1:colcon.colcon_core.package_identification:_identify(docs/getting_started) by extension 'ignore_ament_install'
[0.135s] Level 1:colcon.colcon_core.package_identification:_identify(docs/getting_started) by extensions ['colcon_pkg']
[0.135s] Level 1:colcon.colcon_core.package_identification:_identify(docs/getting_started) by extension 'colcon_pkg'
[0.135s] Level 1:colcon.colcon_core.package_identification:_identify(docs/getting_started) by extensions ['colcon_meta']
[0.135s] Level 1:colcon.colcon_core.package_identification:_identify(docs/getting_started) by extension 'colcon_meta'
[0.135s] Level 1:colcon.colcon_core.package_identification:_identify(docs/getting_started) by extensions ['ros']
[0.135s] Level 1:colcon.colcon_core.package_identification:_identify(docs/getting_started) by extension 'ros'
[0.135s] Level 1:colcon.colcon_core.package_identification:_identify(docs/getting_started) by extensions ['cmake', 'python']
[0.135s] Level 1:colcon.colcon_core.package_identification:_identify(docs/getting_started) by extension 'cmake'
[0.135s] Level 1:colcon.colcon_core.package_identification:_identify(docs/getting_started) by extension 'python'
[0.135s] Level 1:colcon.colcon_core.package_identification:_identify(docs/getting_started) by extensions ['python_setup_py']
[0.135s] Level 1:colcon.colcon_core.package_identification:_identify(docs/getting_started) by extension 'python_setup_py'
[0.135s] Level 1:colcon.colcon_core.package_identification:_identify(docs/navigation) by extensions ['ignore', 'ignore_ament_install']
[0.135s] Level 1:colcon.colcon_core.package_identification:_identify(docs/navigation) by extension 'ignore'
[0.135s] Level 1:colcon.colcon_core.package_identification:_identify(docs/navigation) by extension 'ignore_ament_install'
[0.135s] Level 1:colcon.colcon_core.package_identification:_identify(docs/navigation) by extensions ['colcon_pkg']
[0.135s] Level 1:colcon.colcon_core.package_identification:_identify(docs/navigation) by extension 'colcon_pkg'
[0.135s] Level 1:colcon.colcon_core.package_identification:_identify(docs/navigation) by extensions ['colcon_meta']
[0.135s] Level 1:colcon.colcon_core.package_identification:_identify(docs/navigation) by extension 'colcon_meta'
[0.135s] Level 1:colcon.colcon_core.package_identification:_identify(docs/navigation) by extensions ['ros']
[0.135s] Level 1:colcon.colcon_core.package_identification:_identify(docs/navigation) by extension 'ros'
[0.136s] Level 1:colcon.colcon_core.package_identification:_identify(docs/navigation) by extensions ['cmake', 'python']
[0.136s] Level 1:colcon.colcon_core.package_identification:_identify(docs/navigation) by extension 'cmake'
[0.136s] Level 1:colcon.colcon_core.package_identification:_identify(docs/navigation) by extension 'python'
[0.136s] Level 1:colcon.colcon_core.package_identification:_identify(docs/navigation) by extensions ['python_setup_py']
[0.136s] Level 1:colcon.colcon_core.package_identification:_identify(docs/navigation) by extension 'python_setup_py'
[0.136s] Level 1:colcon.colcon_core.package_identification:_identify(docs/safety) by extensions ['ignore', 'ignore_ament_install']
[0.136s] Level 1:colcon.colcon_core.package_identification:_identify(docs/safety) by extension 'ignore'
[0.136s] Level 1:colcon.colcon_core.package_identification:_identify(docs/safety) by extension 'ignore_ament_install'
[0.136s] Level 1:colcon.colcon_core.package_identification:_identify(docs/safety) by extensions ['colcon_pkg']
[0.136s] Level 1:colcon.colcon_core.package_identification:_identify(docs/safety) by extension 'colcon_pkg'
[0.136s] Level 1:colcon.colcon_core.package_identification:_identify(docs/safety) by extensions ['colcon_meta']
[0.136s] Level 1:colcon.colcon_core.package_identification:_identify(docs/safety) by extension 'colcon_meta'
[0.136s] Level 1:colcon.colcon_core.package_identification:_identify(docs/safety) by extensions ['ros']
[0.136s] Level 1:colcon.colcon_core.package_identification:_identify(docs/safety) by extension 'ros'
[0.136s] Level 1:colcon.colcon_core.package_identification:_identify(docs/safety) by extensions ['cmake', 'python']
[0.136s] Level 1:colcon.colcon_core.package_identification:_identify(docs/safety) by extension 'cmake'
[0.136s] Level 1:colcon.colcon_core.package_identification:_identify(docs/safety) by extension 'python'
[0.136s] Level 1:colcon.colcon_core.package_identification:_identify(docs/safety) by extensions ['python_setup_py']
[0.136s] Level 1:colcon.colcon_core.package_identification:_identify(docs/safety) by extension 'python_setup_py'
[0.136s] Level 1:colcon.colcon_core.package_identification:_identify(docs/simulation) by extensions ['ignore', 'ignore_ament_install']
[0.136s] Level 1:colcon.colcon_core.package_identification:_identify(docs/simulation) by extension 'ignore'
[0.136s] Level 1:colcon.colcon_core.package_identification:_identify(docs/simulation) by extension 'ignore_ament_install'
[0.136s] Level 1:colcon.colcon_core.package_identification:_identify(docs/simulation) by extensions ['colcon_pkg']
[0.136s] Level 1:colcon.colcon_core.package_identification:_identify(docs/simulation) by extension 'colcon_pkg'
[0.136s] Level 1:colcon.colcon_core.package_identification:_identify(docs/simulation) by extensions ['colcon_meta']
[0.136s] Level 1:colcon.colcon_core.package_identification:_identify(docs/simulation) by extension 'colcon_meta'
[0.136s] Level 1:colcon.colcon_core.package_identification:_identify(docs/simulation) by extensions ['ros']
[0.136s] Level 1:colcon.colcon_core.package_identification:_identify(docs/simulation) by extension 'ros'
[0.136s] Level 1:colcon.colcon_core.package_identification:_identify(docs/simulation) by extensions ['cmake', 'python']
[0.136s] Level 1:colcon.colcon_core.package_identification:_identify(docs/simulation) by extension 'cmake'
[0.136s] Level 1:colcon.colcon_core.package_identification:_identify(docs/simulation) by extension 'python'
[0.136s] Level 1:colcon.colcon_core.package_identification:_identify(docs/simulation) by extensions ['python_setup_py']
[0.136s] Level 1:colcon.colcon_core.package_identification:_identify(docs/simulation) by extension 'python_setup_py'
[0.136s] Level 1:colcon.colcon_core.package_identification:_identify(install) by extensions ['ignore', 'ignore_ament_install']
[0.136s] Level 1:colcon.colcon_core.package_identification:_identify(install) by extension 'ignore'
[0.136s] Level 1:colcon.colcon_core.package_identification:_identify(install) ignored
[0.137s] Level 1:colcon.colcon_core.package_identification:_identify(log) by extensions ['ignore', 'ignore_ament_install']
[0.137s] Level 1:colcon.colcon_core.package_identification:_identify(log) by extension 'ignore'
[0.137s] Level 1:colcon.colcon_core.package_identification:_identify(log) ignored
[0.137s] Level 1:colcon.colcon_core.package_identification:_identify(ros2) by extensions ['ignore', 'ignore_ament_install']
[0.137s] Level 1:colcon.colcon_core.package_identification:_identify(ros2) by extension 'ignore'
[0.137s] Level 1:colcon.colcon_core.package_identification:_identify(ros2) by extension 'ignore_ament_install'
[0.137s] Level 1:colcon.colcon_core.package_identification:_identify(ros2) by extensions ['colcon_pkg']
[0.137s] Level 1:colcon.colcon_core.package_identification:_identify(ros2) by extension 'colcon_pkg'
[0.137s] Level 1:colcon.colcon_core.package_identification:_identify(ros2) by extensions ['colcon_meta']
[0.137s] Level 1:colcon.colcon_core.package_identification:_identify(ros2) by extension 'colcon_meta'
[0.137s] Level 1:colcon.colcon_core.package_identification:_identify(ros2) by extensions ['ros']
[0.137s] Level 1:colcon.colcon_core.package_identification:_identify(ros2) by extension 'ros'
[0.137s] Level 1:colcon.colcon_core.package_identification:_identify(ros2) by extensions ['cmake', 'python']
[0.137s] Level 1:colcon.colcon_core.package_identification:_identify(ros2) by extension 'cmake'
[0.137s] Level 1:colcon.colcon_core.package_identification:_identify(ros2) by extension 'python'
[0.137s] Level 1:colcon.colcon_core.package_identification:_identify(ros2) by extensions ['python_setup_py']
[0.137s] Level 1:colcon.colcon_core.package_identification:_identify(ros2) by extension 'python_setup_py'
[0.137s] Level 1:colcon.colcon_core.package_identification:_identify(ros2/src) by extensions ['ignore', 'ignore_ament_install']
[0.137s] Level 1:colcon.colcon_core.package_identification:_identify(ros2/src) by extension 'ignore'
[0.137s] Level 1:colcon.colcon_core.package_identification:_identify(ros2/src) by extension 'ignore_ament_install'
[0.137s] Level 1:colcon.colcon_core.package_identification:_identify(ros2/src) by extensions ['colcon_pkg']
[0.137s] Level 1:colcon.colcon_core.package_identification:_identify(ros2/src) by extension 'colcon_pkg'
[0.137s] Level 1:colcon.colcon_core.package_identification:_identify(ros2/src) by extensions ['colcon_meta']
[0.137s] Level 1:colcon.colcon_core.package_identification:_identify(ros2/src) by extension 'colcon_meta'
[0.137s] Level 1:colcon.colcon_core.package_identification:_identify(ros2/src) by extensions ['ros']
[0.137s] Level 1:colcon.colcon_core.package_identification:_identify(ros2/src) by extension 'ros'
[0.137s] Level 1:colcon.colcon_core.package_identification:_identify(ros2/src) by extensions ['cmake', 'python']
[0.137s] Level 1:colcon.colcon_core.package_identification:_identify(ros2/src) by extension 'cmake'
[0.137s] Level 1:colcon.colcon_core.package_identification:_identify(ros2/src) by extension 'python'
[0.137s] Level 1:colcon.colcon_core.package_identification:_identify(ros2/src) by extensions ['python_setup_py']
[0.137s] Level 1:colcon.colcon_core.package_identification:_identify(ros2/src) by extension 'python_setup_py'
[0.137s] Level 1:colcon.colcon_core.package_identification:_identify(ros2/src/openamrobot_description) by extensions ['ignore', 'ignore_ament_install']
[0.137s] Level 1:colcon.colcon_core.package_identification:_identify(ros2/src/openamrobot_description) by extension 'ignore'
[0.137s] Level 1:colcon.colcon_core.package_identification:_identify(ros2/src/openamrobot_description) by extension 'ignore_ament_install'
[0.138s] Level 1:colcon.colcon_core.package_identification:_identify(ros2/src/openamrobot_description) by extensions ['colcon_pkg']
[0.138s] Level 1:colcon.colcon_core.package_identification:_identify(ros2/src/openamrobot_description) by extension 'colcon_pkg'
[0.138s] Level 1:colcon.colcon_core.package_identification:_identify(ros2/src/openamrobot_description) by extensions ['colcon_meta']
[0.138s] Level 1:colcon.colcon_core.package_identification:_identify(ros2/src/openamrobot_description) by extension 'colcon_meta'
[0.138s] Level 1:colcon.colcon_core.package_identification:_identify(ros2/src/openamrobot_description) by extensions ['ros']
[0.138s] Level 1:colcon.colcon_core.package_identification:_identify(ros2/src/openamrobot_description) by extension 'ros'
[0.139s] DEBUG:colcon.colcon_core.package_identification:Package 'ros2/src/openamrobot_description' with type 'ros.ament_python' and name 'openamrobot_description'
[0.139s] Level 1:colcon.colcon_core.package_identification:_identify(ros2/src/openamrobot_docking) by extensions ['ignore', 'ignore_ament_install']
[0.139s] Level 1:colcon.colcon_core.package_identification:_identify(ros2/src/openamrobot_docking) by extension 'ignore'
[0.139s] Level 1:colcon.colcon_core.package_identification:_identify(ros2/src/openamrobot_docking) by extension 'ignore_ament_install'
[0.140s] Level 1:colcon.colcon_core.package_identification:_identify(ros2/src/openamrobot_docking) by extensions ['colcon_pkg']
[0.140s] Level 1:colcon.colcon_core.package_identification:_identify(ros2/src/openamrobot_docking) by extension 'colcon_pkg'
[0.140s] Level 1:colcon.colcon_core.package_identification:_identify(ros2/src/openamrobot_docking) by extensions ['colcon_meta']
[0.140s] Level 1:colcon.colcon_core.package_identification:_identify(ros2/src/openamrobot_docking) by extension 'colcon_meta'
[0.140s] Level 1:colcon.colcon_core.package_identification:_identify(ros2/src/openamrobot_docking) by extensions ['ros']
[0.140s] Level 1:colcon.colcon_core.package_identification:_identify(ros2/src/openamrobot_docking) by extension 'ros'
[0.140s] DEBUG:colcon.colcon_core.package_identification:Package 'ros2/src/openamrobot_docking' with type 'ros.ament_cmake' and name 'openamrobot_docking'
[0.140s] Level 1:colcon.colcon_core.package_identification:_identify(ros2/src/openamrobot_gazebo) by extensions ['ignore', 'ignore_ament_install']
[0.140s] Level 1:colcon.colcon_core.package_identification:_identify(ros2/src/openamrobot_gazebo) by extension 'ignore'
[0.140s] Level 1:colcon.colcon_core.package_identification:_identify(ros2/src/openamrobot_gazebo) by extension 'ignore_ament_install'
[0.140s] Level 1:colcon.colcon_core.package_identification:_identify(ros2/src/openamrobot_gazebo) by extensions ['colcon_pkg']
[0.140s] Level 1:colcon.colcon_core.package_identification:_identify(ros2/src/openamrobot_gazebo) by extension 'colcon_pkg'
[0.140s] Level 1:colcon.colcon_core.package_identification:_identify(ros2/src/openamrobot_gazebo) by extensions ['colcon_meta']
[0.140s] Level 1:colcon.colcon_core.package_identification:_identify(ros2/src/openamrobot_gazebo) by extension 'colcon_meta'
[0.140s] Level 1:colcon.colcon_core.package_identification:_identify(ros2/src/openamrobot_gazebo) by extensions ['ros']
[0.141s] Level 1:colcon.colcon_core.package_identification:_identify(ros2/src/openamrobot_gazebo) by extension 'ros'
[0.141s] DEBUG:colcon.colcon_core.package_identification:Package 'ros2/src/openamrobot_gazebo' with type 'ros.ament_python' and name 'openamrobot_gazebo'
[0.141s] Level 1:colcon.colcon_core.package_identification:_identify(ros2/src/openamrobot_nav2) by extensions ['ignore', 'ignore_ament_install']
[0.141s] Level 1:colcon.colcon_core.package_identification:_identify(ros2/src/openamrobot_nav2) by extension 'ignore'
[0.141s] Level 1:colcon.colcon_core.package_identification:_identify(ros2/src/openamrobot_nav2) by extension 'ignore_ament_install'
[0.141s] Level 1:colcon.colcon_core.package_identification:_identify(ros2/src/openamrobot_nav2) by extensions ['colcon_pkg']
[0.141s] Level 1:colcon.colcon_core.package_identification:_identify(ros2/src/openamrobot_nav2) by extension 'colcon_pkg'
[0.141s] Level 1:colcon.colcon_core.package_identification:_identify(ros2/src/openamrobot_nav2) by extensions ['colcon_meta']
[0.141s] Level 1:colcon.colcon_core.package_identification:_identify(ros2/src/openamrobot_nav2) by extension 'colcon_meta'
[0.141s] Level 1:colcon.colcon_core.package_identification:_identify(ros2/src/openamrobot_nav2) by extensions ['ros']
[0.141s] Level 1:colcon.colcon_core.package_identification:_identify(ros2/src/openamrobot_nav2) by extension 'ros'
[0.142s] DEBUG:colcon.colcon_core.package_identification:Package 'ros2/src/openamrobot_nav2' with type 'ros.ament_python' and name 'openamrobot_nav2'
[0.142s] Level 1:colcon.colcon_core.package_identification:_identify(scripts) by extensions ['ignore', 'ignore_ament_install']
[0.142s] Level 1:colcon.colcon_core.package_identification:_identify(scripts) by extension 'ignore'
[0.142s] Level 1:colcon.colcon_core.package_identification:_identify(scripts) by extension 'ignore_ament_install'
[0.142s] Level 1:colcon.colcon_core.package_identification:_identify(scripts) by extensions ['colcon_pkg']
[0.142s] Level 1:colcon.colcon_core.package_identification:_identify(scripts) by extension 'colcon_pkg'
[0.142s] Level 1:colcon.colcon_core.package_identification:_identify(scripts) by extensions ['colcon_meta']
[0.142s] Level 1:colcon.colcon_core.package_identification:_identify(scripts) by extension 'colcon_meta'
[0.142s] Level 1:colcon.colcon_core.package_identification:_identify(scripts) by extensions ['ros']
[0.142s] Level 1:colcon.colcon_core.package_identification:_identify(scripts) by extension 'ros'
[0.142s] Level 1:colcon.colcon_core.package_identification:_identify(scripts) by extensions ['cmake', 'python']
[0.142s] Level 1:colcon.colcon_core.package_identification:_identify(scripts) by extension 'cmake'
[0.142s] Level 1:colcon.colcon_core.package_identification:_identify(scripts) by extension 'python'
[0.142s] Level 1:colcon.colcon_core.package_identification:_identify(scripts) by extensions ['python_setup_py']
[0.142s] Level 1:colcon.colcon_core.package_identification:_identify(scripts) by extension 'python_setup_py'
[0.142s] Level 1:colcon.colcon_core.package_identification:_identify(simulation) by extensions ['ignore', 'ignore_ament_install']
[0.142s] Level 1:colcon.colcon_core.package_identification:_identify(simulation) by extension 'ignore'
[0.142s] Level 1:colcon.colcon_core.package_identification:_identify(simulation) by extension 'ignore_ament_install'
[0.142s] Level 1:colcon.colcon_core.package_identification:_identify(simulation) by extensions ['colcon_pkg']
[0.142s] Level 1:colcon.colcon_core.package_identification:_identify(simulation) by extension 'colcon_pkg'
[0.142s] Level 1:colcon.colcon_core.package_identification:_identify(simulation) by extensions ['colcon_meta']
[0.142s] Level 1:colcon.colcon_core.package_identification:_identify(simulation) by extension 'colcon_meta'
[0.142s] Level 1:colcon.colcon_core.package_identification:_identify(simulation) by extensions ['ros']
[0.142s] Level 1:colcon.colcon_core.package_identification:_identify(simulation) by extension 'ros'
[0.142s] Level 1:colcon.colcon_core.package_identification:_identify(simulation) by extensions ['cmake', 'python']
[0.142s] Level 1:colcon.colcon_core.package_identification:_identify(simulation) by extension 'cmake'
[0.142s] Level 1:colcon.colcon_core.package_identification:_identify(simulation) by extension 'python'
[0.142s] Level 1:colcon.colcon_core.package_identification:_identify(simulation) by extensions ['python_setup_py']
[0.142s] Level 1:colcon.colcon_core.package_identification:_identify(simulation) by extension 'python_setup_py'
[0.142s] Level 1:colcon.colcon_core.package_identification:_identify(simulation/models) by extensions ['ignore', 'ignore_ament_install']
[0.143s] Level 1:colcon.colcon_core.package_identification:_identify(simulation/models) by extension 'ignore'
[0.143s] Level 1:colcon.colcon_core.package_identification:_identify(simulation/models) by extension 'ignore_ament_install'
[0.143s] Level 1:colcon.colcon_core.package_identification:_identify(simulation/models) by extensions ['colcon_pkg']
[0.143s] Level 1:colcon.colcon_core.package_identification:_identify(simulation/models) by extension 'colcon_pkg'
[0.143s] Level 1:colcon.colcon_core.package_identification:_identify(simulation/models) by extensions ['colcon_meta']
[0.143s] Level 1:colcon.colcon_core.package_identification:_identify(simulation/models) by extension 'colcon_meta'
[0.143s] Level 1:colcon.colcon_core.package_identification:_identify(simulation/models) by extensions ['ros']
[0.143s] Level 1:colcon.colcon_core.package_identification:_identify(simulation/models) by extension 'ros'
[0.143s] Level 1:colcon.colcon_core.package_identification:_identify(simulation/models) by extensions ['cmake', 'python']
[0.143s] Level 1:colcon.colcon_core.package_identification:_identify(simulation/models) by extension 'cmake'
[0.143s] Level 1:colcon.colcon_core.package_identification:_identify(simulation/models) by extension 'python'
[0.143s] Level 1:colcon.colcon_core.package_identification:_identify(simulation/models) by extensions ['python_setup_py']
[0.143s] Level 1:colcon.colcon_core.package_identification:_identify(simulation/models) by extension 'python_setup_py'
[0.143s] Level 1:colcon.colcon_core.package_identification:_identify(simulation/scenarios) by extensions ['ignore', 'ignore_ament_install']
[0.143s] Level 1:colcon.colcon_core.package_identification:_identify(simulation/scenarios) by extension 'ignore'
[0.143s] Level 1:colcon.colcon_core.package_identification:_identify(simulation/scenarios) by extension 'ignore_ament_install'
[0.143s] Level 1:colcon.colcon_core.package_identification:_identify(simulation/scenarios) by extensions ['colcon_pkg']
[0.143s] Level 1:colcon.colcon_core.package_identification:_identify(simulation/scenarios) by extension 'colcon_pkg'
[0.143s] Level 1:colcon.colcon_core.package_identification:_identify(simulation/scenarios) by extensions ['colcon_meta']
[0.143s] Level 1:colcon.colcon_core.package_identification:_identify(simulation/scenarios) by extension 'colcon_meta'
[0.143s] Level 1:colcon.colcon_core.package_identification:_identify(simulation/scenarios) by extensions ['ros']
[0.143s] Level 1:colcon.colcon_core.package_identification:_identify(simulation/scenarios) by extension 'ros'
[0.143s] Level 1:colcon.colcon_core.package_identification:_identify(simulation/scenarios) by extensions ['cmake', 'python']
[0.143s] Level 1:colcon.colcon_core.package_identification:_identify(simulation/scenarios) by extension 'cmake'
[0.143s] Level 1:colcon.colcon_core.package_identification:_identify(simulation/scenarios) by extension 'python'
[0.143s] Level 1:colcon.colcon_core.package_identification:_identify(simulation/scenarios) by extensions ['python_setup_py']
[0.143s] Level 1:colcon.colcon_core.package_identification:_identify(simulation/scenarios) by extension 'python_setup_py'
[0.143s] Level 1:colcon.colcon_core.package_identification:_identify(simulation/worlds) by extensions ['ignore', 'ignore_ament_install']
[0.143s] Level 1:colcon.colcon_core.package_identification:_identify(simulation/worlds) by extension 'ignore'
[0.143s] Level 1:colcon.colcon_core.package_identification:_identify(simulation/worlds) by extension 'ignore_ament_install'
[0.143s] Level 1:colcon.colcon_core.package_identification:_identify(simulation/worlds) by extensions ['colcon_pkg']
[0.143s] Level 1:colcon.colcon_core.package_identification:_identify(simulation/worlds) by extension 'colcon_pkg'
[0.143s] Level 1:colcon.colcon_core.package_identification:_identify(simulation/worlds) by extensions ['colcon_meta']
[0.143s] Level 1:colcon.colcon_core.package_identification:_identify(simulation/worlds) by extension 'colcon_meta'
[0.143s] Level 1:colcon.colcon_core.package_identification:_identify(simulation/worlds) by extensions ['ros']
[0.143s] Level 1:colcon.colcon_core.package_identification:_identify(simulation/worlds) by extension 'ros'
[0.143s] Level 1:colcon.colcon_core.package_identification:_identify(simulation/worlds) by extensions ['cmake', 'python']
[0.143s] Level 1:colcon.colcon_core.package_identification:_identify(simulation/worlds) by extension 'cmake'
[0.144s] Level 1:colcon.colcon_core.package_identification:_identify(simulation/worlds) by extension 'python'
[0.144s] Level 1:colcon.colcon_core.package_identification:_identify(simulation/worlds) by extensions ['python_setup_py']
[0.144s] Level 1:colcon.colcon_core.package_identification:_identify(simulation/worlds) by extension 'python_setup_py'
[0.144s] Level 1:colcon.colcon_core.package_identification:_identify(tools) by extensions ['ignore', 'ignore_ament_install']
[0.144s] Level 1:colcon.colcon_core.package_identification:_identify(tools) by extension 'ignore'
[0.144s] Level 1:colcon.colcon_core.package_identification:_identify(tools) by extension 'ignore_ament_install'
[0.144s] Level 1:colcon.colcon_core.package_identification:_identify(tools) by extensions ['colcon_pkg']
[0.144s] Level 1:colcon.colcon_core.package_identification:_identify(tools) by extension 'colcon_pkg'
[0.144s] Level 1:colcon.colcon_core.package_identification:_identify(tools) by extensions ['colcon_meta']
[0.144s] Level 1:colcon.colcon_core.package_identification:_identify(tools) by extension 'colcon_meta'
[0.144s] Level 1:colcon.colcon_core.package_identification:_identify(tools) by extensions ['ros']
[0.144s] Level 1:colcon.colcon_core.package_identification:_identify(tools) by extension 'ros'
[0.144s] Level 1:colcon.colcon_core.package_identification:_identify(tools) by extensions ['cmake', 'python']
[0.144s] Level 1:colcon.colcon_core.package_identification:_identify(tools) by extension 'cmake'
[0.144s] Level 1:colcon.colcon_core.package_identification:_identify(tools) by extension 'python'
[0.144s] Level 1:colcon.colcon_core.package_identification:_identify(tools) by extensions ['python_setup_py']
[0.144s] Level 1:colcon.colcon_core.package_identification:_identify(tools) by extension 'python_setup_py'
[0.144s] Level 1:colcon.colcon_core.package_discovery:discover_packages(recursive) using defaults
[0.144s] Level 1:colcon.colcon_core.package_discovery:discover_packages(ignore) discover
[0.144s] Level 1:colcon.colcon_core.package_discovery:discover_packages(ignore) using defaults
[0.144s] Level 1:colcon.colcon_core.package_discovery:discover_packages(path) discover
[0.144s] Level 1:colcon.colcon_core.package_discovery:discover_packages(path) using defaults
[0.157s] Level 1:colcon.colcon_core.package_discovery:discover_packages(prefix_path) check parameters
[0.157s] Level 1:colcon.colcon_core.package_discovery:discover_packages(prefix_path) discover
[0.159s] DEBUG:colcon.colcon_installed_package_information.package_discovery:Found 4 installed packages in /home/raj/openamr-platform-sw/install
[0.161s] DEBUG:colcon.colcon_installed_package_information.package_discovery:Found 517 installed packages in /opt/ros/jazzy
[0.162s] Level 1:colcon.colcon_core.package_discovery:discover_packages(prefix_path) using defaults
[0.215s] Level 5:colcon.colcon_core.verb:set package 'openamrobot_description' build argument 'cmake_args' from command line to 'None'
[0.215s] Level 5:colcon.colcon_core.verb:set package 'openamrobot_description' build argument 'cmake_target' from command line to 'None'
[0.215s] Level 5:colcon.colcon_core.verb:set package 'openamrobot_description' build argument 'cmake_target_skip_unavailable' from command line to 'False'
[0.215s] Level 5:colcon.colcon_core.verb:set package 'openamrobot_description' build argument 'cmake_clean_cache' from command line to 'False'
[0.215s] Level 5:colcon.colcon_core.verb:set package 'openamrobot_description' build argument 'cmake_clean_first' from command line to 'False'
[0.215s] Level 5:colcon.colcon_core.verb:set package 'openamrobot_description' build argument 'cmake_force_configure' from command line to 'False'
[0.215s] Level 5:colcon.colcon_core.verb:set package 'openamrobot_description' build argument 'ament_cmake_args' from command line to 'None'
[0.215s] Level 5:colcon.colcon_core.verb:set package 'openamrobot_description' build argument 'catkin_cmake_args' from command line to 'None'
[0.215s] Level 5:colcon.colcon_core.verb:set package 'openamrobot_description' build argument 'catkin_skip_building_tests' from command line to 'False'
[0.215s] DEBUG:colcon.colcon_core.verb:Building package 'openamrobot_description' with the following arguments: {'ament_cmake_args': None, 'build_base': '/home/raj/openamr-platform-sw/build/openamrobot_description', 'catkin_cmake_args': None, 'catkin_skip_building_tests': False, 'cmake_args': None, 'cmake_clean_cache': False, 'cmake_clean_first': False, 'cmake_force_configure': False, 'cmake_target': None, 'cmake_target_skip_unavailable': False, 'install_base': '/home/raj/openamr-platform-sw/install/openamrobot_description', 'merge_install': False, 'path': '/home/raj/openamr-platform-sw/ros2/src/openamrobot_description', 'symlink_install': False, 'test_result_base': None}
[0.215s] Level 5:colcon.colcon_core.verb:set package 'openamrobot_docking' build argument 'cmake_args' from command line to 'None'
[0.215s] Level 5:colcon.colcon_core.verb:set package 'openamrobot_docking' build argument 'cmake_target' from command line to 'None'
[0.215s] Level 5:colcon.colcon_core.verb:set package 'openamrobot_docking' build argument 'cmake_target_skip_unavailable' from command line to 'False'
[0.215s] Level 5:colcon.colcon_core.verb:set package 'openamrobot_docking' build argument 'cmake_clean_cache' from command line to 'False'
[0.215s] Level 5:colcon.colcon_core.verb:set package 'openamrobot_docking' build argument 'cmake_clean_first' from command line to 'False'
[0.215s] Level 5:colcon.colcon_core.verb:set package 'openamrobot_docking' build argument 'cmake_force_configure' from command line to 'False'
[0.215s] Level 5:colcon.colcon_core.verb:set package 'openamrobot_docking' build argument 'ament_cmake_args' from command line to 'None'
[0.215s] Level 5:colcon.colcon_core.verb:set package 'openamrobot_docking' build argument 'catkin_cmake_args' from command line to 'None'
[0.215s] Level 5:colcon.colcon_core.verb:set package 'openamrobot_docking' build argument 'catkin_skip_building_tests' from command line to 'False'
[0.216s] DEBUG:colcon.colcon_core.verb:Building package 'openamrobot_docking' with the following arguments: {'ament_cmake_args': None, 'build_base': '/home/raj/openamr-platform-sw/build/openamrobot_docking', 'catkin_cmake_args': None, 'catkin_skip_building_tests': False, 'cmake_args': None, 'cmake_clean_cache': False, 'cmake_clean_first': False, 'cmake_force_configure': False, 'cmake_target': None, 'cmake_target_skip_unavailable': False, 'install_base': '/home/raj/openamr-platform-sw/install/openamrobot_docking', 'merge_install': False, 'path': '/home/raj/openamr-platform-sw/ros2/src/openamrobot_docking', 'symlink_install': False, 'test_result_base': None}
[0.216s] Level 5:colcon.colcon_core.verb:set package 'openamrobot_nav2' build argument 'cmake_args' from command line to 'None'
[0.216s] Level 5:colcon.colcon_core.verb:set package 'openamrobot_nav2' build argument 'cmake_target' from command line to 'None'
[0.216s] Level 5:colcon.colcon_core.verb:set package 'openamrobot_nav2' build argument 'cmake_target_skip_unavailable' from command line to 'False'
[0.216s] Level 5:colcon.colcon_core.verb:set package 'openamrobot_nav2' build argument 'cmake_clean_cache' from command line to 'False'
[0.216s] Level 5:colcon.colcon_core.verb:set package 'openamrobot_nav2' build argument 'cmake_clean_first' from command line to 'False'
[0.216s] Level 5:colcon.colcon_core.verb:set package 'openamrobot_nav2' build argument 'cmake_force_configure' from command line to 'False'
[0.216s] Level 5:colcon.colcon_core.verb:set package 'openamrobot_nav2' build argument 'ament_cmake_args' from command line to 'None'
[0.216s] Level 5:colcon.colcon_core.verb:set package 'openamrobot_nav2' build argument 'catkin_cmake_args' from command line to 'None'
[0.216s] Level 5:colcon.colcon_core.verb:set package 'openamrobot_nav2' build argument 'catkin_skip_building_tests' from command line to 'False'
[0.216s] DEBUG:colcon.colcon_core.verb:Building package 'openamrobot_nav2' with the following arguments: {'ament_cmake_args': None, 'build_base': '/home/raj/openamr-platform-sw/build/openamrobot_nav2', 'catkin_cmake_args': None, 'catkin_skip_building_tests': False, 'cmake_args': None, 'cmake_clean_cache': False, 'cmake_clean_first': False, 'cmake_force_configure': False, 'cmake_target': None, 'cmake_target_skip_unavailable': False, 'install_base': '/home/raj/openamr-platform-sw/install/openamrobot_nav2', 'merge_install': False, 'path': '/home/raj/openamr-platform-sw/ros2/src/openamrobot_nav2', 'symlink_install': False, 'test_result_base': None}
[0.216s] Level 5:colcon.colcon_core.verb:set package 'openamrobot_gazebo' build argument 'cmake_args' from command line to 'None'
[0.216s] Level 5:colcon.colcon_core.verb:set package 'openamrobot_gazebo' build argument 'cmake_target' from command line to 'None'
[0.216s] Level 5:colcon.colcon_core.verb:set package 'openamrobot_gazebo' build argument 'cmake_target_skip_unavailable' from command line to 'False'
[0.216s] Level 5:colcon.colcon_core.verb:set package 'openamrobot_gazebo' build argument 'cmake_clean_cache' from command line to 'False'
[0.216s] Level 5:colcon.colcon_core.verb:set package 'openamrobot_gazebo' build argument 'cmake_clean_first' from command line to 'False'
[0.216s] Level 5:colcon.colcon_core.verb:set package 'openamrobot_gazebo' build argument 'cmake_force_configure' from command line to 'False'
[0.216s] Level 5:colcon.colcon_core.verb:set package 'openamrobot_gazebo' build argument 'ament_cmake_args' from command line to 'None'
[0.216s] Level 5:colcon.colcon_core.verb:set package 'openamrobot_gazebo' build argument 'catkin_cmake_args' from command line to 'None'
[0.216s] Level 5:colcon.colcon_core.verb:set package 'openamrobot_gazebo' build argument 'catkin_skip_building_tests' from command line to 'False'
[0.216s] DEBUG:colcon.colcon_core.verb:Building package 'openamrobot_gazebo' with the following arguments: {'ament_cmake_args': None, 'build_base': '/home/raj/openamr-platform-sw/build/openamrobot_gazebo', 'catkin_cmake_args': None, 'catkin_skip_building_tests': False, 'cmake_args': None, 'cmake_clean_cache': False, 'cmake_clean_first': False, 'cmake_force_configure': False, 'cmake_target': None, 'cmake_target_skip_unavailable': False, 'install_base': '/home/raj/openamr-platform-sw/install/openamrobot_gazebo', 'merge_install': False, 'path': '/home/raj/openamr-platform-sw/ros2/src/openamrobot_gazebo', 'symlink_install': False, 'test_result_base': None}
[0.216s] INFO:colcon.colcon_core.executor:Executing jobs using 'parallel' executor
[0.217s] DEBUG:colcon.colcon_parallel_executor.executor.parallel:run_until_complete
[0.217s] INFO:colcon.colcon_ros.task.ament_python.build:Building ROS package in '/home/raj/openamr-platform-sw/ros2/src/openamrobot_description' with build type 'ament_python'
[0.217s] Level 1:colcon.colcon_core.shell:create_environment_hook('openamrobot_description', 'ament_prefix_path')
[0.219s] INFO:colcon.colcon_core.plugin_system:Skipping extension 'colcon_core.shell.bat': Not used on non-Windows systems
[0.219s] INFO:colcon.colcon_core.shell:Creating environment hook '/home/raj/openamr-platform-sw/install/openamrobot_description/share/openamrobot_description/hook/ament_prefix_path.ps1'
[0.219s] INFO:colcon.colcon_core.shell:Creating environment descriptor '/home/raj/openamr-platform-sw/install/openamrobot_description/share/openamrobot_description/hook/ament_prefix_path.dsv'
[0.220s] INFO:colcon.colcon_core.shell:Creating environment hook '/home/raj/openamr-platform-sw/install/openamrobot_description/share/openamrobot_description/hook/ament_prefix_path.sh'
[0.220s] INFO:colcon.colcon_core.shell:Skip shell extension 'powershell' for command environment: Not usable outside of PowerShell
[0.220s] DEBUG:colcon.colcon_core.shell:Skip shell extension 'dsv' for command environment
[0.224s] INFO:colcon.colcon_ros.task.ament_cmake.build:Building ROS package in '/home/raj/openamr-platform-sw/ros2/src/openamrobot_docking' with build type 'ament_cmake'
[0.224s] INFO:colcon.colcon_cmake.task.cmake.build:Building CMake package in '/home/raj/openamr-platform-sw/ros2/src/openamrobot_docking'
[0.224s] INFO:colcon.colcon_core.shell:Skip shell extension 'powershell' for command environment: Not usable outside of PowerShell
[0.224s] DEBUG:colcon.colcon_core.shell:Skip shell extension 'dsv' for command environment
[0.227s] INFO:colcon.colcon_ros.task.ament_python.build:Building ROS package in '/home/raj/openamr-platform-sw/ros2/src/openamrobot_nav2' with build type 'ament_python'
[0.227s] Level 1:colcon.colcon_core.shell:create_environment_hook('openamrobot_nav2', 'ament_prefix_path')
[0.228s] INFO:colcon.colcon_core.shell:Creating environment hook '/home/raj/openamr-platform-sw/install/openamrobot_nav2/share/openamrobot_nav2/hook/ament_prefix_path.ps1'
[0.228s] INFO:colcon.colcon_core.shell:Creating environment descriptor '/home/raj/openamr-platform-sw/install/openamrobot_nav2/share/openamrobot_nav2/hook/ament_prefix_path.dsv'
[0.228s] INFO:colcon.colcon_core.shell:Creating environment hook '/home/raj/openamr-platform-sw/install/openamrobot_nav2/share/openamrobot_nav2/hook/ament_prefix_path.sh'
[0.229s] INFO:colcon.colcon_core.shell:Skip shell extension 'powershell' for command environment: Not usable outside of PowerShell
[0.229s] DEBUG:colcon.colcon_core.shell:Skip shell extension 'dsv' for command environment
[0.410s] INFO:colcon.colcon_core.task.python.build:Building Python package in '/home/raj/openamr-platform-sw/ros2/src/openamrobot_description'
[0.410s] INFO:colcon.colcon_core.shell:Skip shell extension 'powershell' for command environment: Not usable outside of PowerShell
[0.410s] DEBUG:colcon.colcon_core.shell:Skip shell extension 'dsv' for command environment
[0.417s] DEBUG:colcon.colcon_core.event_handler.log_command:Invoking command in '/home/raj/openamr-platform-sw/build/openamrobot_docking': CMAKE_PREFIX_PATH=${CMAKE_PREFIX_PATH}:/home/raj/openamr-platform-sw/install/openamrobot_nav2:/home/raj/openamr-platform-sw/install/openamrobot_gazebo:/home/raj/openamr-platform-sw/install/openamrobot_description:/opt/ros/jazzy DEBUGINFOD_URLS=https://debuginfod.ubuntu.com /usr/bin/cmake --build /home/raj/openamr-platform-sw/build/openamrobot_docking -- -j32 -l32
[0.590s] INFO:colcon.colcon_core.task.python.build:Building Python package in '/home/raj/openamr-platform-sw/ros2/src/openamrobot_nav2'
[0.590s] INFO:colcon.colcon_core.shell:Skip shell extension 'powershell' for command environment: Not usable outside of PowerShell
[0.590s] DEBUG:colcon.colcon_core.shell:Skip shell extension 'dsv' for command environment
[0.596s] DEBUG:colcon.colcon_core.event_handler.log_command:Invoked command in '/home/raj/openamr-platform-sw/build/openamrobot_docking' returned '0': CMAKE_PREFIX_PATH=${CMAKE_PREFIX_PATH}:/home/raj/openamr-platform-sw/install/openamrobot_nav2:/home/raj/openamr-platform-sw/install/openamrobot_gazebo:/home/raj/openamr-platform-sw/install/openamrobot_description:/opt/ros/jazzy DEBUGINFOD_URLS=https://debuginfod.ubuntu.com /usr/bin/cmake --build /home/raj/openamr-platform-sw/build/openamrobot_docking -- -j32 -l32
[0.605s] DEBUG:colcon.colcon_core.event_handler.log_command:Invoking command in '/home/raj/openamr-platform-sw/build/openamrobot_docking': CMAKE_PREFIX_PATH=${CMAKE_PREFIX_PATH}:/home/raj/openamr-platform-sw/install/openamrobot_nav2:/home/raj/openamr-platform-sw/install/openamrobot_gazebo:/home/raj/openamr-platform-sw/install/openamrobot_description:/opt/ros/jazzy DEBUGINFOD_URLS=https://debuginfod.ubuntu.com /usr/bin/cmake --install /home/raj/openamr-platform-sw/build/openamrobot_docking
[0.615s] Level 1:colcon.colcon_core.environment:create_environment_scripts_only(openamrobot_docking)
[0.615s] DEBUG:colcon.colcon_core.event_handler.log_command:Invoked command in '/home/raj/openamr-platform-sw/build/openamrobot_docking' returned '0': CMAKE_PREFIX_PATH=${CMAKE_PREFIX_PATH}:/home/raj/openamr-platform-sw/install/openamrobot_nav2:/home/raj/openamr-platform-sw/install/openamrobot_gazebo:/home/raj/openamr-platform-sw/install/openamrobot_description:/opt/ros/jazzy DEBUGINFOD_URLS=https://debuginfod.ubuntu.com /usr/bin/cmake --install /home/raj/openamr-platform-sw/build/openamrobot_docking
[0.617s] Level 1:colcon.colcon_core.environment:checking '/home/raj/openamr-platform-sw/install/openamrobot_docking' for CMake module files
[0.617s] Level 1:colcon.colcon_core.environment:checking '/home/raj/openamr-platform-sw/install/openamrobot_docking' for CMake config files
[0.617s] Level 1:colcon.colcon_core.shell:create_environment_hook('openamrobot_docking', 'cmake_prefix_path')
[0.618s] INFO:colcon.colcon_core.shell:Creating environment hook '/home/raj/openamr-platform-sw/install/openamrobot_docking/share/openamrobot_docking/hook/cmake_prefix_path.ps1'
[0.618s] INFO:colcon.colcon_core.shell:Creating environment descriptor '/home/raj/openamr-platform-sw/install/openamrobot_docking/share/openamrobot_docking/hook/cmake_prefix_path.dsv'
[0.618s] INFO:colcon.colcon_core.shell:Creating environment hook '/home/raj/openamr-platform-sw/install/openamrobot_docking/share/openamrobot_docking/hook/cmake_prefix_path.sh'
[0.619s] Level 1:colcon.colcon_core.environment:checking '/home/raj/openamr-platform-sw/install/openamrobot_docking/lib'
[0.619s] Level 1:colcon.colcon_core.environment:checking '/home/raj/openamr-platform-sw/install/openamrobot_docking/bin'
[0.619s] Level 1:colcon.colcon_core.environment:checking '/home/raj/openamr-platform-sw/install/openamrobot_docking/lib/pkgconfig/openamrobot_docking.pc'
[0.619s] Level 1:colcon.colcon_core.environment:checking '/home/raj/openamr-platform-sw/install/openamrobot_docking/lib/python3.12/site-packages'
[0.619s] Level 1:colcon.colcon_core.environment:checking '/home/raj/openamr-platform-sw/install/openamrobot_docking/bin'
[0.619s] INFO:colcon.colcon_core.shell:Creating package script '/home/raj/openamr-platform-sw/install/openamrobot_docking/share/openamrobot_docking/package.ps1'
[0.620s] INFO:colcon.colcon_core.shell:Creating package descriptor '/home/raj/openamr-platform-sw/install/openamrobot_docking/share/openamrobot_docking/package.dsv'
[0.620s] INFO:colcon.colcon_core.shell:Creating package script '/home/raj/openamr-platform-sw/install/openamrobot_docking/share/openamrobot_docking/package.sh'
[0.621s] INFO:colcon.colcon_core.shell:Creating package script '/home/raj/openamr-platform-sw/install/openamrobot_docking/share/openamrobot_docking/package.bash'
[0.621s] INFO:colcon.colcon_core.shell:Creating package script '/home/raj/openamr-platform-sw/install/openamrobot_docking/share/openamrobot_docking/package.zsh'
[0.622s] Level 1:colcon.colcon_core.environment:create_file_with_runtime_dependencies(/home/raj/openamr-platform-sw/install/openamrobot_docking/share/colcon-core/packages/openamrobot_docking)
[0.622s] Level 1:colcon.colcon_core.environment:create_environment_scripts_only(openamrobot_docking)
[0.622s] Level 1:colcon.colcon_core.environment:checking '/home/raj/openamr-platform-sw/install/openamrobot_docking' for CMake module files
[0.622s] Level 1:colcon.colcon_core.environment:checking '/home/raj/openamr-platform-sw/install/openamrobot_docking' for CMake config files
[0.623s] Level 1:colcon.colcon_core.shell:create_environment_hook('openamrobot_docking', 'cmake_prefix_path')
[0.623s] INFO:colcon.colcon_core.shell:Creating environment hook '/home/raj/openamr-platform-sw/install/openamrobot_docking/share/openamrobot_docking/hook/cmake_prefix_path.ps1'
[0.623s] INFO:colcon.colcon_core.shell:Creating environment descriptor '/home/raj/openamr-platform-sw/install/openamrobot_docking/share/openamrobot_docking/hook/cmake_prefix_path.dsv'
[0.623s] INFO:colcon.colcon_core.shell:Creating environment hook '/home/raj/openamr-platform-sw/install/openamrobot_docking/share/openamrobot_docking/hook/cmake_prefix_path.sh'
[0.624s] Level 1:colcon.colcon_core.environment:checking '/home/raj/openamr-platform-sw/install/openamrobot_docking/lib'
[0.624s] Level 1:colcon.colcon_core.environment:checking '/home/raj/openamr-platform-sw/install/openamrobot_docking/bin'
[0.624s] Level 1:colcon.colcon_core.environment:checking '/home/raj/openamr-platform-sw/install/openamrobot_docking/lib/pkgconfig/openamrobot_docking.pc'
[0.624s] Level 1:colcon.colcon_core.environment:checking '/home/raj/openamr-platform-sw/install/openamrobot_docking/lib/python3.12/site-packages'
[0.624s] Level 1:colcon.colcon_core.environment:checking '/home/raj/openamr-platform-sw/install/openamrobot_docking/bin'
[0.624s] INFO:colcon.colcon_core.shell:Creating package script '/home/raj/openamr-platform-sw/install/openamrobot_docking/share/openamrobot_docking/package.ps1'
[0.625s] INFO:colcon.colcon_core.shell:Creating package descriptor '/home/raj/openamr-platform-sw/install/openamrobot_docking/share/openamrobot_docking/package.dsv'
[0.625s] INFO:colcon.colcon_core.shell:Creating package script '/home/raj/openamr-platform-sw/install/openamrobot_docking/share/openamrobot_docking/package.sh'
[0.626s] INFO:colcon.colcon_core.shell:Creating package script '/home/raj/openamr-platform-sw/install/openamrobot_docking/share/openamrobot_docking/package.bash'
[0.626s] INFO:colcon.colcon_core.shell:Creating package script '/home/raj/openamr-platform-sw/install/openamrobot_docking/share/openamrobot_docking/package.zsh'
[0.626s] Level 1:colcon.colcon_core.environment:create_file_with_runtime_dependencies(/home/raj/openamr-platform-sw/install/openamrobot_docking/share/colcon-core/packages/openamrobot_docking)
[0.964s] DEBUG:colcon.colcon_core.event_handler.log_command:Invoking command in '/home/raj/openamr-platform-sw/ros2/src/openamrobot_description': DEBUGINFOD_URLS=https://debuginfod.ubuntu.com PYTHONPATH=/home/raj/openamr-platform-sw/build/openamrobot_description/prefix_override:/usr/lib/python3/dist-packages/colcon_core/task/python/colcon_distutils_commands:/home/raj/openamr-platform-sw/install/openamrobot_description/lib/python3.12/site-packages:${PYTHONPATH} /usr/bin/python3 -W ignore:setup.py install is deprecated -W ignore:easy_install command is deprecated setup.py egg_info --egg-base ../../../build/openamrobot_description build --build-base /home/raj/openamr-platform-sw/build/openamrobot_description/build install --record /home/raj/openamr-platform-sw/build/openamrobot_description/install.log --single-version-externally-managed install_data
[0.975s] DEBUG:colcon.colcon_core.event_handler.log_command:Invoking command in '/home/raj/openamr-platform-sw/ros2/src/openamrobot_nav2': DEBUGINFOD_URLS=https://debuginfod.ubuntu.com PYTHONPATH=/home/raj/openamr-platform-sw/build/openamrobot_nav2/prefix_override:/usr/lib/python3/dist-packages/colcon_core/task/python/colcon_distutils_commands:/home/raj/openamr-platform-sw/install/openamrobot_nav2/lib/python3.12/site-packages:${PYTHONPATH} /usr/bin/python3 -W ignore:setup.py install is deprecated -W ignore:easy_install command is deprecated setup.py egg_info --egg-base ../../../build/openamrobot_nav2 build --build-base /home/raj/openamr-platform-sw/build/openamrobot_nav2/build install --record /home/raj/openamr-platform-sw/build/openamrobot_nav2/install.log --single-version-externally-managed install_data
[1.292s] Level 1:colcon.colcon_core.environment:checking '/home/raj/openamr-platform-sw/install/openamrobot_description' for CMake module files
[1.293s] DEBUG:colcon.colcon_core.event_handler.log_command:Invoked command in '/home/raj/openamr-platform-sw/ros2/src/openamrobot_description' returned '0': DEBUGINFOD_URLS=https://debuginfod.ubuntu.com PYTHONPATH=/home/raj/openamr-platform-sw/build/openamrobot_description/prefix_override:/usr/lib/python3/dist-packages/colcon_core/task/python/colcon_distutils_commands:/home/raj/openamr-platform-sw/install/openamrobot_description/lib/python3.12/site-packages:${PYTHONPATH} /usr/bin/python3 -W ignore:setup.py install is deprecated -W ignore:easy_install command is deprecated setup.py egg_info --egg-base ../../../build/openamrobot_description build --build-base /home/raj/openamr-platform-sw/build/openamrobot_description/build install --record /home/raj/openamr-platform-sw/build/openamrobot_description/install.log --single-version-externally-managed install_data
[1.293s] Level 1:colcon.colcon_core.environment:checking '/home/raj/openamr-platform-sw/install/openamrobot_description' for CMake config files
[1.293s] Level 1:colcon.colcon_core.environment:checking '/home/raj/openamr-platform-sw/install/openamrobot_description/lib'
[1.293s] Level 1:colcon.colcon_core.environment:checking '/home/raj/openamr-platform-sw/install/openamrobot_description/bin'
[1.293s] Level 1:colcon.colcon_core.environment:checking '/home/raj/openamr-platform-sw/install/openamrobot_description/lib/pkgconfig/openamrobot_description.pc'
[1.294s] Level 1:colcon.colcon_core.environment:checking '/home/raj/openamr-platform-sw/install/openamrobot_description/lib/python3.12/site-packages'
[1.294s] Level 1:colcon.colcon_core.shell:create_environment_hook('openamrobot_description', 'pythonpath')
[1.294s] INFO:colcon.colcon_core.shell:Creating environment hook '/home/raj/openamr-platform-sw/install/openamrobot_description/share/openamrobot_description/hook/pythonpath.ps1'
[1.294s] INFO:colcon.colcon_core.shell:Creating environment descriptor '/home/raj/openamr-platform-sw/install/openamrobot_description/share/openamrobot_description/hook/pythonpath.dsv'
[1.294s] INFO:colcon.colcon_core.shell:Creating environment hook '/home/raj/openamr-platform-sw/install/openamrobot_description/share/openamrobot_description/hook/pythonpath.sh'
[1.295s] Level 1:colcon.colcon_core.environment:checking '/home/raj/openamr-platform-sw/install/openamrobot_description/bin'
[1.295s] Level 1:colcon.colcon_core.environment:create_environment_scripts_only(openamrobot_description)
[1.295s] INFO:colcon.colcon_core.shell:Creating package script '/home/raj/openamr-platform-sw/install/openamrobot_description/share/openamrobot_description/package.ps1'
[1.295s] INFO:colcon.colcon_core.shell:Creating package descriptor '/home/raj/openamr-platform-sw/install/openamrobot_description/share/openamrobot_description/package.dsv'
[1.295s] INFO:colcon.colcon_core.shell:Creating package script '/home/raj/openamr-platform-sw/install/openamrobot_description/share/openamrobot_description/package.sh'
[1.295s] INFO:colcon.colcon_core.shell:Creating package script '/home/raj/openamr-platform-sw/install/openamrobot_description/share/openamrobot_description/package.bash'
[1.296s] INFO:colcon.colcon_core.shell:Creating package script '/home/raj/openamr-platform-sw/install/openamrobot_description/share/openamrobot_description/package.zsh'
[1.296s] Level 1:colcon.colcon_core.environment:create_file_with_runtime_dependencies(/home/raj/openamr-platform-sw/install/openamrobot_description/share/colcon-core/packages/openamrobot_description)
[1.296s] INFO:colcon.colcon_ros.task.ament_python.build:Building ROS package in '/home/raj/openamr-platform-sw/ros2/src/openamrobot_gazebo' with build type 'ament_python'
[1.296s] Level 1:colcon.colcon_core.shell:create_environment_hook('openamrobot_gazebo', 'ament_prefix_path')
[1.296s] INFO:colcon.colcon_core.shell:Creating environment hook '/home/raj/openamr-platform-sw/install/openamrobot_gazebo/share/openamrobot_gazebo/hook/ament_prefix_path.ps1'
[1.296s] INFO:colcon.colcon_core.shell:Creating environment descriptor '/home/raj/openamr-platform-sw/install/openamrobot_gazebo/share/openamrobot_gazebo/hook/ament_prefix_path.dsv'
[1.297s] INFO:colcon.colcon_core.shell:Creating environment hook '/home/raj/openamr-platform-sw/install/openamrobot_gazebo/share/openamrobot_gazebo/hook/ament_prefix_path.sh'
[1.297s] INFO:colcon.colcon_core.shell:Skip shell extension 'powershell' for command environment: Not usable outside of PowerShell
[1.297s] DEBUG:colcon.colcon_core.shell:Skip shell extension 'dsv' for command environment
[1.300s] Level 1:colcon.colcon_core.environment:checking '/home/raj/openamr-platform-sw/install/openamrobot_nav2' for CMake module files
[1.300s] DEBUG:colcon.colcon_core.event_handler.log_command:Invoked command in '/home/raj/openamr-platform-sw/ros2/src/openamrobot_nav2' returned '0': DEBUGINFOD_URLS=https://debuginfod.ubuntu.com PYTHONPATH=/home/raj/openamr-platform-sw/build/openamrobot_nav2/prefix_override:/usr/lib/python3/dist-packages/colcon_core/task/python/colcon_distutils_commands:/home/raj/openamr-platform-sw/install/openamrobot_nav2/lib/python3.12/site-packages:${PYTHONPATH} /usr/bin/python3 -W ignore:setup.py install is deprecated -W ignore:easy_install command is deprecated setup.py egg_info --egg-base ../../../build/openamrobot_nav2 build --build-base /home/raj/openamr-platform-sw/build/openamrobot_nav2/build install --record /home/raj/openamr-platform-sw/build/openamrobot_nav2/install.log --single-version-externally-managed install_data
[1.300s] Level 1:colcon.colcon_core.environment:checking '/home/raj/openamr-platform-sw/install/openamrobot_nav2' for CMake config files
[1.301s] Level 1:colcon.colcon_core.environment:checking '/home/raj/openamr-platform-sw/install/openamrobot_nav2/lib'
[1.301s] Level 1:colcon.colcon_core.environment:checking '/home/raj/openamr-platform-sw/install/openamrobot_nav2/bin'
[1.301s] Level 1:colcon.colcon_core.environment:checking '/home/raj/openamr-platform-sw/install/openamrobot_nav2/lib/pkgconfig/openamrobot_nav2.pc'
[1.301s] Level 1:colcon.colcon_core.environment:checking '/home/raj/openamr-platform-sw/install/openamrobot_nav2/lib/python3.12/site-packages'
[1.301s] Level 1:colcon.colcon_core.shell:create_environment_hook('openamrobot_nav2', 'pythonpath')
[1.301s] INFO:colcon.colcon_core.shell:Creating environment hook '/home/raj/openamr-platform-sw/install/openamrobot_nav2/share/openamrobot_nav2/hook/pythonpath.ps1'
[1.301s] INFO:colcon.colcon_core.shell:Creating environment descriptor '/home/raj/openamr-platform-sw/install/openamrobot_nav2/share/openamrobot_nav2/hook/pythonpath.dsv'
[1.301s] INFO:colcon.colcon_core.shell:Creating environment hook '/home/raj/openamr-platform-sw/install/openamrobot_nav2/share/openamrobot_nav2/hook/pythonpath.sh'
[1.302s] Level 1:colcon.colcon_core.environment:checking '/home/raj/openamr-platform-sw/install/openamrobot_nav2/bin'
[1.302s] Level 1:colcon.colcon_core.environment:create_environment_scripts_only(openamrobot_nav2)
[1.302s] INFO:colcon.colcon_core.shell:Creating package script '/home/raj/openamr-platform-sw/install/openamrobot_nav2/share/openamrobot_nav2/package.ps1'
[1.302s] INFO:colcon.colcon_core.shell:Creating package descriptor '/home/raj/openamr-platform-sw/install/openamrobot_nav2/share/openamrobot_nav2/package.dsv'
[1.302s] INFO:colcon.colcon_core.shell:Creating package script '/home/raj/openamr-platform-sw/install/openamrobot_nav2/share/openamrobot_nav2/package.sh'
[1.302s] INFO:colcon.colcon_core.shell:Creating package script '/home/raj/openamr-platform-sw/install/openamrobot_nav2/share/openamrobot_nav2/package.bash'
[1.303s] INFO:colcon.colcon_core.shell:Creating package script '/home/raj/openamr-platform-sw/install/openamrobot_nav2/share/openamrobot_nav2/package.zsh'
[1.303s] Level 1:colcon.colcon_core.environment:create_file_with_runtime_dependencies(/home/raj/openamr-platform-sw/install/openamrobot_nav2/share/colcon-core/packages/openamrobot_nav2)
[1.425s] INFO:colcon.colcon_core.task.python.build:Building Python package in '/home/raj/openamr-platform-sw/ros2/src/openamrobot_gazebo'
[1.425s] INFO:colcon.colcon_core.shell:Skip shell extension 'powershell' for command environment: Not usable outside of PowerShell
[1.425s] DEBUG:colcon.colcon_core.shell:Skip shell extension 'dsv' for command environment
[1.769s] DEBUG:colcon.colcon_core.event_handler.log_command:Invoking command in '/home/raj/openamr-platform-sw/ros2/src/openamrobot_gazebo': AMENT_PREFIX_PATH=/home/raj/openamr-platform-sw/install/openamrobot_description:/home/raj/openamr-platform-sw/install/openamrobot_nav2:/home/raj/openamr-platform-sw/install/openamrobot_gazebo:/home/raj/openamr-platform-sw/install/openamrobot_docking:/opt/ros/jazzy DEBUGINFOD_URLS=https://debuginfod.ubuntu.com PYTHONPATH=/home/raj/openamr-platform-sw/build/openamrobot_gazebo/prefix_override:/usr/lib/python3/dist-packages/colcon_core/task/python/colcon_distutils_commands:/home/raj/openamr-platform-sw/install/openamrobot_gazebo/lib/python3.12/site-packages:/home/raj/openamr-platform-sw/install/openamrobot_description/lib/python3.12/site-packages:/home/raj/openamr-platform-sw/install/openamrobot_nav2/lib/python3.12/site-packages:/home/raj/openamr-platform-sw/install/openamrobot_gazebo/lib/python3.12/site-packages:/opt/ros/jazzy/lib/python3.12/site-packages /usr/bin/python3 -W ignore:setup.py install is deprecated -W ignore:easy_install command is deprecated setup.py egg_info --egg-base ../../../build/openamrobot_gazebo build --build-base /home/raj/openamr-platform-sw/build/openamrobot_gazebo/build install --record /home/raj/openamr-platform-sw/build/openamrobot_gazebo/install.log --single-version-externally-managed install_data
[2.086s] Level 1:colcon.colcon_core.environment:checking '/home/raj/openamr-platform-sw/install/openamrobot_gazebo' for CMake module files
[2.086s] DEBUG:colcon.colcon_core.event_handler.log_command:Invoked command in '/home/raj/openamr-platform-sw/ros2/src/openamrobot_gazebo' returned '0': AMENT_PREFIX_PATH=/home/raj/openamr-platform-sw/install/openamrobot_description:/home/raj/openamr-platform-sw/install/openamrobot_nav2:/home/raj/openamr-platform-sw/install/openamrobot_gazebo:/home/raj/openamr-platform-sw/install/openamrobot_docking:/opt/ros/jazzy DEBUGINFOD_URLS=https://debuginfod.ubuntu.com PYTHONPATH=/home/raj/openamr-platform-sw/build/openamrobot_gazebo/prefix_override:/usr/lib/python3/dist-packages/colcon_core/task/python/colcon_distutils_commands:/home/raj/openamr-platform-sw/install/openamrobot_gazebo/lib/python3.12/site-packages:/home/raj/openamr-platform-sw/install/openamrobot_description/lib/python3.12/site-packages:/home/raj/openamr-platform-sw/install/openamrobot_nav2/lib/python3.12/site-packages:/home/raj/openamr-platform-sw/install/openamrobot_gazebo/lib/python3.12/site-packages:/opt/ros/jazzy/lib/python3.12/site-packages /usr/bin/python3 -W ignore:setup.py install is deprecated -W ignore:easy_install command is deprecated setup.py egg_info --egg-base ../../../build/openamrobot_gazebo build --build-base /home/raj/openamr-platform-sw/build/openamrobot_gazebo/build install --record /home/raj/openamr-platform-sw/build/openamrobot_gazebo/install.log --single-version-externally-managed install_data
[2.086s] Level 1:colcon.colcon_core.environment:checking '/home/raj/openamr-platform-sw/install/openamrobot_gazebo' for CMake config files
[2.087s] Level 1:colcon.colcon_core.environment:checking '/home/raj/openamr-platform-sw/install/openamrobot_gazebo/lib'
[2.087s] Level 1:colcon.colcon_core.environment:checking '/home/raj/openamr-platform-sw/install/openamrobot_gazebo/bin'
[2.087s] Level 1:colcon.colcon_core.environment:checking '/home/raj/openamr-platform-sw/install/openamrobot_gazebo/lib/pkgconfig/openamrobot_gazebo.pc'
[2.087s] Level 1:colcon.colcon_core.environment:checking '/home/raj/openamr-platform-sw/install/openamrobot_gazebo/lib/python3.12/site-packages'
[2.087s] Level 1:colcon.colcon_core.shell:create_environment_hook('openamrobot_gazebo', 'pythonpath')
[2.087s] INFO:colcon.colcon_core.shell:Creating environment hook '/home/raj/openamr-platform-sw/install/openamrobot_gazebo/share/openamrobot_gazebo/hook/pythonpath.ps1'
[2.087s] INFO:colcon.colcon_core.shell:Creating environment descriptor '/home/raj/openamr-platform-sw/install/openamrobot_gazebo/share/openamrobot_gazebo/hook/pythonpath.dsv'
[2.087s] INFO:colcon.colcon_core.shell:Creating environment hook '/home/raj/openamr-platform-sw/install/openamrobot_gazebo/share/openamrobot_gazebo/hook/pythonpath.sh'
[2.088s] Level 1:colcon.colcon_core.environment:checking '/home/raj/openamr-platform-sw/install/openamrobot_gazebo/bin'
[2.088s] Level 1:colcon.colcon_core.environment:create_environment_scripts_only(openamrobot_gazebo)
[2.088s] INFO:colcon.colcon_core.shell:Creating package script '/home/raj/openamr-platform-sw/install/openamrobot_gazebo/share/openamrobot_gazebo/package.ps1'
[2.088s] INFO:colcon.colcon_core.shell:Creating package descriptor '/home/raj/openamr-platform-sw/install/openamrobot_gazebo/share/openamrobot_gazebo/package.dsv'
[2.088s] INFO:colcon.colcon_core.shell:Creating package script '/home/raj/openamr-platform-sw/install/openamrobot_gazebo/share/openamrobot_gazebo/package.sh'
[2.089s] INFO:colcon.colcon_core.shell:Creating package script '/home/raj/openamr-platform-sw/install/openamrobot_gazebo/share/openamrobot_gazebo/package.bash'
[2.089s] INFO:colcon.colcon_core.shell:Creating package script '/home/raj/openamr-platform-sw/install/openamrobot_gazebo/share/openamrobot_gazebo/package.zsh'
[2.089s] Level 1:colcon.colcon_core.environment:create_file_with_runtime_dependencies(/home/raj/openamr-platform-sw/install/openamrobot_gazebo/share/colcon-core/packages/openamrobot_gazebo)
[2.089s] DEBUG:colcon.colcon_parallel_executor.executor.parallel:closing loop
[2.089s] DEBUG:colcon.colcon_parallel_executor.executor.parallel:loop closed
[2.089s] DEBUG:colcon.colcon_parallel_executor.executor.parallel:run_until_complete finished with '0'
[2.089s] DEBUG:colcon.colcon_core.event_reactor:joining thread
[2.092s] INFO:colcon.colcon_core.plugin_system:Skipping extension 'colcon_notification.desktop_notification.terminal_notifier': Not used on non-Darwin systems
[2.093s] INFO:colcon.colcon_core.plugin_system:Skipping extension 'colcon_notification.desktop_notification.win32': Not used on non-Windows systems
[2.093s] INFO:colcon.colcon_notification.desktop_notification:Sending desktop notification using 'notify2'
[2.109s] DEBUG:colcon.colcon_core.event_reactor:joined thread
[2.109s] INFO:colcon.colcon_core.shell:Creating prefix script '/home/raj/openamr-platform-sw/install/local_setup.ps1'
[2.110s] INFO:colcon.colcon_core.shell:Creating prefix util module '/home/raj/openamr-platform-sw/install/_local_setup_util_ps1.py'
[2.110s] INFO:colcon.colcon_core.shell:Creating prefix chain script '/home/raj/openamr-platform-sw/install/setup.ps1'
[2.111s] INFO:colcon.colcon_core.shell:Creating prefix script '/home/raj/openamr-platform-sw/install/local_setup.sh'
[2.111s] INFO:colcon.colcon_core.shell:Creating prefix util module '/home/raj/openamr-platform-sw/install/_local_setup_util_sh.py'
[2.111s] INFO:colcon.colcon_core.shell:Creating prefix chain script '/home/raj/openamr-platform-sw/install/setup.sh'
[2.112s] INFO:colcon.colcon_core.shell:Creating prefix script '/home/raj/openamr-platform-sw/install/local_setup.bash'
[2.112s] INFO:colcon.colcon_core.shell:Creating prefix chain script '/home/raj/openamr-platform-sw/install/setup.bash'
[2.113s] INFO:colcon.colcon_core.shell:Creating prefix script '/home/raj/openamr-platform-sw/install/local_setup.zsh'
[2.113s] INFO:colcon.colcon_core.shell:Creating prefix chain script '/home/raj/openamr-platform-sw/install/setup.zsh'
