[0.081s] DEBUG:colcon:Command line arguments: ['/usr/bin/colcon', 'build']
[0.081s] DEBUG:colcon:Parsed command line arguments: Namespace(log_base=None, log_level=None, verb_name='build', build_base='build', install_base='install', merge_install=False, symlink_install=False, test_result_base=None, continue_on_error=False, executor='parallel', parallel_workers=32, event_handlers=None, ignore_user_meta=False, metas=['./colcon.meta'], base_paths=['.'], packages_ignore=None, packages_ignore_regex=None, paths=None, packages_up_to=None, packages_up_to_regex=None, packages_above=None, packages_above_and_dependencies=None, packages_above_depth=None, packages_select_by_dep=None, packages_skip_by_dep=None, packages_skip_up_to=None, packages_select_build_failed=False, packages_skip_build_finished=False, packages_select_test_failures=False, packages_skip_test_passed=False, packages_select=None, packages_skip=None, packages_select_regex=None, packages_skip_regex=None, packages_start=None, packages_end=None, allow_overriding=[], cmake_args=None, cmake_target=None, cmake_target_skip_unavailable=False, cmake_clean_cache=False, cmake_clean_first=False, cmake_force_configure=False, ament_cmake_args=None, catkin_cmake_args=None, catkin_skip_building_tests=False, mixin_files=None, mixin=None, verb_parser=<colcon_mixin.mixin.mixin_argument.MixinArgumentDecorator object at 0x715b21789400>, verb_extension=<colcon_core.verb.build.BuildVerb object at 0x715b21789040>, main=<bound method BuildVerb.main of <colcon_core.verb.build.BuildVerb object at 0x715b21789040>>, mixin_verb=('build',))
[0.111s] Level 1:colcon.colcon_core.package_discovery:discover_packages(colcon_meta) check parameters
[0.111s] Level 1:colcon.colcon_core.package_discovery:discover_packages(recursive) check parameters
[0.111s] Level 1:colcon.colcon_core.package_discovery:discover_packages(ignore) check parameters
[0.111s] Level 1:colcon.colcon_core.package_discovery:discover_packages(path) check parameters
[0.111s] Level 1:colcon.colcon_core.package_discovery:discover_packages(colcon_meta) discover
[0.112s] Level 1:colcon.colcon_core.package_discovery:discover_packages(recursive) discover
[0.112s] INFO:colcon.colcon_core.package_discovery:Crawling recursively for packages in '/home/raj/openamr-platform-sw'
[0.112s] Level 1:colcon.colcon_core.package_identification:_identify(.) by extensions ['ignore', 'ignore_ament_install']
[0.112s] Level 1:colcon.colcon_core.package_identification:_identify(.) by extension 'ignore'
[0.112s] Level 1:colcon.colcon_core.package_identification:_identify(.) by extension 'ignore_ament_install'
[0.112s] Level 1:colcon.colcon_core.package_identification:_identify(.) by extensions ['colcon_pkg']
[0.112s] Level 1:colcon.colcon_core.package_identification:_identify(.) by extension 'colcon_pkg'
[0.112s] Level 1:colcon.colcon_core.package_identification:_identify(.) by extensions ['colcon_meta']
[0.112s] Level 1:colcon.colcon_core.package_identification:_identify(.) by extension 'colcon_meta'
[0.112s] Level 1:colcon.colcon_core.package_identification:_identify(.) by extensions ['ros']
[0.112s] Level 1:colcon.colcon_core.package_identification:_identify(.) by extension 'ros'
[0.130s] Level 1:colcon.colcon_core.package_identification:_identify(.) by extensions ['cmake', 'python']
[0.130s] Level 1:colcon.colcon_core.package_identification:_identify(.) by extension 'cmake'
[0.130s] Level 1:colcon.colcon_core.package_identification:_identify(.) by extension 'python'
[0.130s] Level 1:colcon.colcon_core.package_identification:_identify(.) by extensions ['python_setup_py']
[0.130s] Level 1:colcon.colcon_core.package_identification:_identify(.) by extension 'python_setup_py'
[0.130s] Level 1:colcon.colcon_core.package_identification:_identify(build) by extensions ['ignore', 'ignore_ament_install']
[0.130s] Level 1:colcon.colcon_core.package_identification:_identify(build) by extension 'ignore'
[0.131s] Level 1:colcon.colcon_core.package_identification:_identify(build) ignored
[0.131s] Level 1:colcon.colcon_core.package_identification:_identify(config) by extensions ['ignore', 'ignore_ament_install']
[0.131s] Level 1:colcon.colcon_core.package_identification:_identify(config) by extension 'ignore'
[0.131s] Level 1:colcon.colcon_core.package_identification:_identify(config) by extension 'ignore_ament_install'
[0.131s] Level 1:colcon.colcon_core.package_identification:_identify(config) by extensions ['colcon_pkg']
[0.131s] Level 1:colcon.colcon_core.package_identification:_identify(config) by extension 'colcon_pkg'
[0.131s] Level 1:colcon.colcon_core.package_identification:_identify(config) by extensions ['colcon_meta']
[0.131s] Level 1:colcon.colcon_core.package_identification:_identify(config) by extension 'colcon_meta'
[0.131s] Level 1:colcon.colcon_core.package_identification:_identify(config) by extensions ['ros']
[0.131s] Level 1:colcon.colcon_core.package_identification:_identify(config) by extension 'ros'
[0.131s] Level 1:colcon.colcon_core.package_identification:_identify(config) by extensions ['cmake', 'python']
[0.131s] Level 1:colcon.colcon_core.package_identification:_identify(config) by extension 'cmake'
[0.131s] Level 1:colcon.colcon_core.package_identification:_identify(config) by extension 'python'
[0.131s] Level 1:colcon.colcon_core.package_identification:_identify(config) by extensions ['python_setup_py']
[0.131s] Level 1:colcon.colcon_core.package_identification:_identify(config) by extension 'python_setup_py'
[0.131s] Level 1:colcon.colcon_core.package_identification:_identify(config/docking) by extensions ['ignore', 'ignore_ament_install']
[0.131s] Level 1:colcon.colcon_core.package_identification:_identify(config/docking) by extension 'ignore'
[0.131s] Level 1:colcon.colcon_core.package_identification:_identify(config/docking) by extension 'ignore_ament_install'
[0.131s] Level 1:colcon.colcon_core.package_identification:_identify(config/docking) by extensions ['colcon_pkg']
[0.131s] Level 1:colcon.colcon_core.package_identification:_identify(config/docking) by extension 'colcon_pkg'
[0.131s] Level 1:colcon.colcon_core.package_identification:_identify(config/docking) by extensions ['colcon_meta']
[0.131s] Level 1:colcon.colcon_core.package_identification:_identify(config/docking) by extension 'colcon_meta'
[0.131s] Level 1:colcon.colcon_core.package_identification:_identify(config/docking) by extensions ['ros']
[0.131s] Level 1:colcon.colcon_core.package_identification:_identify(config/docking) by extension 'ros'
[0.131s] Level 1:colcon.colcon_core.package_identification:_identify(config/docking) by extensions ['cmake', 'python']
[0.131s] Level 1:colcon.colcon_core.package_identification:_identify(config/docking) by extension 'cmake'
[0.131s] Level 1:colcon.colcon_core.package_identification:_identify(config/docking) by extension 'python'
[0.131s] Level 1:colcon.colcon_core.package_identification:_identify(config/docking) by extensions ['python_setup_py']
[0.131s] Level 1:colcon.colcon_core.package_identification:_identify(config/docking) by extension 'python_setup_py'
[0.131s] Level 1:colcon.colcon_core.package_identification:_identify(config/nav2) by extensions ['ignore', 'ignore_ament_install']
[0.131s] Level 1:colcon.colcon_core.package_identification:_identify(config/nav2) by extension 'ignore'
[0.132s] Level 1:colcon.colcon_core.package_identification:_identify(config/nav2) by extension 'ignore_ament_install'
[0.132s] Level 1:colcon.colcon_core.package_identification:_identify(config/nav2) by extensions ['colcon_pkg']
[0.132s] Level 1:colcon.colcon_core.package_identification:_identify(config/nav2) by extension 'colcon_pkg'
[0.132s] Level 1:colcon.colcon_core.package_identification:_identify(config/nav2) by extensions ['colcon_meta']
[0.132s] Level 1:colcon.colcon_core.package_identification:_identify(config/nav2) by extension 'colcon_meta'
[0.132s] Level 1:colcon.colcon_core.package_identification:_identify(config/nav2) by extensions ['ros']
[0.132s] Level 1:colcon.colcon_core.package_identification:_identify(config/nav2) by extension 'ros'
[0.132s] Level 1:colcon.colcon_core.package_identification:_identify(config/nav2) by extensions ['cmake', 'python']
[0.132s] Level 1:colcon.colcon_core.package_identification:_identify(config/nav2) by extension 'cmake'
[0.132s] Level 1:colcon.colcon_core.package_identification:_identify(config/nav2) by extension 'python'
[0.132s] Level 1:colcon.colcon_core.package_identification:_identify(config/nav2) by extensions ['python_setup_py']
[0.132s] Level 1:colcon.colcon_core.package_identification:_identify(config/nav2) by extension 'python_setup_py'
[0.132s] Level 1:colcon.colcon_core.package_identification:_identify(config/robot) by extensions ['ignore', 'ignore_ament_install']
[0.132s] Level 1:colcon.colcon_core.package_identification:_identify(config/robot) by extension 'ignore'
[0.132s] Level 1:colcon.colcon_core.package_identification:_identify(config/robot) by extension 'ignore_ament_install'
[0.132s] Level 1:colcon.colcon_core.package_identification:_identify(config/robot) by extensions ['colcon_pkg']
[0.132s] Level 1:colcon.colcon_core.package_identification:_identify(config/robot) by extension 'colcon_pkg'
[0.132s] Level 1:colcon.colcon_core.package_identification:_identify(config/robot) by extensions ['colcon_meta']
[0.132s] Level 1:colcon.colcon_core.package_identification:_identify(config/robot) by extension 'colcon_meta'
[0.132s] Level 1:colcon.colcon_core.package_identification:_identify(config/robot) by extensions ['ros']
[0.132s] Level 1:colcon.colcon_core.package_identification:_identify(config/robot) by extension 'ros'
[0.132s] Level 1:colcon.colcon_core.package_identification:_identify(config/robot) by extensions ['cmake', 'python']
[0.132s] Level 1:colcon.colcon_core.package_identification:_identify(config/robot) by extension 'cmake'
[0.132s] Level 1:colcon.colcon_core.package_identification:_identify(config/robot) by extension 'python'
[0.132s] Level 1:colcon.colcon_core.package_identification:_identify(config/robot) by extensions ['python_setup_py']
[0.132s] Level 1:colcon.colcon_core.package_identification:_identify(config/robot) by extension 'python_setup_py'
[0.132s] Level 1:colcon.colcon_core.package_identification:_identify(config/simulation) by extensions ['ignore', 'ignore_ament_install']
[0.132s] Level 1:colcon.colcon_core.package_identification:_identify(config/simulation) by extension 'ignore'
[0.132s] Level 1:colcon.colcon_core.package_identification:_identify(config/simulation) by extension 'ignore_ament_install'
[0.132s] Level 1:colcon.colcon_core.package_identification:_identify(config/simulation) by extensions ['colcon_pkg']
[0.132s] Level 1:colcon.colcon_core.package_identification:_identify(config/simulation) by extension 'colcon_pkg'
[0.132s] Level 1:colcon.colcon_core.package_identification:_identify(config/simulation) by extensions ['colcon_meta']
[0.132s] Level 1:colcon.colcon_core.package_identification:_identify(config/simulation) by extension 'colcon_meta'
[0.132s] Level 1:colcon.colcon_core.package_identification:_identify(config/simulation) by extensions ['ros']
[0.132s] Level 1:colcon.colcon_core.package_identification:_identify(config/simulation) by extension 'ros'
[0.132s] Level 1:colcon.colcon_core.package_identification:_identify(config/simulation) by extensions ['cmake', 'python']
[0.133s] Level 1:colcon.colcon_core.package_identification:_identify(config/simulation) by extension 'cmake'
[0.133s] Level 1:colcon.colcon_core.package_identification:_identify(config/simulation) by extension 'python'
[0.133s] Level 1:colcon.colcon_core.package_identification:_identify(config/simulation) by extensions ['python_setup_py']
[0.133s] Level 1:colcon.colcon_core.package_identification:_identify(config/simulation) by extension 'python_setup_py'
[0.133s] Level 1:colcon.colcon_core.package_identification:_identify(docs) by extensions ['ignore', 'ignore_ament_install']
[0.133s] Level 1:colcon.colcon_core.package_identification:_identify(docs) by extension 'ignore'
[0.133s] Level 1:colcon.colcon_core.package_identification:_identify(docs) by extension 'ignore_ament_install'
[0.133s] Level 1:colcon.colcon_core.package_identification:_identify(docs) by extensions ['colcon_pkg']
[0.133s] Level 1:colcon.colcon_core.package_identification:_identify(docs) by extension 'colcon_pkg'
[0.133s] Level 1:colcon.colcon_core.package_identification:_identify(docs) by extensions ['colcon_meta']
[0.133s] Level 1:colcon.colcon_core.package_identification:_identify(docs) by extension 'colcon_meta'
[0.133s] Level 1:colcon.colcon_core.package_identification:_identify(docs) by extensions ['ros']
[0.133s] Level 1:colcon.colcon_core.package_identification:_identify(docs) by extension 'ros'
[0.133s] Level 1:colcon.colcon_core.package_identification:_identify(docs) by extensions ['cmake', 'python']
[0.133s] Level 1:colcon.colcon_core.package_identification:_identify(docs) by extension 'cmake'
[0.133s] Level 1:colcon.colcon_core.package_identification:_identify(docs) by extension 'python'
[0.133s] Level 1:colcon.colcon_core.package_identification:_identify(docs) by extensions ['python_setup_py']
[0.133s] Level 1:colcon.colcon_core.package_identification:_identify(docs) by extension 'python_setup_py'
[0.133s] Level 1:colcon.colcon_core.package_identification:_identify(docs/architecture) by extensions ['ignore', 'ignore_ament_install']
[0.133s] Level 1:colcon.colcon_core.package_identification:_identify(docs/architecture) by extension 'ignore'
[0.133s] Level 1:colcon.colcon_core.package_identification:_identify(docs/architecture) by extension 'ignore_ament_install'
[0.133s] Level 1:colcon.colcon_core.package_identification:_identify(docs/architecture) by extensions ['colcon_pkg']
[0.133s] Level 1:colcon.colcon_core.package_identification:_identify(docs/architecture) by extension 'colcon_pkg'
[0.133s] Level 1:colcon.colcon_core.package_identification:_identify(docs/architecture) by extensions ['colcon_meta']
[0.133s] Level 1:colcon.colcon_core.package_identification:_identify(docs/architecture) by extension 'colcon_meta'
[0.133s] Level 1:colcon.colcon_core.package_identification:_identify(docs/architecture) by extensions ['ros']
[0.133s] Level 1:colcon.colcon_core.package_identification:_identify(docs/architecture) by extension 'ros'
[0.133s] Level 1:colcon.colcon_core.package_identification:_identify(docs/architecture) by extensions ['cmake', 'python']
[0.133s] Level 1:colcon.colcon_core.package_identification:_identify(docs/architecture) by extension 'cmake'
[0.133s] Level 1:colcon.colcon_core.package_identification:_identify(docs/architecture) by extension 'python'
[0.133s] Level 1:colcon.colcon_core.package_identification:_identify(docs/architecture) by extensions ['python_setup_py']
[0.133s] Level 1:colcon.colcon_core.package_identification:_identify(docs/architecture) by extension 'python_setup_py'
[0.133s] Level 1:colcon.colcon_core.package_identification:_identify(docs/docking) by extensions ['ignore', 'ignore_ament_install']
[0.133s] Level 1:colcon.colcon_core.package_identification:_identify(docs/docking) by extension 'ignore'
[0.133s] Level 1:colcon.colcon_core.package_identification:_identify(docs/docking) by extension 'ignore_ament_install'
[0.133s] Level 1:colcon.colcon_core.package_identification:_identify(docs/docking) by extensions ['colcon_pkg']
[0.133s] Level 1:colcon.colcon_core.package_identification:_identify(docs/docking) by extension 'colcon_pkg'
[0.134s] Level 1:colcon.colcon_core.package_identification:_identify(docs/docking) by extensions ['colcon_meta']
[0.134s] Level 1:colcon.colcon_core.package_identification:_identify(docs/docking) by extension 'colcon_meta'
[0.134s] Level 1:colcon.colcon_core.package_identification:_identify(docs/docking) by extensions ['ros']
[0.134s] Level 1:colcon.colcon_core.package_identification:_identify(docs/docking) by extension 'ros'
[0.134s] Level 1:colcon.colcon_core.package_identification:_identify(docs/docking) by extensions ['cmake', 'python']
[0.134s] Level 1:colcon.colcon_core.package_identification:_identify(docs/docking) by extension 'cmake'
[0.134s] Level 1:colcon.colcon_core.package_identification:_identify(docs/docking) by extension 'python'
[0.134s] Level 1:colcon.colcon_core.package_identification:_identify(docs/docking) by extensions ['python_setup_py']
[0.134s] Level 1:colcon.colcon_core.package_identification:_identify(docs/docking) by extension 'python_setup_py'
[0.134s] Level 1:colcon.colcon_core.package_identification:_identify(docs/getting_started) by extensions ['ignore', 'ignore_ament_install']
[0.134s] Level 1:colcon.colcon_core.package_identification:_identify(docs/getting_started) by extension 'ignore'
[0.134s] Level 1:colcon.colcon_core.package_identification:_identify(docs/getting_started) by extension 'ignore_ament_install'
[0.134s] Level 1:colcon.colcon_core.package_identification:_identify(docs/getting_started) by extensions ['colcon_pkg']
[0.134s] Level 1:colcon.colcon_core.package_identification:_identify(docs/getting_started) by extension 'colcon_pkg'
[0.134s] Level 1:colcon.colcon_core.package_identification:_identify(docs/getting_started) by extensions ['colcon_meta']
[0.134s] Level 1:colcon.colcon_core.package_identification:_identify(docs/getting_started) by extension 'colcon_meta'
[0.134s] Level 1:colcon.colcon_core.package_identification:_identify(docs/getting_started) by extensions ['ros']
[0.134s] Level 1:colcon.colcon_core.package_identification:_identify(docs/getting_started) by extension 'ros'
[0.134s] Level 1:colcon.colcon_core.package_identification:_identify(docs/getting_started) by extensions ['cmake', 'python']
[0.134s] Level 1:colcon.colcon_core.package_identification:_identify(docs/getting_started) by extension 'cmake'
[0.134s] Level 1:colcon.colcon_core.package_identification:_identify(docs/getting_started) by extension 'python'
[0.134s] Level 1:colcon.colcon_core.package_identification:_identify(docs/getting_started) by extensions ['python_setup_py']
[0.134s] Level 1:colcon.colcon_core.package_identification:_identify(docs/getting_started) by extension 'python_setup_py'
[0.134s] Level 1:colcon.colcon_core.package_identification:_identify(docs/navigation) by extensions ['ignore', 'ignore_ament_install']
[0.134s] Level 1:colcon.colcon_core.package_identification:_identify(docs/navigation) by extension 'ignore'
[0.134s] Level 1:colcon.colcon_core.package_identification:_identify(docs/navigation) by extension 'ignore_ament_install'
[0.134s] Level 1:colcon.colcon_core.package_identification:_identify(docs/navigation) by extensions ['colcon_pkg']
[0.134s] Level 1:colcon.colcon_core.package_identification:_identify(docs/navigation) by extension 'colcon_pkg'
[0.134s] Level 1:colcon.colcon_core.package_identification:_identify(docs/navigation) by extensions ['colcon_meta']
[0.134s] Level 1:colcon.colcon_core.package_identification:_identify(docs/navigation) by extension 'colcon_meta'
[0.134s] Level 1:colcon.colcon_core.package_identification:_identify(docs/navigation) by extensions ['ros']
[0.134s] Level 1:colcon.colcon_core.package_identification:_identify(docs/navigation) by extension 'ros'
[0.134s] Level 1:colcon.colcon_core.package_identification:_identify(docs/navigation) by extensions ['cmake', 'python']
[0.134s] Level 1:colcon.colcon_core.package_identification:_identify(docs/navigation) by extension 'cmake'
[0.134s] Level 1:colcon.colcon_core.package_identification:_identify(docs/navigation) by extension 'python'
[0.134s] Level 1:colcon.colcon_core.package_identification:_identify(docs/navigation) by extensions ['python_setup_py']
[0.134s] Level 1:colcon.colcon_core.package_identification:_identify(docs/navigation) by extension 'python_setup_py'
[0.134s] Level 1:colcon.colcon_core.package_identification:_identify(docs/safety) by extensions ['ignore', 'ignore_ament_install']
[0.135s] Level 1:colcon.colcon_core.package_identification:_identify(docs/safety) by extension 'ignore'
[0.135s] Level 1:colcon.colcon_core.package_identification:_identify(docs/safety) by extension 'ignore_ament_install'
[0.135s] Level 1:colcon.colcon_core.package_identification:_identify(docs/safety) by extensions ['colcon_pkg']
[0.135s] Level 1:colcon.colcon_core.package_identification:_identify(docs/safety) by extension 'colcon_pkg'
[0.135s] Level 1:colcon.colcon_core.package_identification:_identify(docs/safety) by extensions ['colcon_meta']
[0.135s] Level 1:colcon.colcon_core.package_identification:_identify(docs/safety) by extension 'colcon_meta'
[0.135s] Level 1:colcon.colcon_core.package_identification:_identify(docs/safety) by extensions ['ros']
[0.135s] Level 1:colcon.colcon_core.package_identification:_identify(docs/safety) by extension 'ros'
[0.135s] Level 1:colcon.colcon_core.package_identification:_identify(docs/safety) by extensions ['cmake', 'python']
[0.135s] Level 1:colcon.colcon_core.package_identification:_identify(docs/safety) by extension 'cmake'
[0.135s] Level 1:colcon.colcon_core.package_identification:_identify(docs/safety) by extension 'python'
[0.135s] Level 1:colcon.colcon_core.package_identification:_identify(docs/safety) by extensions ['python_setup_py']
[0.135s] Level 1:colcon.colcon_core.package_identification:_identify(docs/safety) by extension 'python_setup_py'
[0.135s] Level 1:colcon.colcon_core.package_identification:_identify(docs/simulation) by extensions ['ignore', 'ignore_ament_install']
[0.135s] Level 1:colcon.colcon_core.package_identification:_identify(docs/simulation) by extension 'ignore'
[0.135s] Level 1:colcon.colcon_core.package_identification:_identify(docs/simulation) by extension 'ignore_ament_install'
[0.135s] Level 1:colcon.colcon_core.package_identification:_identify(docs/simulation) by extensions ['colcon_pkg']
[0.135s] Level 1:colcon.colcon_core.package_identification:_identify(docs/simulation) by extension 'colcon_pkg'
[0.135s] Level 1:colcon.colcon_core.package_identification:_identify(docs/simulation) by extensions ['colcon_meta']
[0.135s] Level 1:colcon.colcon_core.package_identification:_identify(docs/simulation) by extension 'colcon_meta'
[0.135s] Level 1:colcon.colcon_core.package_identification:_identify(docs/simulation) by extensions ['ros']
[0.135s] Level 1:colcon.colcon_core.package_identification:_identify(docs/simulation) by extension 'ros'
[0.135s] Level 1:colcon.colcon_core.package_identification:_identify(docs/simulation) by extensions ['cmake', 'python']
[0.135s] Level 1:colcon.colcon_core.package_identification:_identify(docs/simulation) by extension 'cmake'
[0.135s] Level 1:colcon.colcon_core.package_identification:_identify(docs/simulation) by extension 'python'
[0.135s] Level 1:colcon.colcon_core.package_identification:_identify(docs/simulation) by extensions ['python_setup_py']
[0.135s] Level 1:colcon.colcon_core.package_identification:_identify(docs/simulation) by extension 'python_setup_py'
[0.135s] Level 1:colcon.colcon_core.package_identification:_identify(install) by extensions ['ignore', 'ignore_ament_install']
[0.135s] Level 1:colcon.colcon_core.package_identification:_identify(install) by extension 'ignore'
[0.135s] Level 1:colcon.colcon_core.package_identification:_identify(install) ignored
[0.135s] Level 1:colcon.colcon_core.package_identification:_identify(log) by extensions ['ignore', 'ignore_ament_install']
[0.135s] Level 1:colcon.colcon_core.package_identification:_identify(log) by extension 'ignore'
[0.135s] Level 1:colcon.colcon_core.package_identification:_identify(log) ignored
[0.135s] Level 1:colcon.colcon_core.package_identification:_identify(ros2) by extensions ['ignore', 'ignore_ament_install']
[0.135s] Level 1:colcon.colcon_core.package_identification:_identify(ros2) by extension 'ignore'
[0.136s] Level 1:colcon.colcon_core.package_identification:_identify(ros2) by extension 'ignore_ament_install'
[0.136s] Level 1:colcon.colcon_core.package_identification:_identify(ros2) by extensions ['colcon_pkg']
[0.136s] Level 1:colcon.colcon_core.package_identification:_identify(ros2) by extension 'colcon_pkg'
[0.136s] Level 1:colcon.colcon_core.package_identification:_identify(ros2) by extensions ['colcon_meta']
[0.136s] Level 1:colcon.colcon_core.package_identification:_identify(ros2) by extension 'colcon_meta'
[0.136s] Level 1:colcon.colcon_core.package_identification:_identify(ros2) by extensions ['ros']
[0.136s] Level 1:colcon.colcon_core.package_identification:_identify(ros2) by extension 'ros'
[0.136s] Level 1:colcon.colcon_core.package_identification:_identify(ros2) by extensions ['cmake', 'python']
[0.136s] Level 1:colcon.colcon_core.package_identification:_identify(ros2) by extension 'cmake'
[0.136s] Level 1:colcon.colcon_core.package_identification:_identify(ros2) by extension 'python'
[0.136s] Level 1:colcon.colcon_core.package_identification:_identify(ros2) by extensions ['python_setup_py']
[0.136s] Level 1:colcon.colcon_core.package_identification:_identify(ros2) by extension 'python_setup_py'
[0.136s] Level 1:colcon.colcon_core.package_identification:_identify(ros2/src) by extensions ['ignore', 'ignore_ament_install']
[0.136s] Level 1:colcon.colcon_core.package_identification:_identify(ros2/src) by extension 'ignore'
[0.136s] Level 1:colcon.colcon_core.package_identification:_identify(ros2/src) by extension 'ignore_ament_install'
[0.136s] Level 1:colcon.colcon_core.package_identification:_identify(ros2/src) by extensions ['colcon_pkg']
[0.136s] Level 1:colcon.colcon_core.package_identification:_identify(ros2/src) by extension 'colcon_pkg'
[0.136s] Level 1:colcon.colcon_core.package_identification:_identify(ros2/src) by extensions ['colcon_meta']
[0.136s] Level 1:colcon.colcon_core.package_identification:_identify(ros2/src) by extension 'colcon_meta'
[0.136s] Level 1:colcon.colcon_core.package_identification:_identify(ros2/src) by extensions ['ros']
[0.136s] Level 1:colcon.colcon_core.package_identification:_identify(ros2/src) by extension 'ros'
[0.136s] Level 1:colcon.colcon_core.package_identification:_identify(ros2/src) by extensions ['cmake', 'python']
[0.136s] Level 1:colcon.colcon_core.package_identification:_identify(ros2/src) by extension 'cmake'
[0.136s] Level 1:colcon.colcon_core.package_identification:_identify(ros2/src) by extension 'python'
[0.136s] Level 1:colcon.colcon_core.package_identification:_identify(ros2/src) by extensions ['python_setup_py']
[0.136s] Level 1:colcon.colcon_core.package_identification:_identify(ros2/src) by extension 'python_setup_py'
[0.136s] Level 1:colcon.colcon_core.package_identification:_identify(ros2/src/openamrobot_description) by extensions ['ignore', 'ignore_ament_install']
[0.136s] Level 1:colcon.colcon_core.package_identification:_identify(ros2/src/openamrobot_description) by extension 'ignore'
[0.136s] Level 1:colcon.colcon_core.package_identification:_identify(ros2/src/openamrobot_description) by extension 'ignore_ament_install'
[0.136s] Level 1:colcon.colcon_core.package_identification:_identify(ros2/src/openamrobot_description) by extensions ['colcon_pkg']
[0.136s] Level 1:colcon.colcon_core.package_identification:_identify(ros2/src/openamrobot_description) by extension 'colcon_pkg'
[0.136s] Level 1:colcon.colcon_core.package_identification:_identify(ros2/src/openamrobot_description) by extensions ['colcon_meta']
[0.136s] Level 1:colcon.colcon_core.package_identification:_identify(ros2/src/openamrobot_description) by extension 'colcon_meta'
[0.136s] Level 1:colcon.colcon_core.package_identification:_identify(ros2/src/openamrobot_description) by extensions ['ros']
[0.136s] Level 1:colcon.colcon_core.package_identification:_identify(ros2/src/openamrobot_description) by extension 'ros'
[0.138s] DEBUG:colcon.colcon_core.package_identification:Package 'ros2/src/openamrobot_description' with type 'ros.ament_python' and name 'openamrobot_description'
[0.138s] Level 1:colcon.colcon_core.package_identification:_identify(ros2/src/openamrobot_docking) by extensions ['ignore', 'ignore_ament_install']
[0.138s] Level 1:colcon.colcon_core.package_identification:_identify(ros2/src/openamrobot_docking) by extension 'ignore'
[0.138s] Level 1:colcon.colcon_core.package_identification:_identify(ros2/src/openamrobot_docking) by extension 'ignore_ament_install'
[0.138s] Level 1:colcon.colcon_core.package_identification:_identify(ros2/src/openamrobot_docking) by extensions ['colcon_pkg']
[0.138s] Level 1:colcon.colcon_core.package_identification:_identify(ros2/src/openamrobot_docking) by extension 'colcon_pkg'
[0.138s] Level 1:colcon.colcon_core.package_identification:_identify(ros2/src/openamrobot_docking) by extensions ['colcon_meta']
[0.138s] Level 1:colcon.colcon_core.package_identification:_identify(ros2/src/openamrobot_docking) by extension 'colcon_meta'
[0.138s] Level 1:colcon.colcon_core.package_identification:_identify(ros2/src/openamrobot_docking) by extensions ['ros']
[0.138s] Level 1:colcon.colcon_core.package_identification:_identify(ros2/src/openamrobot_docking) by extension 'ros'
[0.139s] DEBUG:colcon.colcon_core.package_identification:Package 'ros2/src/openamrobot_docking' with type 'ros.ament_cmake' and name 'openamrobot_docking'
[0.139s] Level 1:colcon.colcon_core.package_identification:_identify(ros2/src/openamrobot_gazebo) by extensions ['ignore', 'ignore_ament_install']
[0.139s] Level 1:colcon.colcon_core.package_identification:_identify(ros2/src/openamrobot_gazebo) by extension 'ignore'
[0.139s] Level 1:colcon.colcon_core.package_identification:_identify(ros2/src/openamrobot_gazebo) by extension 'ignore_ament_install'
[0.139s] Level 1:colcon.colcon_core.package_identification:_identify(ros2/src/openamrobot_gazebo) by extensions ['colcon_pkg']
[0.139s] Level 1:colcon.colcon_core.package_identification:_identify(ros2/src/openamrobot_gazebo) by extension 'colcon_pkg'
[0.139s] Level 1:colcon.colcon_core.package_identification:_identify(ros2/src/openamrobot_gazebo) by extensions ['colcon_meta']
[0.139s] Level 1:colcon.colcon_core.package_identification:_identify(ros2/src/openamrobot_gazebo) by extension 'colcon_meta'
[0.139s] Level 1:colcon.colcon_core.package_identification:_identify(ros2/src/openamrobot_gazebo) by extensions ['ros']
[0.139s] Level 1:colcon.colcon_core.package_identification:_identify(ros2/src/openamrobot_gazebo) by extension 'ros'
[0.140s] DEBUG:colcon.colcon_core.package_identification:Package 'ros2/src/openamrobot_gazebo' with type 'ros.ament_python' and name 'openamrobot_gazebo'
[0.140s] Level 1:colcon.colcon_core.package_identification:_identify(ros2/src/openamrobot_nav2) by extensions ['ignore', 'ignore_ament_install']
[0.140s] Level 1:colcon.colcon_core.package_identification:_identify(ros2/src/openamrobot_nav2) by extension 'ignore'
[0.140s] Level 1:colcon.colcon_core.package_identification:_identify(ros2/src/openamrobot_nav2) by extension 'ignore_ament_install'
[0.140s] Level 1:colcon.colcon_core.package_identification:_identify(ros2/src/openamrobot_nav2) by extensions ['colcon_pkg']
[0.140s] Level 1:colcon.colcon_core.package_identification:_identify(ros2/src/openamrobot_nav2) by extension 'colcon_pkg'
[0.140s] Level 1:colcon.colcon_core.package_identification:_identify(ros2/src/openamrobot_nav2) by extensions ['colcon_meta']
[0.140s] Level 1:colcon.colcon_core.package_identification:_identify(ros2/src/openamrobot_nav2) by extension 'colcon_meta'
[0.140s] Level 1:colcon.colcon_core.package_identification:_identify(ros2/src/openamrobot_nav2) by extensions ['ros']
[0.140s] Level 1:colcon.colcon_core.package_identification:_identify(ros2/src/openamrobot_nav2) by extension 'ros'
[0.140s] DEBUG:colcon.colcon_core.package_identification:Package 'ros2/src/openamrobot_nav2' with type 'ros.ament_python' and name 'openamrobot_nav2'
[0.140s] Level 1:colcon.colcon_core.package_identification:_identify(scripts) by extensions ['ignore', 'ignore_ament_install']
[0.140s] Level 1:colcon.colcon_core.package_identification:_identify(scripts) by extension 'ignore'
[0.140s] Level 1:colcon.colcon_core.package_identification:_identify(scripts) by extension 'ignore_ament_install'
[0.140s] Level 1:colcon.colcon_core.package_identification:_identify(scripts) by extensions ['colcon_pkg']
[0.141s] Level 1:colcon.colcon_core.package_identification:_identify(scripts) by extension 'colcon_pkg'
[0.141s] Level 1:colcon.colcon_core.package_identification:_identify(scripts) by extensions ['colcon_meta']
[0.141s] Level 1:colcon.colcon_core.package_identification:_identify(scripts) by extension 'colcon_meta'
[0.141s] Level 1:colcon.colcon_core.package_identification:_identify(scripts) by extensions ['ros']
[0.141s] Level 1:colcon.colcon_core.package_identification:_identify(scripts) by extension 'ros'
[0.141s] Level 1:colcon.colcon_core.package_identification:_identify(scripts) by extensions ['cmake', 'python']
[0.141s] Level 1:colcon.colcon_core.package_identification:_identify(scripts) by extension 'cmake'
[0.141s] Level 1:colcon.colcon_core.package_identification:_identify(scripts) by extension 'python'
[0.141s] Level 1:colcon.colcon_core.package_identification:_identify(scripts) by extensions ['python_setup_py']
[0.141s] Level 1:colcon.colcon_core.package_identification:_identify(scripts) by extension 'python_setup_py'
[0.141s] Level 1:colcon.colcon_core.package_identification:_identify(simulation) by extensions ['ignore', 'ignore_ament_install']
[0.141s] Level 1:colcon.colcon_core.package_identification:_identify(simulation) by extension 'ignore'
[0.141s] Level 1:colcon.colcon_core.package_identification:_identify(simulation) by extension 'ignore_ament_install'
[0.141s] Level 1:colcon.colcon_core.package_identification:_identify(simulation) by extensions ['colcon_pkg']
[0.141s] Level 1:colcon.colcon_core.package_identification:_identify(simulation) by extension 'colcon_pkg'
[0.141s] Level 1:colcon.colcon_core.package_identification:_identify(simulation) by extensions ['colcon_meta']
[0.141s] Level 1:colcon.colcon_core.package_identification:_identify(simulation) by extension 'colcon_meta'
[0.141s] Level 1:colcon.colcon_core.package_identification:_identify(simulation) by extensions ['ros']
[0.141s] Level 1:colcon.colcon_core.package_identification:_identify(simulation) by extension 'ros'
[0.141s] Level 1:colcon.colcon_core.package_identification:_identify(simulation) by extensions ['cmake', 'python']
[0.141s] Level 1:colcon.colcon_core.package_identification:_identify(simulation) by extension 'cmake'
[0.141s] Level 1:colcon.colcon_core.package_identification:_identify(simulation) by extension 'python'
[0.141s] Level 1:colcon.colcon_core.package_identification:_identify(simulation) by extensions ['python_setup_py']
[0.141s] Level 1:colcon.colcon_core.package_identification:_identify(simulation) by extension 'python_setup_py'
[0.141s] Level 1:colcon.colcon_core.package_identification:_identify(simulation/models) by extensions ['ignore', 'ignore_ament_install']
[0.141s] Level 1:colcon.colcon_core.package_identification:_identify(simulation/models) by extension 'ignore'
[0.141s] Level 1:colcon.colcon_core.package_identification:_identify(simulation/models) by extension 'ignore_ament_install'
[0.141s] Level 1:colcon.colcon_core.package_identification:_identify(simulation/models) by extensions ['colcon_pkg']
[0.141s] Level 1:colcon.colcon_core.package_identification:_identify(simulation/models) by extension 'colcon_pkg'
[0.141s] Level 1:colcon.colcon_core.package_identification:_identify(simulation/models) by extensions ['colcon_meta']
[0.141s] Level 1:colcon.colcon_core.package_identification:_identify(simulation/models) by extension 'colcon_meta'
[0.141s] Level 1:colcon.colcon_core.package_identification:_identify(simulation/models) by extensions ['ros']
[0.141s] Level 1:colcon.colcon_core.package_identification:_identify(simulation/models) by extension 'ros'
[0.141s] Level 1:colcon.colcon_core.package_identification:_identify(simulation/models) by extensions ['cmake', 'python']
[0.141s] Level 1:colcon.colcon_core.package_identification:_identify(simulation/models) by extension 'cmake'
[0.141s] Level 1:colcon.colcon_core.package_identification:_identify(simulation/models) by extension 'python'
[0.141s] Level 1:colcon.colcon_core.package_identification:_identify(simulation/models) by extensions ['python_setup_py']
[0.141s] Level 1:colcon.colcon_core.package_identification:_identify(simulation/models) by extension 'python_setup_py'
[0.142s] Level 1:colcon.colcon_core.package_identification:_identify(simulation/scenarios) by extensions ['ignore', 'ignore_ament_install']
[0.142s] Level 1:colcon.colcon_core.package_identification:_identify(simulation/scenarios) by extension 'ignore'
[0.142s] Level 1:colcon.colcon_core.package_identification:_identify(simulation/scenarios) by extension 'ignore_ament_install'
[0.142s] Level 1:colcon.colcon_core.package_identification:_identify(simulation/scenarios) by extensions ['colcon_pkg']
[0.142s] Level 1:colcon.colcon_core.package_identification:_identify(simulation/scenarios) by extension 'colcon_pkg'
[0.142s] Level 1:colcon.colcon_core.package_identification:_identify(simulation/scenarios) by extensions ['colcon_meta']
[0.142s] Level 1:colcon.colcon_core.package_identification:_identify(simulation/scenarios) by extension 'colcon_meta'
[0.142s] Level 1:colcon.colcon_core.package_identification:_identify(simulation/scenarios) by extensions ['ros']
[0.142s] Level 1:colcon.colcon_core.package_identification:_identify(simulation/scenarios) by extension 'ros'
[0.142s] Level 1:colcon.colcon_core.package_identification:_identify(simulation/scenarios) by extensions ['cmake', 'python']
[0.142s] Level 1:colcon.colcon_core.package_identification:_identify(simulation/scenarios) by extension 'cmake'
[0.142s] Level 1:colcon.colcon_core.package_identification:_identify(simulation/scenarios) by extension 'python'
[0.142s] Level 1:colcon.colcon_core.package_identification:_identify(simulation/scenarios) by extensions ['python_setup_py']
[0.142s] Level 1:colcon.colcon_core.package_identification:_identify(simulation/scenarios) by extension 'python_setup_py'
[0.142s] Level 1:colcon.colcon_core.package_identification:_identify(simulation/worlds) by extensions ['ignore', 'ignore_ament_install']
[0.142s] Level 1:colcon.colcon_core.package_identification:_identify(simulation/worlds) by extension 'ignore'
[0.142s] Level 1:colcon.colcon_core.package_identification:_identify(simulation/worlds) by extension 'ignore_ament_install'
[0.142s] Level 1:colcon.colcon_core.package_identification:_identify(simulation/worlds) by extensions ['colcon_pkg']
[0.142s] Level 1:colcon.colcon_core.package_identification:_identify(simulation/worlds) by extension 'colcon_pkg'
[0.142s] Level 1:colcon.colcon_core.package_identification:_identify(simulation/worlds) by extensions ['colcon_meta']
[0.142s] Level 1:colcon.colcon_core.package_identification:_identify(simulation/worlds) by extension 'colcon_meta'
[0.142s] Level 1:colcon.colcon_core.package_identification:_identify(simulation/worlds) by extensions ['ros']
[0.142s] Level 1:colcon.colcon_core.package_identification:_identify(simulation/worlds) by extension 'ros'
[0.142s] Level 1:colcon.colcon_core.package_identification:_identify(simulation/worlds) by extensions ['cmake', 'python']
[0.142s] Level 1:colcon.colcon_core.package_identification:_identify(simulation/worlds) by extension 'cmake'
[0.142s] Level 1:colcon.colcon_core.package_identification:_identify(simulation/worlds) by extension 'python'
[0.142s] Level 1:colcon.colcon_core.package_identification:_identify(simulation/worlds) by extensions ['python_setup_py']
[0.142s] Level 1:colcon.colcon_core.package_identification:_identify(simulation/worlds) by extension 'python_setup_py'
[0.142s] Level 1:colcon.colcon_core.package_identification:_identify(tools) by extensions ['ignore', 'ignore_ament_install']
[0.142s] Level 1:colcon.colcon_core.package_identification:_identify(tools) by extension 'ignore'
[0.142s] Level 1:colcon.colcon_core.package_identification:_identify(tools) by extension 'ignore_ament_install'
[0.142s] Level 1:colcon.colcon_core.package_identification:_identify(tools) by extensions ['colcon_pkg']
[0.142s] Level 1:colcon.colcon_core.package_identification:_identify(tools) by extension 'colcon_pkg'
[0.142s] Level 1:colcon.colcon_core.package_identification:_identify(tools) by extensions ['colcon_meta']
[0.142s] Level 1:colcon.colcon_core.package_identification:_identify(tools) by extension 'colcon_meta'
[0.142s] Level 1:colcon.colcon_core.package_identification:_identify(tools) by extensions ['ros']
[0.142s] Level 1:colcon.colcon_core.package_identification:_identify(tools) by extension 'ros'
[0.142s] Level 1:colcon.colcon_core.package_identification:_identify(tools) by extensions ['cmake', 'python']
[0.143s] Level 1:colcon.colcon_core.package_identification:_identify(tools) by extension 'cmake'
[0.143s] Level 1:colcon.colcon_core.package_identification:_identify(tools) by extension 'python'
[0.143s] Level 1:colcon.colcon_core.package_identification:_identify(tools) by extensions ['python_setup_py']
[0.143s] Level 1:colcon.colcon_core.package_identification:_identify(tools) by extension 'python_setup_py'
[0.143s] Level 1:colcon.colcon_core.package_discovery:discover_packages(recursive) using defaults
[0.143s] Level 1:colcon.colcon_core.package_discovery:discover_packages(ignore) discover
[0.143s] Level 1:colcon.colcon_core.package_discovery:discover_packages(ignore) using defaults
[0.143s] Level 1:colcon.colcon_core.package_discovery:discover_packages(path) discover
[0.143s] Level 1:colcon.colcon_core.package_discovery:discover_packages(path) using defaults
[0.155s] Level 1:colcon.colcon_core.package_discovery:discover_packages(prefix_path) check parameters
[0.155s] Level 1:colcon.colcon_core.package_discovery:discover_packages(prefix_path) discover
[0.159s] DEBUG:colcon.colcon_installed_package_information.package_discovery:Found 517 installed packages in /opt/ros/jazzy
[0.160s] Level 1:colcon.colcon_core.package_discovery:discover_packages(prefix_path) using defaults
[0.211s] Level 5:colcon.colcon_core.verb:set package 'openamrobot_description' build argument 'cmake_args' from command line to 'None'
[0.211s] Level 5:colcon.colcon_core.verb:set package 'openamrobot_description' build argument 'cmake_target' from command line to 'None'
[0.212s] Level 5:colcon.colcon_core.verb:set package 'openamrobot_description' build argument 'cmake_target_skip_unavailable' from command line to 'False'
[0.212s] Level 5:colcon.colcon_core.verb:set package 'openamrobot_description' build argument 'cmake_clean_cache' from command line to 'False'
[0.212s] Level 5:colcon.colcon_core.verb:set package 'openamrobot_description' build argument 'cmake_clean_first' from command line to 'False'
[0.212s] Level 5:colcon.colcon_core.verb:set package 'openamrobot_description' build argument 'cmake_force_configure' from command line to 'False'
[0.212s] Level 5:colcon.colcon_core.verb:set package 'openamrobot_description' build argument 'ament_cmake_args' from command line to 'None'
[0.212s] Level 5:colcon.colcon_core.verb:set package 'openamrobot_description' build argument 'catkin_cmake_args' from command line to 'None'
[0.212s] Level 5:colcon.colcon_core.verb:set package 'openamrobot_description' build argument 'catkin_skip_building_tests' from command line to 'False'
[0.212s] DEBUG:colcon.colcon_core.verb:Building package 'openamrobot_description' with the following arguments: {'ament_cmake_args': None, 'build_base': '/home/raj/openamr-platform-sw/build/openamrobot_description', 'catkin_cmake_args': None, 'catkin_skip_building_tests': False, 'cmake_args': None, 'cmake_clean_cache': False, 'cmake_clean_first': False, 'cmake_force_configure': False, 'cmake_target': None, 'cmake_target_skip_unavailable': False, 'install_base': '/home/raj/openamr-platform-sw/install/openamrobot_description', 'merge_install': False, 'path': '/home/raj/openamr-platform-sw/ros2/src/openamrobot_description', 'symlink_install': False, 'test_result_base': None}
[0.212s] Level 5:colcon.colcon_core.verb:set package 'openamrobot_docking' build argument 'cmake_args' from command line to 'None'
[0.212s] Level 5:colcon.colcon_core.verb:set package 'openamrobot_docking' build argument 'cmake_target' from command line to 'None'
[0.212s] Level 5:colcon.colcon_core.verb:set package 'openamrobot_docking' build argument 'cmake_target_skip_unavailable' from command line to 'False'
[0.212s] Level 5:colcon.colcon_core.verb:set package 'openamrobot_docking' build argument 'cmake_clean_cache' from command line to 'False'
[0.212s] Level 5:colcon.colcon_core.verb:set package 'openamrobot_docking' build argument 'cmake_clean_first' from command line to 'False'
[0.212s] Level 5:colcon.colcon_core.verb:set package 'openamrobot_docking' build argument 'cmake_force_configure' from command line to 'False'
[0.212s] Level 5:colcon.colcon_core.verb:set package 'openamrobot_docking' build argument 'ament_cmake_args' from command line to 'None'
[0.212s] Level 5:colcon.colcon_core.verb:set package 'openamrobot_docking' build argument 'catkin_cmake_args' from command line to 'None'
[0.212s] Level 5:colcon.colcon_core.verb:set package 'openamrobot_docking' build argument 'catkin_skip_building_tests' from command line to 'False'
[0.212s] DEBUG:colcon.colcon_core.verb:Building package 'openamrobot_docking' with the following arguments: {'ament_cmake_args': None, 'build_base': '/home/raj/openamr-platform-sw/build/openamrobot_docking', 'catkin_cmake_args': None, 'catkin_skip_building_tests': False, 'cmake_args': None, 'cmake_clean_cache': False, 'cmake_clean_first': False, 'cmake_force_configure': False, 'cmake_target': None, 'cmake_target_skip_unavailable': False, 'install_base': '/home/raj/openamr-platform-sw/install/openamrobot_docking', 'merge_install': False, 'path': '/home/raj/openamr-platform-sw/ros2/src/openamrobot_docking', 'symlink_install': False, 'test_result_base': None}
[0.212s] Level 5:colcon.colcon_core.verb:set package 'openamrobot_nav2' build argument 'cmake_args' from command line to 'None'
[0.212s] Level 5:colcon.colcon_core.verb:set package 'openamrobot_nav2' build argument 'cmake_target' from command line to 'None'
[0.212s] Level 5:colcon.colcon_core.verb:set package 'openamrobot_nav2' build argument 'cmake_target_skip_unavailable' from command line to 'False'
[0.212s] Level 5:colcon.colcon_core.verb:set package 'openamrobot_nav2' build argument 'cmake_clean_cache' from command line to 'False'
[0.212s] Level 5:colcon.colcon_core.verb:set package 'openamrobot_nav2' build argument 'cmake_clean_first' from command line to 'False'
[0.212s] Level 5:colcon.colcon_core.verb:set package 'openamrobot_nav2' build argument 'cmake_force_configure' from command line to 'False'
[0.212s] Level 5:colcon.colcon_core.verb:set package 'openamrobot_nav2' build argument 'ament_cmake_args' from command line to 'None'
[0.212s] Level 5:colcon.colcon_core.verb:set package 'openamrobot_nav2' build argument 'catkin_cmake_args' from command line to 'None'
[0.212s] Level 5:colcon.colcon_core.verb:set package 'openamrobot_nav2' build argument 'catkin_skip_building_tests' from command line to 'False'
[0.212s] DEBUG:colcon.colcon_core.verb:Building package 'openamrobot_nav2' with the following arguments: {'ament_cmake_args': None, 'build_base': '/home/raj/openamr-platform-sw/build/openamrobot_nav2', 'catkin_cmake_args': None, 'catkin_skip_building_tests': False, 'cmake_args': None, 'cmake_clean_cache': False, 'cmake_clean_first': False, 'cmake_force_configure': False, 'cmake_target': None, 'cmake_target_skip_unavailable': False, 'install_base': '/home/raj/openamr-platform-sw/install/openamrobot_nav2', 'merge_install': False, 'path': '/home/raj/openamr-platform-sw/ros2/src/openamrobot_nav2', 'symlink_install': False, 'test_result_base': None}
[0.212s] Level 5:colcon.colcon_core.verb:set package 'openamrobot_gazebo' build argument 'cmake_args' from command line to 'None'
[0.212s] Level 5:colcon.colcon_core.verb:set package 'openamrobot_gazebo' build argument 'cmake_target' from command line to 'None'
[0.212s] Level 5:colcon.colcon_core.verb:set package 'openamrobot_gazebo' build argument 'cmake_target_skip_unavailable' from command line to 'False'
[0.212s] Level 5:colcon.colcon_core.verb:set package 'openamrobot_gazebo' build argument 'cmake_clean_cache' from command line to 'False'
[0.212s] Level 5:colcon.colcon_core.verb:set package 'openamrobot_gazebo' build argument 'cmake_clean_first' from command line to 'False'
[0.212s] Level 5:colcon.colcon_core.verb:set package 'openamrobot_gazebo' build argument 'cmake_force_configure' from command line to 'False'
[0.212s] Level 5:colcon.colcon_core.verb:set package 'openamrobot_gazebo' build argument 'ament_cmake_args' from command line to 'None'
[0.212s] Level 5:colcon.colcon_core.verb:set package 'openamrobot_gazebo' build argument 'catkin_cmake_args' from command line to 'None'
[0.213s] Level 5:colcon.colcon_core.verb:set package 'openamrobot_gazebo' build argument 'catkin_skip_building_tests' from command line to 'False'
[0.213s] DEBUG:colcon.colcon_core.verb:Building package 'openamrobot_gazebo' with the following arguments: {'ament_cmake_args': None, 'build_base': '/home/raj/openamr-platform-sw/build/openamrobot_gazebo', 'catkin_cmake_args': None, 'catkin_skip_building_tests': False, 'cmake_args': None, 'cmake_clean_cache': False, 'cmake_clean_first': False, 'cmake_force_configure': False, 'cmake_target': None, 'cmake_target_skip_unavailable': False, 'install_base': '/home/raj/openamr-platform-sw/install/openamrobot_gazebo', 'merge_install': False, 'path': '/home/raj/openamr-platform-sw/ros2/src/openamrobot_gazebo', 'symlink_install': False, 'test_result_base': None}
[0.213s] INFO:colcon.colcon_core.executor:Executing jobs using 'parallel' executor
[0.213s] DEBUG:colcon.colcon_parallel_executor.executor.parallel:run_until_complete
[0.213s] INFO:colcon.colcon_ros.task.ament_python.build:Building ROS package in '/home/raj/openamr-platform-sw/ros2/src/openamrobot_description' with build type 'ament_python'
[0.214s] Level 1:colcon.colcon_core.shell:create_environment_hook('openamrobot_description', 'ament_prefix_path')
[0.215s] INFO:colcon.colcon_core.plugin_system:Skipping extension 'colcon_core.shell.bat': Not used on non-Windows systems
[0.215s] INFO:colcon.colcon_core.shell:Creating environment hook '/home/raj/openamr-platform-sw/install/openamrobot_description/share/openamrobot_description/hook/ament_prefix_path.ps1'
[0.215s] INFO:colcon.colcon_core.shell:Creating environment descriptor '/home/raj/openamr-platform-sw/install/openamrobot_description/share/openamrobot_description/hook/ament_prefix_path.dsv'
[0.216s] INFO:colcon.colcon_core.shell:Creating environment hook '/home/raj/openamr-platform-sw/install/openamrobot_description/share/openamrobot_description/hook/ament_prefix_path.sh'
[0.216s] INFO:colcon.colcon_core.shell:Skip shell extension 'powershell' for command environment: Not usable outside of PowerShell
[0.216s] DEBUG:colcon.colcon_core.shell:Skip shell extension 'dsv' for command environment
[0.220s] INFO:colcon.colcon_ros.task.ament_cmake.build:Building ROS package in '/home/raj/openamr-platform-sw/ros2/src/openamrobot_docking' with build type 'ament_cmake'
[0.220s] INFO:colcon.colcon_cmake.task.cmake.build:Building CMake package in '/home/raj/openamr-platform-sw/ros2/src/openamrobot_docking'
[0.220s] INFO:colcon.colcon_core.shell:Skip shell extension 'powershell' for command environment: Not usable outside of PowerShell
[0.220s] DEBUG:colcon.colcon_core.shell:Skip shell extension 'dsv' for command environment
[0.223s] INFO:colcon.colcon_ros.task.ament_python.build:Building ROS package in '/home/raj/openamr-platform-sw/ros2/src/openamrobot_nav2' with build type 'ament_python'
[0.223s] Level 1:colcon.colcon_core.shell:create_environment_hook('openamrobot_nav2', 'ament_prefix_path')
[0.223s] INFO:colcon.colcon_core.shell:Creating environment hook '/home/raj/openamr-platform-sw/install/openamrobot_nav2/share/openamrobot_nav2/hook/ament_prefix_path.ps1'
[0.223s] INFO:colcon.colcon_core.shell:Creating environment descriptor '/home/raj/openamr-platform-sw/install/openamrobot_nav2/share/openamrobot_nav2/hook/ament_prefix_path.dsv'
[0.224s] INFO:colcon.colcon_core.shell:Creating environment hook '/home/raj/openamr-platform-sw/install/openamrobot_nav2/share/openamrobot_nav2/hook/ament_prefix_path.sh'
[0.224s] INFO:colcon.colcon_core.shell:Skip shell extension 'powershell' for command environment: Not usable outside of PowerShell
[0.224s] DEBUG:colcon.colcon_core.shell:Skip shell extension 'dsv' for command environment
[0.394s] INFO:colcon.colcon_core.task.python.build:Building Python package in '/home/raj/openamr-platform-sw/ros2/src/openamrobot_description'
[0.394s] INFO:colcon.colcon_core.shell:Skip shell extension 'powershell' for command environment: Not usable outside of PowerShell
[0.394s] DEBUG:colcon.colcon_core.shell:Skip shell extension 'dsv' for command environment
[0.400s] DEBUG:colcon.colcon_core.event_handler.log_command:Invoking command in '/home/raj/openamr-platform-sw/build/openamrobot_docking': CMAKE_PREFIX_PATH=${CMAKE_PREFIX_PATH}:/opt/ros/jazzy DEBUGINFOD_URLS=https://debuginfod.ubuntu.com /usr/bin/cmake --build /home/raj/openamr-platform-sw/build/openamrobot_docking -- -j32 -l32
[0.572s] INFO:colcon.colcon_core.task.python.build:Building Python package in '/home/raj/openamr-platform-sw/ros2/src/openamrobot_nav2'
[0.572s] INFO:colcon.colcon_core.shell:Skip shell extension 'powershell' for command environment: Not usable outside of PowerShell
[0.572s] DEBUG:colcon.colcon_core.shell:Skip shell extension 'dsv' for command environment
[0.577s] DEBUG:colcon.colcon_core.event_handler.log_command:Invoked command in '/home/raj/openamr-platform-sw/build/openamrobot_docking' returned '0': CMAKE_PREFIX_PATH=${CMAKE_PREFIX_PATH}:/opt/ros/jazzy DEBUGINFOD_URLS=https://debuginfod.ubuntu.com /usr/bin/cmake --build /home/raj/openamr-platform-sw/build/openamrobot_docking -- -j32 -l32
[0.586s] DEBUG:colcon.colcon_core.event_handler.log_command:Invoking command in '/home/raj/openamr-platform-sw/build/openamrobot_docking': CMAKE_PREFIX_PATH=${CMAKE_PREFIX_PATH}:/opt/ros/jazzy DEBUGINFOD_URLS=https://debuginfod.ubuntu.com /usr/bin/cmake --install /home/raj/openamr-platform-sw/build/openamrobot_docking
[0.596s] Level 1:colcon.colcon_core.environment:create_environment_scripts_only(openamrobot_docking)
[0.596s] DEBUG:colcon.colcon_core.event_handler.log_command:Invoked command in '/home/raj/openamr-platform-sw/build/openamrobot_docking' returned '0': CMAKE_PREFIX_PATH=${CMAKE_PREFIX_PATH}:/opt/ros/jazzy DEBUGINFOD_URLS=https://debuginfod.ubuntu.com /usr/bin/cmake --install /home/raj/openamr-platform-sw/build/openamrobot_docking
[0.598s] Level 1:colcon.colcon_core.environment:checking '/home/raj/openamr-platform-sw/install/openamrobot_docking' for CMake module files
[0.598s] Level 1:colcon.colcon_core.environment:checking '/home/raj/openamr-platform-sw/install/openamrobot_docking' for CMake config files
[0.599s] Level 1:colcon.colcon_core.shell:create_environment_hook('openamrobot_docking', 'cmake_prefix_path')
[0.599s] INFO:colcon.colcon_core.shell:Creating environment hook '/home/raj/openamr-platform-sw/install/openamrobot_docking/share/openamrobot_docking/hook/cmake_prefix_path.ps1'
[0.599s] INFO:colcon.colcon_core.shell:Creating environment descriptor '/home/raj/openamr-platform-sw/install/openamrobot_docking/share/openamrobot_docking/hook/cmake_prefix_path.dsv'
[0.599s] INFO:colcon.colcon_core.shell:Creating environment hook '/home/raj/openamr-platform-sw/install/openamrobot_docking/share/openamrobot_docking/hook/cmake_prefix_path.sh'
[0.600s] Level 1:colcon.colcon_core.environment:checking '/home/raj/openamr-platform-sw/install/openamrobot_docking/lib'
[0.600s] Level 1:colcon.colcon_core.environment:checking '/home/raj/openamr-platform-sw/install/openamrobot_docking/bin'
[0.600s] Level 1:colcon.colcon_core.environment:checking '/home/raj/openamr-platform-sw/install/openamrobot_docking/lib/pkgconfig/openamrobot_docking.pc'
[0.600s] Level 1:colcon.colcon_core.environment:checking '/home/raj/openamr-platform-sw/install/openamrobot_docking/lib/python3.12/site-packages'
[0.600s] Level 1:colcon.colcon_core.environment:checking '/home/raj/openamr-platform-sw/install/openamrobot_docking/bin'
[0.600s] INFO:colcon.colcon_core.shell:Creating package script '/home/raj/openamr-platform-sw/install/openamrobot_docking/share/openamrobot_docking/package.ps1'
[0.601s] INFO:colcon.colcon_core.shell:Creating package descriptor '/home/raj/openamr-platform-sw/install/openamrobot_docking/share/openamrobot_docking/package.dsv'
[0.601s] INFO:colcon.colcon_core.shell:Creating package script '/home/raj/openamr-platform-sw/install/openamrobot_docking/share/openamrobot_docking/package.sh'
[0.602s] INFO:colcon.colcon_core.shell:Creating package script '/home/raj/openamr-platform-sw/install/openamrobot_docking/share/openamrobot_docking/package.bash'
[0.602s] INFO:colcon.colcon_core.shell:Creating package script '/home/raj/openamr-platform-sw/install/openamrobot_docking/share/openamrobot_docking/package.zsh'
[0.603s] Level 1:colcon.colcon_core.environment:create_file_with_runtime_dependencies(/home/raj/openamr-platform-sw/install/openamrobot_docking/share/colcon-core/packages/openamrobot_docking)
[0.603s] Level 1:colcon.colcon_core.environment:create_environment_scripts_only(openamrobot_docking)
[0.603s] Level 1:colcon.colcon_core.environment:checking '/home/raj/openamr-platform-sw/install/openamrobot_docking' for CMake module files
[0.604s] Level 1:colcon.colcon_core.environment:checking '/home/raj/openamr-platform-sw/install/openamrobot_docking' for CMake config files
[0.604s] Level 1:colcon.colcon_core.shell:create_environment_hook('openamrobot_docking', 'cmake_prefix_path')
[0.604s] INFO:colcon.colcon_core.shell:Creating environment hook '/home/raj/openamr-platform-sw/install/openamrobot_docking/share/openamrobot_docking/hook/cmake_prefix_path.ps1'
[0.604s] INFO:colcon.colcon_core.shell:Creating environment descriptor '/home/raj/openamr-platform-sw/install/openamrobot_docking/share/openamrobot_docking/hook/cmake_prefix_path.dsv'
[0.604s] INFO:colcon.colcon_core.shell:Creating environment hook '/home/raj/openamr-platform-sw/install/openamrobot_docking/share/openamrobot_docking/hook/cmake_prefix_path.sh'
[0.605s] Level 1:colcon.colcon_core.environment:checking '/home/raj/openamr-platform-sw/install/openamrobot_docking/lib'
[0.605s] Level 1:colcon.colcon_core.environment:checking '/home/raj/openamr-platform-sw/install/openamrobot_docking/bin'
[0.605s] Level 1:colcon.colcon_core.environment:checking '/home/raj/openamr-platform-sw/install/openamrobot_docking/lib/pkgconfig/openamrobot_docking.pc'
[0.605s] Level 1:colcon.colcon_core.environment:checking '/home/raj/openamr-platform-sw/install/openamrobot_docking/lib/python3.12/site-packages'
[0.605s] Level 1:colcon.colcon_core.environment:checking '/home/raj/openamr-platform-sw/install/openamrobot_docking/bin'
[0.605s] INFO:colcon.colcon_core.shell:Creating package script '/home/raj/openamr-platform-sw/install/openamrobot_docking/share/openamrobot_docking/package.ps1'
[0.606s] INFO:colcon.colcon_core.shell:Creating package descriptor '/home/raj/openamr-platform-sw/install/openamrobot_docking/share/openamrobot_docking/package.dsv'
[0.606s] INFO:colcon.colcon_core.shell:Creating package script '/home/raj/openamr-platform-sw/install/openamrobot_docking/share/openamrobot_docking/package.sh'
[0.607s] INFO:colcon.colcon_core.shell:Creating package script '/home/raj/openamr-platform-sw/install/openamrobot_docking/share/openamrobot_docking/package.bash'
[0.607s] INFO:colcon.colcon_core.shell:Creating package script '/home/raj/openamr-platform-sw/install/openamrobot_docking/share/openamrobot_docking/package.zsh'
[0.607s] Level 1:colcon.colcon_core.environment:create_file_with_runtime_dependencies(/home/raj/openamr-platform-sw/install/openamrobot_docking/share/colcon-core/packages/openamrobot_docking)
[0.950s] DEBUG:colcon.colcon_core.event_handler.log_command:Invoking command in '/home/raj/openamr-platform-sw/ros2/src/openamrobot_description': DEBUGINFOD_URLS=https://debuginfod.ubuntu.com PYTHONPATH=/home/raj/openamr-platform-sw/build/openamrobot_description/prefix_override:/usr/lib/python3/dist-packages/colcon_core/task/python/colcon_distutils_commands:/home/raj/openamr-platform-sw/install/openamrobot_description/lib/python3.12/site-packages:${PYTHONPATH} /usr/bin/python3 -W ignore:setup.py install is deprecated -W ignore:easy_install command is deprecated setup.py egg_info --egg-base ../../../build/openamrobot_description build --build-base /home/raj/openamr-platform-sw/build/openamrobot_description/build install --record /home/raj/openamr-platform-sw/build/openamrobot_description/install.log --single-version-externally-managed install_data
[0.952s] DEBUG:colcon.colcon_core.event_handler.log_command:Invoking command in '/home/raj/openamr-platform-sw/ros2/src/openamrobot_nav2': DEBUGINFOD_URLS=https://debuginfod.ubuntu.com PYTHONPATH=/home/raj/openamr-platform-sw/build/openamrobot_nav2/prefix_override:/usr/lib/python3/dist-packages/colcon_core/task/python/colcon_distutils_commands:/home/raj/openamr-platform-sw/install/openamrobot_nav2/lib/python3.12/site-packages:${PYTHONPATH} /usr/bin/python3 -W ignore:setup.py install is deprecated -W ignore:easy_install command is deprecated setup.py egg_info --egg-base ../../../build/openamrobot_nav2 build --build-base /home/raj/openamr-platform-sw/build/openamrobot_nav2/build install --record /home/raj/openamr-platform-sw/build/openamrobot_nav2/install.log --single-version-externally-managed install_data
[1.267s] Level 1:colcon.colcon_core.environment:checking '/home/raj/openamr-platform-sw/install/openamrobot_description' for CMake module files
[1.267s] DEBUG:colcon.colcon_core.event_handler.log_command:Invoked command in '/home/raj/openamr-platform-sw/ros2/src/openamrobot_description' returned '0': DEBUGINFOD_URLS=https://debuginfod.ubuntu.com PYTHONPATH=/home/raj/openamr-platform-sw/build/openamrobot_description/prefix_override:/usr/lib/python3/dist-packages/colcon_core/task/python/colcon_distutils_commands:/home/raj/openamr-platform-sw/install/openamrobot_description/lib/python3.12/site-packages:${PYTHONPATH} /usr/bin/python3 -W ignore:setup.py install is deprecated -W ignore:easy_install command is deprecated setup.py egg_info --egg-base ../../../build/openamrobot_description build --build-base /home/raj/openamr-platform-sw/build/openamrobot_description/build install --record /home/raj/openamr-platform-sw/build/openamrobot_description/install.log --single-version-externally-managed install_data
[1.267s] Level 1:colcon.colcon_core.environment:checking '/home/raj/openamr-platform-sw/install/openamrobot_description' for CMake config files
[1.268s] Level 1:colcon.colcon_core.environment:checking '/home/raj/openamr-platform-sw/install/openamrobot_description/lib'
[1.268s] Level 1:colcon.colcon_core.environment:checking '/home/raj/openamr-platform-sw/install/openamrobot_description/bin'
[1.268s] Level 1:colcon.colcon_core.environment:checking '/home/raj/openamr-platform-sw/install/openamrobot_description/lib/pkgconfig/openamrobot_description.pc'
[1.268s] Level 1:colcon.colcon_core.environment:checking '/home/raj/openamr-platform-sw/install/openamrobot_description/lib/python3.12/site-packages'
[1.268s] Level 1:colcon.colcon_core.shell:create_environment_hook('openamrobot_description', 'pythonpath')
[1.268s] INFO:colcon.colcon_core.shell:Creating environment hook '/home/raj/openamr-platform-sw/install/openamrobot_description/share/openamrobot_description/hook/pythonpath.ps1'
[1.268s] INFO:colcon.colcon_core.shell:Creating environment descriptor '/home/raj/openamr-platform-sw/install/openamrobot_description/share/openamrobot_description/hook/pythonpath.dsv'
[1.269s] INFO:colcon.colcon_core.shell:Creating environment hook '/home/raj/openamr-platform-sw/install/openamrobot_description/share/openamrobot_description/hook/pythonpath.sh'
[1.269s] Level 1:colcon.colcon_core.environment:checking '/home/raj/openamr-platform-sw/install/openamrobot_description/bin'
[1.269s] Level 1:colcon.colcon_core.environment:create_environment_scripts_only(openamrobot_description)
[1.269s] INFO:colcon.colcon_core.shell:Creating package script '/home/raj/openamr-platform-sw/install/openamrobot_description/share/openamrobot_description/package.ps1'
[1.269s] INFO:colcon.colcon_core.shell:Creating package descriptor '/home/raj/openamr-platform-sw/install/openamrobot_description/share/openamrobot_description/package.dsv'
[1.270s] INFO:colcon.colcon_core.shell:Creating package script '/home/raj/openamr-platform-sw/install/openamrobot_description/share/openamrobot_description/package.sh'
[1.270s] INFO:colcon.colcon_core.shell:Creating package script '/home/raj/openamr-platform-sw/install/openamrobot_description/share/openamrobot_description/package.bash'
[1.270s] INFO:colcon.colcon_core.shell:Creating package script '/home/raj/openamr-platform-sw/install/openamrobot_description/share/openamrobot_description/package.zsh'
[1.270s] Level 1:colcon.colcon_core.environment:create_file_with_runtime_dependencies(/home/raj/openamr-platform-sw/install/openamrobot_description/share/colcon-core/packages/openamrobot_description)
[1.270s] INFO:colcon.colcon_ros.task.ament_python.build:Building ROS package in '/home/raj/openamr-platform-sw/ros2/src/openamrobot_gazebo' with build type 'ament_python'
[1.271s] Level 1:colcon.colcon_core.shell:create_environment_hook('openamrobot_gazebo', 'ament_prefix_path')
[1.271s] INFO:colcon.colcon_core.shell:Creating environment hook '/home/raj/openamr-platform-sw/install/openamrobot_gazebo/share/openamrobot_gazebo/hook/ament_prefix_path.ps1'
[1.271s] INFO:colcon.colcon_core.shell:Creating environment descriptor '/home/raj/openamr-platform-sw/install/openamrobot_gazebo/share/openamrobot_gazebo/hook/ament_prefix_path.dsv'
[1.271s] INFO:colcon.colcon_core.shell:Creating environment hook '/home/raj/openamr-platform-sw/install/openamrobot_gazebo/share/openamrobot_gazebo/hook/ament_prefix_path.sh'
[1.271s] INFO:colcon.colcon_core.shell:Skip shell extension 'powershell' for command environment: Not usable outside of PowerShell
[1.271s] DEBUG:colcon.colcon_core.shell:Skip shell extension 'dsv' for command environment
[1.274s] Level 1:colcon.colcon_core.environment:checking '/home/raj/openamr-platform-sw/install/openamrobot_nav2' for CMake module files
[1.274s] DEBUG:colcon.colcon_core.event_handler.log_command:Invoked command in '/home/raj/openamr-platform-sw/ros2/src/openamrobot_nav2' returned '0': DEBUGINFOD_URLS=https://debuginfod.ubuntu.com PYTHONPATH=/home/raj/openamr-platform-sw/build/openamrobot_nav2/prefix_override:/usr/lib/python3/dist-packages/colcon_core/task/python/colcon_distutils_commands:/home/raj/openamr-platform-sw/install/openamrobot_nav2/lib/python3.12/site-packages:${PYTHONPATH} /usr/bin/python3 -W ignore:setup.py install is deprecated -W ignore:easy_install command is deprecated setup.py egg_info --egg-base ../../../build/openamrobot_nav2 build --build-base /home/raj/openamr-platform-sw/build/openamrobot_nav2/build install --record /home/raj/openamr-platform-sw/build/openamrobot_nav2/install.log --single-version-externally-managed install_data
[1.275s] Level 1:colcon.colcon_core.environment:checking '/home/raj/openamr-platform-sw/install/openamrobot_nav2' for CMake config files
[1.275s] Level 1:colcon.colcon_core.environment:checking '/home/raj/openamr-platform-sw/install/openamrobot_nav2/lib'
[1.275s] Level 1:colcon.colcon_core.environment:checking '/home/raj/openamr-platform-sw/install/openamrobot_nav2/bin'
[1.275s] Level 1:colcon.colcon_core.environment:checking '/home/raj/openamr-platform-sw/install/openamrobot_nav2/lib/pkgconfig/openamrobot_nav2.pc'
[1.275s] Level 1:colcon.colcon_core.environment:checking '/home/raj/openamr-platform-sw/install/openamrobot_nav2/lib/python3.12/site-packages'
[1.275s] Level 1:colcon.colcon_core.shell:create_environment_hook('openamrobot_nav2', 'pythonpath')
[1.275s] INFO:colcon.colcon_core.shell:Creating environment hook '/home/raj/openamr-platform-sw/install/openamrobot_nav2/share/openamrobot_nav2/hook/pythonpath.ps1'
[1.275s] INFO:colcon.colcon_core.shell:Creating environment descriptor '/home/raj/openamr-platform-sw/install/openamrobot_nav2/share/openamrobot_nav2/hook/pythonpath.dsv'
[1.276s] INFO:colcon.colcon_core.shell:Creating environment hook '/home/raj/openamr-platform-sw/install/openamrobot_nav2/share/openamrobot_nav2/hook/pythonpath.sh'
[1.276s] Level 1:colcon.colcon_core.environment:checking '/home/raj/openamr-platform-sw/install/openamrobot_nav2/bin'
[1.276s] Level 1:colcon.colcon_core.environment:create_environment_scripts_only(openamrobot_nav2)
[1.276s] INFO:colcon.colcon_core.shell:Creating package script '/home/raj/openamr-platform-sw/install/openamrobot_nav2/share/openamrobot_nav2/package.ps1'
[1.276s] INFO:colcon.colcon_core.shell:Creating package descriptor '/home/raj/openamr-platform-sw/install/openamrobot_nav2/share/openamrobot_nav2/package.dsv'
[1.277s] INFO:colcon.colcon_core.shell:Creating package script '/home/raj/openamr-platform-sw/install/openamrobot_nav2/share/openamrobot_nav2/package.sh'
[1.277s] INFO:colcon.colcon_core.shell:Creating package script '/home/raj/openamr-platform-sw/install/openamrobot_nav2/share/openamrobot_nav2/package.bash'
[1.277s] INFO:colcon.colcon_core.shell:Creating package script '/home/raj/openamr-platform-sw/install/openamrobot_nav2/share/openamrobot_nav2/package.zsh'
[1.277s] Level 1:colcon.colcon_core.environment:create_file_with_runtime_dependencies(/home/raj/openamr-platform-sw/install/openamrobot_nav2/share/colcon-core/packages/openamrobot_nav2)
[1.397s] INFO:colcon.colcon_core.task.python.build:Building Python package in '/home/raj/openamr-platform-sw/ros2/src/openamrobot_gazebo'
[1.397s] INFO:colcon.colcon_core.shell:Skip shell extension 'powershell' for command environment: Not usable outside of PowerShell
[1.397s] DEBUG:colcon.colcon_core.shell:Skip shell extension 'dsv' for command environment
[1.737s] DEBUG:colcon.colcon_core.event_handler.log_command:Invoking command in '/home/raj/openamr-platform-sw/ros2/src/openamrobot_gazebo': AMENT_PREFIX_PATH=/home/raj/openamr-platform-sw/install/openamrobot_description:${AMENT_PREFIX_PATH} DEBUGINFOD_URLS=https://debuginfod.ubuntu.com PYTHONPATH=/home/raj/openamr-platform-sw/build/openamrobot_gazebo/prefix_override:/usr/lib/python3/dist-packages/colcon_core/task/python/colcon_distutils_commands:/home/raj/openamr-platform-sw/install/openamrobot_gazebo/lib/python3.12/site-packages:/home/raj/openamr-platform-sw/install/openamrobot_description/lib/python3.12/site-packages:${PYTHONPATH} /usr/bin/python3 -W ignore:setup.py install is deprecated -W ignore:easy_install command is deprecated setup.py egg_info --egg-base ../../../build/openamrobot_gazebo build --build-base /home/raj/openamr-platform-sw/build/openamrobot_gazebo/build install --record /home/raj/openamr-platform-sw/build/openamrobot_gazebo/install.log --single-version-externally-managed install_data
[2.052s] Level 1:colcon.colcon_core.environment:checking '/home/raj/openamr-platform-sw/install/openamrobot_gazebo' for CMake module files
[2.052s] DEBUG:colcon.colcon_core.event_handler.log_command:Invoked command in '/home/raj/openamr-platform-sw/ros2/src/openamrobot_gazebo' returned '0': AMENT_PREFIX_PATH=/home/raj/openamr-platform-sw/install/openamrobot_description:${AMENT_PREFIX_PATH} DEBUGINFOD_URLS=https://debuginfod.ubuntu.com PYTHONPATH=/home/raj/openamr-platform-sw/build/openamrobot_gazebo/prefix_override:/usr/lib/python3/dist-packages/colcon_core/task/python/colcon_distutils_commands:/home/raj/openamr-platform-sw/install/openamrobot_gazebo/lib/python3.12/site-packages:/home/raj/openamr-platform-sw/install/openamrobot_description/lib/python3.12/site-packages:${PYTHONPATH} /usr/bin/python3 -W ignore:setup.py install is deprecated -W ignore:easy_install command is deprecated setup.py egg_info --egg-base ../../../build/openamrobot_gazebo build --build-base /home/raj/openamr-platform-sw/build/openamrobot_gazebo/build install --record /home/raj/openamr-platform-sw/build/openamrobot_gazebo/install.log --single-version-externally-managed install_data
[2.053s] Level 1:colcon.colcon_core.environment:checking '/home/raj/openamr-platform-sw/install/openamrobot_gazebo' for CMake config files
[2.053s] Level 1:colcon.colcon_core.environment:checking '/home/raj/openamr-platform-sw/install/openamrobot_gazebo/lib'
[2.053s] Level 1:colcon.colcon_core.environment:checking '/home/raj/openamr-platform-sw/install/openamrobot_gazebo/bin'
[2.053s] Level 1:colcon.colcon_core.environment:checking '/home/raj/openamr-platform-sw/install/openamrobot_gazebo/lib/pkgconfig/openamrobot_gazebo.pc'
[2.053s] Level 1:colcon.colcon_core.environment:checking '/home/raj/openamr-platform-sw/install/openamrobot_gazebo/lib/python3.12/site-packages'
[2.053s] Level 1:colcon.colcon_core.shell:create_environment_hook('openamrobot_gazebo', 'pythonpath')
[2.053s] INFO:colcon.colcon_core.shell:Creating environment hook '/home/raj/openamr-platform-sw/install/openamrobot_gazebo/share/openamrobot_gazebo/hook/pythonpath.ps1'
[2.054s] INFO:colcon.colcon_core.shell:Creating environment descriptor '/home/raj/openamr-platform-sw/install/openamrobot_gazebo/share/openamrobot_gazebo/hook/pythonpath.dsv'
[2.054s] INFO:colcon.colcon_core.shell:Creating environment hook '/home/raj/openamr-platform-sw/install/openamrobot_gazebo/share/openamrobot_gazebo/hook/pythonpath.sh'
[2.054s] Level 1:colcon.colcon_core.environment:checking '/home/raj/openamr-platform-sw/install/openamrobot_gazebo/bin'
[2.054s] Level 1:colcon.colcon_core.environment:create_environment_scripts_only(openamrobot_gazebo)
[2.054s] INFO:colcon.colcon_core.shell:Creating package script '/home/raj/openamr-platform-sw/install/openamrobot_gazebo/share/openamrobot_gazebo/package.ps1'
[2.054s] INFO:colcon.colcon_core.shell:Creating package descriptor '/home/raj/openamr-platform-sw/install/openamrobot_gazebo/share/openamrobot_gazebo/package.dsv'
[2.055s] INFO:colcon.colcon_core.shell:Creating package script '/home/raj/openamr-platform-sw/install/openamrobot_gazebo/share/openamrobot_gazebo/package.sh'
[2.055s] INFO:colcon.colcon_core.shell:Creating package script '/home/raj/openamr-platform-sw/install/openamrobot_gazebo/share/openamrobot_gazebo/package.bash'
[2.055s] INFO:colcon.colcon_core.shell:Creating package script '/home/raj/openamr-platform-sw/install/openamrobot_gazebo/share/openamrobot_gazebo/package.zsh'
[2.055s] Level 1:colcon.colcon_core.environment:create_file_with_runtime_dependencies(/home/raj/openamr-platform-sw/install/openamrobot_gazebo/share/colcon-core/packages/openamrobot_gazebo)
[2.055s] DEBUG:colcon.colcon_parallel_executor.executor.parallel:closing loop
[2.056s] DEBUG:colcon.colcon_parallel_executor.executor.parallel:loop closed
[2.056s] DEBUG:colcon.colcon_parallel_executor.executor.parallel:run_until_complete finished with '0'
[2.056s] DEBUG:colcon.colcon_core.event_reactor:joining thread
[2.059s] INFO:colcon.colcon_core.plugin_system:Skipping extension 'colcon_notification.desktop_notification.terminal_notifier': Not used on non-Darwin systems
[2.059s] INFO:colcon.colcon_core.plugin_system:Skipping extension 'colcon_notification.desktop_notification.win32': Not used on non-Windows systems
[2.059s] INFO:colcon.colcon_notification.desktop_notification:Sending desktop notification using 'notify2'
[2.070s] DEBUG:colcon.colcon_core.event_reactor:joined thread
[2.070s] INFO:colcon.colcon_core.shell:Creating prefix script '/home/raj/openamr-platform-sw/install/local_setup.ps1'
[2.071s] INFO:colcon.colcon_core.shell:Creating prefix util module '/home/raj/openamr-platform-sw/install/_local_setup_util_ps1.py'
[2.071s] INFO:colcon.colcon_core.shell:Creating prefix chain script '/home/raj/openamr-platform-sw/install/setup.ps1'
[2.072s] INFO:colcon.colcon_core.shell:Creating prefix script '/home/raj/openamr-platform-sw/install/local_setup.sh'
[2.072s] INFO:colcon.colcon_core.shell:Creating prefix util module '/home/raj/openamr-platform-sw/install/_local_setup_util_sh.py'
[2.072s] INFO:colcon.colcon_core.shell:Creating prefix chain script '/home/raj/openamr-platform-sw/install/setup.sh'
[2.073s] INFO:colcon.colcon_core.shell:Creating prefix script '/home/raj/openamr-platform-sw/install/local_setup.bash'
[2.073s] INFO:colcon.colcon_core.shell:Creating prefix chain script '/home/raj/openamr-platform-sw/install/setup.bash'
[2.073s] INFO:colcon.colcon_core.shell:Creating prefix script '/home/raj/openamr-platform-sw/install/local_setup.zsh'
[2.073s] INFO:colcon.colcon_core.shell:Creating prefix chain script '/home/raj/openamr-platform-sw/install/setup.zsh'
