[0.185s] DEBUG:colcon:Command line arguments: ['/usr/bin/colcon', 'build']
[0.185s] DEBUG:colcon:Parsed command line arguments: Namespace(log_base=None, log_level=None, verb_name='build', build_base='build', install_base='install', merge_install=False, symlink_install=False, test_result_base=None, continue_on_error=False, executor='parallel', parallel_workers=32, event_handlers=None, ignore_user_meta=False, metas=['./colcon.meta'], base_paths=['.'], packages_ignore=None, packages_ignore_regex=None, paths=None, packages_up_to=None, packages_up_to_regex=None, packages_above=None, packages_above_and_dependencies=None, packages_above_depth=None, packages_select_by_dep=None, packages_skip_by_dep=None, packages_skip_up_to=None, packages_select_build_failed=False, packages_skip_build_finished=False, packages_select_test_failures=False, packages_skip_test_passed=False, packages_select=None, packages_skip=None, packages_select_regex=None, packages_skip_regex=None, packages_start=None, packages_end=None, allow_overriding=[], cmake_args=None, cmake_target=None, cmake_target_skip_unavailable=False, cmake_clean_cache=False, cmake_clean_first=False, cmake_force_configure=False, ament_cmake_args=None, catkin_cmake_args=None, catkin_skip_building_tests=False, mixin_files=None, mixin=None, verb_parser=<colcon_mixin.mixin.mixin_argument.MixinArgumentDecorator object at 0x706cbb9c18b0>, verb_extension=<colcon_core.verb.build.BuildVerb object at 0x706cbbadda30>, main=<bound method BuildVerb.main of <colcon_core.verb.build.BuildVerb object at 0x706cbbadda30>>, mixin_verb=('build',))
[0.244s] Level 1:colcon.colcon_core.package_discovery:discover_packages(colcon_meta) check parameters
[0.244s] Level 1:colcon.colcon_core.package_discovery:discover_packages(recursive) check parameters
[0.244s] Level 1:colcon.colcon_core.package_discovery:discover_packages(ignore) check parameters
[0.244s] Level 1:colcon.colcon_core.package_discovery:discover_packages(path) check parameters
[0.244s] Level 1:colcon.colcon_core.package_discovery:discover_packages(colcon_meta) discover
[0.245s] Level 1:colcon.colcon_core.package_discovery:discover_packages(recursive) discover
[0.245s] INFO:colcon.colcon_core.package_discovery:Crawling recursively for packages in '/home/raj/openamr-platform-sw'
[0.245s] Level 1:colcon.colcon_core.package_identification:_identify(.) by extensions ['ignore', 'ignore_ament_install']
[0.245s] Level 1:colcon.colcon_core.package_identification:_identify(.) by extension 'ignore'
[0.245s] Level 1:colcon.colcon_core.package_identification:_identify(.) by extension 'ignore_ament_install'
[0.245s] Level 1:colcon.colcon_core.package_identification:_identify(.) by extensions ['colcon_pkg']
[0.245s] Level 1:colcon.colcon_core.package_identification:_identify(.) by extension 'colcon_pkg'
[0.245s] Level 1:colcon.colcon_core.package_identification:_identify(.) by extensions ['colcon_meta']
[0.245s] Level 1:colcon.colcon_core.package_identification:_identify(.) by extension 'colcon_meta'
[0.245s] Level 1:colcon.colcon_core.package_identification:_identify(.) by extensions ['ros']
[0.245s] Level 1:colcon.colcon_core.package_identification:_identify(.) by extension 'ros'
[0.268s] Level 1:colcon.colcon_core.package_identification:_identify(.) by extensions ['cmake', 'python']
[0.269s] Level 1:colcon.colcon_core.package_identification:_identify(.) by extension 'cmake'
[0.269s] Level 1:colcon.colcon_core.package_identification:_identify(.) by extension 'python'
[0.269s] Level 1:colcon.colcon_core.package_identification:_identify(.) by extensions ['python_setup_py']
[0.269s] Level 1:colcon.colcon_core.package_identification:_identify(.) by extension 'python_setup_py'
[0.269s] Level 1:colcon.colcon_core.package_identification:_identify(build) by extensions ['ignore', 'ignore_ament_install']
[0.269s] Level 1:colcon.colcon_core.package_identification:_identify(build) by extension 'ignore'
[0.269s] Level 1:colcon.colcon_core.package_identification:_identify(build) ignored
[0.269s] Level 1:colcon.colcon_core.package_identification:_identify(config) by extensions ['ignore', 'ignore_ament_install']
[0.269s] Level 1:colcon.colcon_core.package_identification:_identify(config) by extension 'ignore'
[0.269s] Level 1:colcon.colcon_core.package_identification:_identify(config) by extension 'ignore_ament_install'
[0.269s] Level 1:colcon.colcon_core.package_identification:_identify(config) by extensions ['colcon_pkg']
[0.269s] Level 1:colcon.colcon_core.package_identification:_identify(config) by extension 'colcon_pkg'
[0.269s] Level 1:colcon.colcon_core.package_identification:_identify(config) by extensions ['colcon_meta']
[0.269s] Level 1:colcon.colcon_core.package_identification:_identify(config) by extension 'colcon_meta'
[0.269s] Level 1:colcon.colcon_core.package_identification:_identify(config) by extensions ['ros']
[0.269s] Level 1:colcon.colcon_core.package_identification:_identify(config) by extension 'ros'
[0.269s] Level 1:colcon.colcon_core.package_identification:_identify(config) by extensions ['cmake', 'python']
[0.269s] Level 1:colcon.colcon_core.package_identification:_identify(config) by extension 'cmake'
[0.269s] Level 1:colcon.colcon_core.package_identification:_identify(config) by extension 'python'
[0.269s] Level 1:colcon.colcon_core.package_identification:_identify(config) by extensions ['python_setup_py']
[0.269s] Level 1:colcon.colcon_core.package_identification:_identify(config) by extension 'python_setup_py'
[0.269s] Level 1:colcon.colcon_core.package_identification:_identify(config/docking) by extensions ['ignore', 'ignore_ament_install']
[0.269s] Level 1:colcon.colcon_core.package_identification:_identify(config/docking) by extension 'ignore'
[0.269s] Level 1:colcon.colcon_core.package_identification:_identify(config/docking) by extension 'ignore_ament_install'
[0.269s] Level 1:colcon.colcon_core.package_identification:_identify(config/docking) by extensions ['colcon_pkg']
[0.269s] Level 1:colcon.colcon_core.package_identification:_identify(config/docking) by extension 'colcon_pkg'
[0.269s] Level 1:colcon.colcon_core.package_identification:_identify(config/docking) by extensions ['colcon_meta']
[0.269s] Level 1:colcon.colcon_core.package_identification:_identify(config/docking) by extension 'colcon_meta'
[0.269s] Level 1:colcon.colcon_core.package_identification:_identify(config/docking) by extensions ['ros']
[0.269s] Level 1:colcon.colcon_core.package_identification:_identify(config/docking) by extension 'ros'
[0.270s] Level 1:colcon.colcon_core.package_identification:_identify(config/docking) by extensions ['cmake', 'python']
[0.270s] Level 1:colcon.colcon_core.package_identification:_identify(config/docking) by extension 'cmake'
[0.270s] Level 1:colcon.colcon_core.package_identification:_identify(config/docking) by extension 'python'
[0.270s] Level 1:colcon.colcon_core.package_identification:_identify(config/docking) by extensions ['python_setup_py']
[0.270s] Level 1:colcon.colcon_core.package_identification:_identify(config/docking) by extension 'python_setup_py'
[0.270s] Level 1:colcon.colcon_core.package_identification:_identify(config/nav2) by extensions ['ignore', 'ignore_ament_install']
[0.270s] Level 1:colcon.colcon_core.package_identification:_identify(config/nav2) by extension 'ignore'
[0.270s] Level 1:colcon.colcon_core.package_identification:_identify(config/nav2) by extension 'ignore_ament_install'
[0.270s] Level 1:colcon.colcon_core.package_identification:_identify(config/nav2) by extensions ['colcon_pkg']
[0.270s] Level 1:colcon.colcon_core.package_identification:_identify(config/nav2) by extension 'colcon_pkg'
[0.270s] Level 1:colcon.colcon_core.package_identification:_identify(config/nav2) by extensions ['colcon_meta']
[0.270s] Level 1:colcon.colcon_core.package_identification:_identify(config/nav2) by extension 'colcon_meta'
[0.270s] Level 1:colcon.colcon_core.package_identification:_identify(config/nav2) by extensions ['ros']
[0.270s] Level 1:colcon.colcon_core.package_identification:_identify(config/nav2) by extension 'ros'
[0.270s] Level 1:colcon.colcon_core.package_identification:_identify(config/nav2) by extensions ['cmake', 'python']
[0.270s] Level 1:colcon.colcon_core.package_identification:_identify(config/nav2) by extension 'cmake'
[0.270s] Level 1:colcon.colcon_core.package_identification:_identify(config/nav2) by extension 'python'
[0.270s] Level 1:colcon.colcon_core.package_identification:_identify(config/nav2) by extensions ['python_setup_py']
[0.270s] Level 1:colcon.colcon_core.package_identification:_identify(config/nav2) by extension 'python_setup_py'
[0.270s] Level 1:colcon.colcon_core.package_identification:_identify(config/robot) by extensions ['ignore', 'ignore_ament_install']
[0.270s] Level 1:colcon.colcon_core.package_identification:_identify(config/robot) by extension 'ignore'
[0.270s] Level 1:colcon.colcon_core.package_identification:_identify(config/robot) by extension 'ignore_ament_install'
[0.270s] Level 1:colcon.colcon_core.package_identification:_identify(config/robot) by extensions ['colcon_pkg']
[0.270s] Level 1:colcon.colcon_core.package_identification:_identify(config/robot) by extension 'colcon_pkg'
[0.270s] Level 1:colcon.colcon_core.package_identification:_identify(config/robot) by extensions ['colcon_meta']
[0.270s] Level 1:colcon.colcon_core.package_identification:_identify(config/robot) by extension 'colcon_meta'
[0.270s] Level 1:colcon.colcon_core.package_identification:_identify(config/robot) by extensions ['ros']
[0.270s] Level 1:colcon.colcon_core.package_identification:_identify(config/robot) by extension 'ros'
[0.270s] Level 1:colcon.colcon_core.package_identification:_identify(config/robot) by extensions ['cmake', 'python']
[0.270s] Level 1:colcon.colcon_core.package_identification:_identify(config/robot) by extension 'cmake'
[0.270s] Level 1:colcon.colcon_core.package_identification:_identify(config/robot) by extension 'python'
[0.270s] Level 1:colcon.colcon_core.package_identification:_identify(config/robot) by extensions ['python_setup_py']
[0.270s] Level 1:colcon.colcon_core.package_identification:_identify(config/robot) by extension 'python_setup_py'
[0.270s] Level 1:colcon.colcon_core.package_identification:_identify(config/simulation) by extensions ['ignore', 'ignore_ament_install']
[0.270s] Level 1:colcon.colcon_core.package_identification:_identify(config/simulation) by extension 'ignore'
[0.270s] Level 1:colcon.colcon_core.package_identification:_identify(config/simulation) by extension 'ignore_ament_install'
[0.271s] Level 1:colcon.colcon_core.package_identification:_identify(config/simulation) by extensions ['colcon_pkg']
[0.271s] Level 1:colcon.colcon_core.package_identification:_identify(config/simulation) by extension 'colcon_pkg'
[0.271s] Level 1:colcon.colcon_core.package_identification:_identify(config/simulation) by extensions ['colcon_meta']
[0.271s] Level 1:colcon.colcon_core.package_identification:_identify(config/simulation) by extension 'colcon_meta'
[0.271s] Level 1:colcon.colcon_core.package_identification:_identify(config/simulation) by extensions ['ros']
[0.271s] Level 1:colcon.colcon_core.package_identification:_identify(config/simulation) by extension 'ros'
[0.271s] Level 1:colcon.colcon_core.package_identification:_identify(config/simulation) by extensions ['cmake', 'python']
[0.271s] Level 1:colcon.colcon_core.package_identification:_identify(config/simulation) by extension 'cmake'
[0.271s] Level 1:colcon.colcon_core.package_identification:_identify(config/simulation) by extension 'python'
[0.271s] Level 1:colcon.colcon_core.package_identification:_identify(config/simulation) by extensions ['python_setup_py']
[0.271s] Level 1:colcon.colcon_core.package_identification:_identify(config/simulation) by extension 'python_setup_py'
[0.271s] Level 1:colcon.colcon_core.package_identification:_identify(docs) by extensions ['ignore', 'ignore_ament_install']
[0.271s] Level 1:colcon.colcon_core.package_identification:_identify(docs) by extension 'ignore'
[0.271s] Level 1:colcon.colcon_core.package_identification:_identify(docs) by extension 'ignore_ament_install'
[0.271s] Level 1:colcon.colcon_core.package_identification:_identify(docs) by extensions ['colcon_pkg']
[0.271s] Level 1:colcon.colcon_core.package_identification:_identify(docs) by extension 'colcon_pkg'
[0.271s] Level 1:colcon.colcon_core.package_identification:_identify(docs) by extensions ['colcon_meta']
[0.271s] Level 1:colcon.colcon_core.package_identification:_identify(docs) by extension 'colcon_meta'
[0.271s] Level 1:colcon.colcon_core.package_identification:_identify(docs) by extensions ['ros']
[0.271s] Level 1:colcon.colcon_core.package_identification:_identify(docs) by extension 'ros'
[0.271s] Level 1:colcon.colcon_core.package_identification:_identify(docs) by extensions ['cmake', 'python']
[0.271s] Level 1:colcon.colcon_core.package_identification:_identify(docs) by extension 'cmake'
[0.271s] Level 1:colcon.colcon_core.package_identification:_identify(docs) by extension 'python'
[0.271s] Level 1:colcon.colcon_core.package_identification:_identify(docs) by extensions ['python_setup_py']
[0.271s] Level 1:colcon.colcon_core.package_identification:_identify(docs) by extension 'python_setup_py'
[0.271s] Level 1:colcon.colcon_core.package_identification:_identify(docs/architecture) by extensions ['ignore', 'ignore_ament_install']
[0.271s] Level 1:colcon.colcon_core.package_identification:_identify(docs/architecture) by extension 'ignore'
[0.271s] Level 1:colcon.colcon_core.package_identification:_identify(docs/architecture) by extension 'ignore_ament_install'
[0.271s] Level 1:colcon.colcon_core.package_identification:_identify(docs/architecture) by extensions ['colcon_pkg']
[0.271s] Level 1:colcon.colcon_core.package_identification:_identify(docs/architecture) by extension 'colcon_pkg'
[0.271s] Level 1:colcon.colcon_core.package_identification:_identify(docs/architecture) by extensions ['colcon_meta']
[0.271s] Level 1:colcon.colcon_core.package_identification:_identify(docs/architecture) by extension 'colcon_meta'
[0.271s] Level 1:colcon.colcon_core.package_identification:_identify(docs/architecture) by extensions ['ros']
[0.271s] Level 1:colcon.colcon_core.package_identification:_identify(docs/architecture) by extension 'ros'
[0.271s] Level 1:colcon.colcon_core.package_identification:_identify(docs/architecture) by extensions ['cmake', 'python']
[0.271s] Level 1:colcon.colcon_core.package_identification:_identify(docs/architecture) by extension 'cmake'
[0.271s] Level 1:colcon.colcon_core.package_identification:_identify(docs/architecture) by extension 'python'
[0.271s] Level 1:colcon.colcon_core.package_identification:_identify(docs/architecture) by extensions ['python_setup_py']
[0.271s] Level 1:colcon.colcon_core.package_identification:_identify(docs/architecture) by extension 'python_setup_py'
[0.271s] Level 1:colcon.colcon_core.package_identification:_identify(docs/docking) by extensions ['ignore', 'ignore_ament_install']
[0.272s] Level 1:colcon.colcon_core.package_identification:_identify(docs/docking) by extension 'ignore'
[0.272s] Level 1:colcon.colcon_core.package_identification:_identify(docs/docking) by extension 'ignore_ament_install'
[0.272s] Level 1:colcon.colcon_core.package_identification:_identify(docs/docking) by extensions ['colcon_pkg']
[0.272s] Level 1:colcon.colcon_core.package_identification:_identify(docs/docking) by extension 'colcon_pkg'
[0.272s] Level 1:colcon.colcon_core.package_identification:_identify(docs/docking) by extensions ['colcon_meta']
[0.272s] Level 1:colcon.colcon_core.package_identification:_identify(docs/docking) by extension 'colcon_meta'
[0.272s] Level 1:colcon.colcon_core.package_identification:_identify(docs/docking) by extensions ['ros']
[0.272s] Level 1:colcon.colcon_core.package_identification:_identify(docs/docking) by extension 'ros'
[0.272s] Level 1:colcon.colcon_core.package_identification:_identify(docs/docking) by extensions ['cmake', 'python']
[0.272s] Level 1:colcon.colcon_core.package_identification:_identify(docs/docking) by extension 'cmake'
[0.272s] Level 1:colcon.colcon_core.package_identification:_identify(docs/docking) by extension 'python'
[0.272s] Level 1:colcon.colcon_core.package_identification:_identify(docs/docking) by extensions ['python_setup_py']
[0.272s] Level 1:colcon.colcon_core.package_identification:_identify(docs/docking) by extension 'python_setup_py'
[0.272s] Level 1:colcon.colcon_core.package_identification:_identify(docs/getting_started) by extensions ['ignore', 'ignore_ament_install']
[0.272s] Level 1:colcon.colcon_core.package_identification:_identify(docs/getting_started) by extension 'ignore'
[0.272s] Level 1:colcon.colcon_core.package_identification:_identify(docs/getting_started) by extension 'ignore_ament_install'
[0.272s] Level 1:colcon.colcon_core.package_identification:_identify(docs/getting_started) by extensions ['colcon_pkg']
[0.272s] Level 1:colcon.colcon_core.package_identification:_identify(docs/getting_started) by extension 'colcon_pkg'
[0.272s] Level 1:colcon.colcon_core.package_identification:_identify(docs/getting_started) by extensions ['colcon_meta']
[0.272s] Level 1:colcon.colcon_core.package_identification:_identify(docs/getting_started) by extension 'colcon_meta'
[0.272s] Level 1:colcon.colcon_core.package_identification:_identify(docs/getting_started) by extensions ['ros']
[0.272s] Level 1:colcon.colcon_core.package_identification:_identify(docs/getting_started) by extension 'ros'
[0.272s] Level 1:colcon.colcon_core.package_identification:_identify(docs/getting_started) by extensions ['cmake', 'python']
[0.272s] Level 1:colcon.colcon_core.package_identification:_identify(docs/getting_started) by extension 'cmake'
[0.272s] Level 1:colcon.colcon_core.package_identification:_identify(docs/getting_started) by extension 'python'
[0.272s] Level 1:colcon.colcon_core.package_identification:_identify(docs/getting_started) by extensions ['python_setup_py']
[0.272s] Level 1:colcon.colcon_core.package_identification:_identify(docs/getting_started) by extension 'python_setup_py'
[0.272s] Level 1:colcon.colcon_core.package_identification:_identify(docs/navigation) by extensions ['ignore', 'ignore_ament_install']
[0.272s] Level 1:colcon.colcon_core.package_identification:_identify(docs/navigation) by extension 'ignore'
[0.272s] Level 1:colcon.colcon_core.package_identification:_identify(docs/navigation) by extension 'ignore_ament_install'
[0.272s] Level 1:colcon.colcon_core.package_identification:_identify(docs/navigation) by extensions ['colcon_pkg']
[0.272s] Level 1:colcon.colcon_core.package_identification:_identify(docs/navigation) by extension 'colcon_pkg'
[0.272s] Level 1:colcon.colcon_core.package_identification:_identify(docs/navigation) by extensions ['colcon_meta']
[0.272s] Level 1:colcon.colcon_core.package_identification:_identify(docs/navigation) by extension 'colcon_meta'
[0.272s] Level 1:colcon.colcon_core.package_identification:_identify(docs/navigation) by extensions ['ros']
[0.272s] Level 1:colcon.colcon_core.package_identification:_identify(docs/navigation) by extension 'ros'
[0.272s] Level 1:colcon.colcon_core.package_identification:_identify(docs/navigation) by extensions ['cmake', 'python']
[0.272s] Level 1:colcon.colcon_core.package_identification:_identify(docs/navigation) by extension 'cmake'
[0.272s] Level 1:colcon.colcon_core.package_identification:_identify(docs/navigation) by extension 'python'
[0.272s] Level 1:colcon.colcon_core.package_identification:_identify(docs/navigation) by extensions ['python_setup_py']
[0.273s] Level 1:colcon.colcon_core.package_identification:_identify(docs/navigation) by extension 'python_setup_py'
[0.273s] Level 1:colcon.colcon_core.package_identification:_identify(docs/safety) by extensions ['ignore', 'ignore_ament_install']
[0.273s] Level 1:colcon.colcon_core.package_identification:_identify(docs/safety) by extension 'ignore'
[0.273s] Level 1:colcon.colcon_core.package_identification:_identify(docs/safety) by extension 'ignore_ament_install'
[0.273s] Level 1:colcon.colcon_core.package_identification:_identify(docs/safety) by extensions ['colcon_pkg']
[0.273s] Level 1:colcon.colcon_core.package_identification:_identify(docs/safety) by extension 'colcon_pkg'
[0.273s] Level 1:colcon.colcon_core.package_identification:_identify(docs/safety) by extensions ['colcon_meta']
[0.273s] Level 1:colcon.colcon_core.package_identification:_identify(docs/safety) by extension 'colcon_meta'
[0.273s] Level 1:colcon.colcon_core.package_identification:_identify(docs/safety) by extensions ['ros']
[0.273s] Level 1:colcon.colcon_core.package_identification:_identify(docs/safety) by extension 'ros'
[0.273s] Level 1:colcon.colcon_core.package_identification:_identify(docs/safety) by extensions ['cmake', 'python']
[0.273s] Level 1:colcon.colcon_core.package_identification:_identify(docs/safety) by extension 'cmake'
[0.273s] Level 1:colcon.colcon_core.package_identification:_identify(docs/safety) by extension 'python'
[0.273s] Level 1:colcon.colcon_core.package_identification:_identify(docs/safety) by extensions ['python_setup_py']
[0.273s] Level 1:colcon.colcon_core.package_identification:_identify(docs/safety) by extension 'python_setup_py'
[0.273s] Level 1:colcon.colcon_core.package_identification:_identify(docs/simulation) by extensions ['ignore', 'ignore_ament_install']
[0.273s] Level 1:colcon.colcon_core.package_identification:_identify(docs/simulation) by extension 'ignore'
[0.273s] Level 1:colcon.colcon_core.package_identification:_identify(docs/simulation) by extension 'ignore_ament_install'
[0.273s] Level 1:colcon.colcon_core.package_identification:_identify(docs/simulation) by extensions ['colcon_pkg']
[0.273s] Level 1:colcon.colcon_core.package_identification:_identify(docs/simulation) by extension 'colcon_pkg'
[0.273s] Level 1:colcon.colcon_core.package_identification:_identify(docs/simulation) by extensions ['colcon_meta']
[0.273s] Level 1:colcon.colcon_core.package_identification:_identify(docs/simulation) by extension 'colcon_meta'
[0.273s] Level 1:colcon.colcon_core.package_identification:_identify(docs/simulation) by extensions ['ros']
[0.273s] Level 1:colcon.colcon_core.package_identification:_identify(docs/simulation) by extension 'ros'
[0.273s] Level 1:colcon.colcon_core.package_identification:_identify(docs/simulation) by extensions ['cmake', 'python']
[0.273s] Level 1:colcon.colcon_core.package_identification:_identify(docs/simulation) by extension 'cmake'
[0.273s] Level 1:colcon.colcon_core.package_identification:_identify(docs/simulation) by extension 'python'
[0.273s] Level 1:colcon.colcon_core.package_identification:_identify(docs/simulation) by extensions ['python_setup_py']
[0.273s] Level 1:colcon.colcon_core.package_identification:_identify(docs/simulation) by extension 'python_setup_py'
[0.273s] Level 1:colcon.colcon_core.package_identification:_identify(install) by extensions ['ignore', 'ignore_ament_install']
[0.273s] Level 1:colcon.colcon_core.package_identification:_identify(install) by extension 'ignore'
[0.273s] Level 1:colcon.colcon_core.package_identification:_identify(install) ignored
[0.273s] Level 1:colcon.colcon_core.package_identification:_identify(log) by extensions ['ignore', 'ignore_ament_install']
[0.273s] Level 1:colcon.colcon_core.package_identification:_identify(log) by extension 'ignore'
[0.273s] Level 1:colcon.colcon_core.package_identification:_identify(log) ignored
[0.273s] Level 1:colcon.colcon_core.package_identification:_identify(ros2) by extensions ['ignore', 'ignore_ament_install']
[0.274s] Level 1:colcon.colcon_core.package_identification:_identify(ros2) by extension 'ignore'
[0.274s] Level 1:colcon.colcon_core.package_identification:_identify(ros2) by extension 'ignore_ament_install'
[0.274s] Level 1:colcon.colcon_core.package_identification:_identify(ros2) by extensions ['colcon_pkg']
[0.274s] Level 1:colcon.colcon_core.package_identification:_identify(ros2) by extension 'colcon_pkg'
[0.274s] Level 1:colcon.colcon_core.package_identification:_identify(ros2) by extensions ['colcon_meta']
[0.274s] Level 1:colcon.colcon_core.package_identification:_identify(ros2) by extension 'colcon_meta'
[0.274s] Level 1:colcon.colcon_core.package_identification:_identify(ros2) by extensions ['ros']
[0.274s] Level 1:colcon.colcon_core.package_identification:_identify(ros2) by extension 'ros'
[0.274s] Level 1:colcon.colcon_core.package_identification:_identify(ros2) by extensions ['cmake', 'python']
[0.274s] Level 1:colcon.colcon_core.package_identification:_identify(ros2) by extension 'cmake'
[0.274s] Level 1:colcon.colcon_core.package_identification:_identify(ros2) by extension 'python'
[0.274s] Level 1:colcon.colcon_core.package_identification:_identify(ros2) by extensions ['python_setup_py']
[0.274s] Level 1:colcon.colcon_core.package_identification:_identify(ros2) by extension 'python_setup_py'
[0.274s] Level 1:colcon.colcon_core.package_identification:_identify(ros2/src) by extensions ['ignore', 'ignore_ament_install']
[0.274s] Level 1:colcon.colcon_core.package_identification:_identify(ros2/src) by extension 'ignore'
[0.274s] Level 1:colcon.colcon_core.package_identification:_identify(ros2/src) by extension 'ignore_ament_install'
[0.274s] Level 1:colcon.colcon_core.package_identification:_identify(ros2/src) by extensions ['colcon_pkg']
[0.274s] Level 1:colcon.colcon_core.package_identification:_identify(ros2/src) by extension 'colcon_pkg'
[0.274s] Level 1:colcon.colcon_core.package_identification:_identify(ros2/src) by extensions ['colcon_meta']
[0.274s] Level 1:colcon.colcon_core.package_identification:_identify(ros2/src) by extension 'colcon_meta'
[0.274s] Level 1:colcon.colcon_core.package_identification:_identify(ros2/src) by extensions ['ros']
[0.274s] Level 1:colcon.colcon_core.package_identification:_identify(ros2/src) by extension 'ros'
[0.274s] Level 1:colcon.colcon_core.package_identification:_identify(ros2/src) by extensions ['cmake', 'python']
[0.274s] Level 1:colcon.colcon_core.package_identification:_identify(ros2/src) by extension 'cmake'
[0.274s] Level 1:colcon.colcon_core.package_identification:_identify(ros2/src) by extension 'python'
[0.274s] Level 1:colcon.colcon_core.package_identification:_identify(ros2/src) by extensions ['python_setup_py']
[0.274s] Level 1:colcon.colcon_core.package_identification:_identify(ros2/src) by extension 'python_setup_py'
[0.274s] Level 1:colcon.colcon_core.package_identification:_identify(ros2/src/openamrobot_description) by extensions ['ignore', 'ignore_ament_install']
[0.274s] Level 1:colcon.colcon_core.package_identification:_identify(ros2/src/openamrobot_description) by extension 'ignore'
[0.274s] Level 1:colcon.colcon_core.package_identification:_identify(ros2/src/openamrobot_description) by extension 'ignore_ament_install'
[0.274s] Level 1:colcon.colcon_core.package_identification:_identify(ros2/src/openamrobot_description) by extensions ['colcon_pkg']
[0.274s] Level 1:colcon.colcon_core.package_identification:_identify(ros2/src/openamrobot_description) by extension 'colcon_pkg'
[0.274s] Level 1:colcon.colcon_core.package_identification:_identify(ros2/src/openamrobot_description) by extensions ['colcon_meta']
[0.274s] Level 1:colcon.colcon_core.package_identification:_identify(ros2/src/openamrobot_description) by extension 'colcon_meta'
[0.274s] Level 1:colcon.colcon_core.package_identification:_identify(ros2/src/openamrobot_description) by extensions ['ros']
[0.274s] Level 1:colcon.colcon_core.package_identification:_identify(ros2/src/openamrobot_description) by extension 'ros'
[0.277s] DEBUG:colcon.colcon_core.package_identification:Package 'ros2/src/openamrobot_description' with type 'ros.ament_python' and name 'openamrobot_description'
[0.277s] Level 1:colcon.colcon_core.package_identification:_identify(ros2/src/openamrobot_docking) by extensions ['ignore', 'ignore_ament_install']
[0.277s] Level 1:colcon.colcon_core.package_identification:_identify(ros2/src/openamrobot_docking) by extension 'ignore'
[0.277s] Level 1:colcon.colcon_core.package_identification:_identify(ros2/src/openamrobot_docking) by extension 'ignore_ament_install'
[0.277s] Level 1:colcon.colcon_core.package_identification:_identify(ros2/src/openamrobot_docking) by extensions ['colcon_pkg']
[0.277s] Level 1:colcon.colcon_core.package_identification:_identify(ros2/src/openamrobot_docking) by extension 'colcon_pkg'
[0.277s] Level 1:colcon.colcon_core.package_identification:_identify(ros2/src/openamrobot_docking) by extensions ['colcon_meta']
[0.277s] Level 1:colcon.colcon_core.package_identification:_identify(ros2/src/openamrobot_docking) by extension 'colcon_meta'
[0.277s] Level 1:colcon.colcon_core.package_identification:_identify(ros2/src/openamrobot_docking) by extensions ['ros']
[0.277s] Level 1:colcon.colcon_core.package_identification:_identify(ros2/src/openamrobot_docking) by extension 'ros'
[0.278s] DEBUG:colcon.colcon_core.package_identification:Package 'ros2/src/openamrobot_docking' with type 'ros.ament_cmake' and name 'openamrobot_docking'
[0.278s] Level 1:colcon.colcon_core.package_identification:_identify(ros2/src/openamrobot_gazebo) by extensions ['ignore', 'ignore_ament_install']
[0.278s] Level 1:colcon.colcon_core.package_identification:_identify(ros2/src/openamrobot_gazebo) by extension 'ignore'
[0.278s] Level 1:colcon.colcon_core.package_identification:_identify(ros2/src/openamrobot_gazebo) by extension 'ignore_ament_install'
[0.278s] Level 1:colcon.colcon_core.package_identification:_identify(ros2/src/openamrobot_gazebo) by extensions ['colcon_pkg']
[0.278s] Level 1:colcon.colcon_core.package_identification:_identify(ros2/src/openamrobot_gazebo) by extension 'colcon_pkg'
[0.278s] Level 1:colcon.colcon_core.package_identification:_identify(ros2/src/openamrobot_gazebo) by extensions ['colcon_meta']
[0.278s] Level 1:colcon.colcon_core.package_identification:_identify(ros2/src/openamrobot_gazebo) by extension 'colcon_meta'
[0.278s] Level 1:colcon.colcon_core.package_identification:_identify(ros2/src/openamrobot_gazebo) by extensions ['ros']
[0.278s] Level 1:colcon.colcon_core.package_identification:_identify(ros2/src/openamrobot_gazebo) by extension 'ros'
[0.278s] DEBUG:colcon.colcon_core.package_identification:Failed to parse potential ROS package manifest in'ros2/src/openamrobot_gazebo': Error(s) in package 'ros2/src/openamrobot_gazebo/package.xml':
The manifest contains invalid XML:
no element found: line 1, column 0
[0.278s] Level 1:colcon.colcon_core.package_identification:_identify(ros2/src/openamrobot_gazebo) by extensions ['cmake', 'python']
[0.279s] Level 1:colcon.colcon_core.package_identification:_identify(ros2/src/openamrobot_gazebo) by extension 'cmake'
[0.279s] Level 1:colcon.colcon_core.package_identification:_identify(ros2/src/openamrobot_gazebo) by extension 'python'
[0.279s] DEBUG:colcon.colcon_core.package_identification:Python package in 'ros2/src/openamrobot_gazebo' passes arguments to the setup() function which requires a different identification extension than 'python'
[0.279s] Level 1:colcon.colcon_core.package_identification:_identify(ros2/src/openamrobot_gazebo) by extensions ['python_setup_py']
[0.279s] Level 1:colcon.colcon_core.package_identification:_identify(ros2/src/openamrobot_gazebo) by extension 'python_setup_py'
[0.406s] ERROR:colcon.colcon_core.package_identification:Exception in package identification extension 'python_setup_py' in 'ros2/src/openamrobot_gazebo': Command '['/usr/bin/python3', '-c', 'import sys;from contextlib import suppress;exec("with suppress(ImportError):    from setuptools.extern.packaging.specifiers    import SpecifierSet");exec("with suppress(ImportError):    from packaging.specifiers import SpecifierSet");from distutils.core import run_setup;dist = run_setup(    \'setup.py\', script_args=(\'--dry-run\',), stop_after=\'config\');skip_keys = (\'cmdclass\', \'distclass\', \'ext_modules\', \'metadata\');data = {    key: value for key, value in dist.__dict__.items()     if (        not key.startswith(\'_\') and         not callable(value) and         key not in skip_keys and         key not in dist.display_option_names    )};data[\'metadata\'] = {    k: v for k, v in dist.metadata.__dict__.items()     if k not in (\'license_files\', \'provides_extras\')};sys.stdout.buffer.write(repr(data).encode(\'utf-8\'))']' returned non-zero exit status 1.
Traceback (most recent call last):
  File "/usr/lib/python3/dist-packages/colcon_core/package_identification/__init__.py", line 144, in _identify
    retval = extension.identify(_reused_descriptor_instance)
             ^^^^^^^^^^^^^^^^^^^^^^^^^^^^^^^^^^^^^^^^^^^^^^^
  File "/usr/lib/python3/dist-packages/colcon_python_setup_py/package_identification/python_setup_py.py", line 48, in identify
    config = get_setup_information(setup_py)
             ^^^^^^^^^^^^^^^^^^^^^^^^^^^^^^^
  File "/usr/lib/python3/dist-packages/colcon_python_setup_py/package_identification/python_setup_py.py", line 249, in get_setup_information
    _setup_information_cache[hashable_env] = _get_setup_information(
                                             ^^^^^^^^^^^^^^^^^^^^^^^
  File "/usr/lib/python3/dist-packages/colcon_python_setup_py/package_identification/python_setup_py.py", line 296, in _get_setup_information
    result = subprocess.run(
             ^^^^^^^^^^^^^^^
  File "/usr/lib/python3.12/subprocess.py", line 571, in run
    raise CalledProcessError(retcode, process.args,
subprocess.CalledProcessError: Command '['/usr/bin/python3', '-c', 'import sys;from contextlib import suppress;exec("with suppress(ImportError):    from setuptools.extern.packaging.specifiers    import SpecifierSet");exec("with suppress(ImportError):    from packaging.specifiers import SpecifierSet");from distutils.core import run_setup;dist = run_setup(    \'setup.py\', script_args=(\'--dry-run\',), stop_after=\'config\');skip_keys = (\'cmdclass\', \'distclass\', \'ext_modules\', \'metadata\');data = {    key: value for key, value in dist.__dict__.items()     if (        not key.startswith(\'_\') and         not callable(value) and         key not in skip_keys and         key not in dist.display_option_names    )};data[\'metadata\'] = {    k: v for k, v in dist.metadata.__dict__.items()     if k not in (\'license_files\', \'provides_extras\')};sys.stdout.buffer.write(repr(data).encode(\'utf-8\'))']' returned non-zero exit status 1.

[0.406s] Level 1:colcon.colcon_core.package_identification:_identify(ros2/src/openamrobot_gazebo/config) by extensions ['ignore', 'ignore_ament_install']
[0.406s] Level 1:colcon.colcon_core.package_identification:_identify(ros2/src/openamrobot_gazebo/config) by extension 'ignore'
[0.406s] Level 1:colcon.colcon_core.package_identification:_identify(ros2/src/openamrobot_gazebo/config) by extension 'ignore_ament_install'
[0.406s] Level 1:colcon.colcon_core.package_identification:_identify(ros2/src/openamrobot_gazebo/config) by extensions ['colcon_pkg']
[0.406s] Level 1:colcon.colcon_core.package_identification:_identify(ros2/src/openamrobot_gazebo/config) by extension 'colcon_pkg'
[0.406s] Level 1:colcon.colcon_core.package_identification:_identify(ros2/src/openamrobot_gazebo/config) by extensions ['colcon_meta']
[0.406s] Level 1:colcon.colcon_core.package_identification:_identify(ros2/src/openamrobot_gazebo/config) by extension 'colcon_meta'
[0.406s] Level 1:colcon.colcon_core.package_identification:_identify(ros2/src/openamrobot_gazebo/config) by extensions ['ros']
[0.406s] Level 1:colcon.colcon_core.package_identification:_identify(ros2/src/openamrobot_gazebo/config) by extension 'ros'
[0.406s] Level 1:colcon.colcon_core.package_identification:_identify(ros2/src/openamrobot_gazebo/config) by extensions ['cmake', 'python']
[0.406s] Level 1:colcon.colcon_core.package_identification:_identify(ros2/src/openamrobot_gazebo/config) by extension 'cmake'
[0.406s] Level 1:colcon.colcon_core.package_identification:_identify(ros2/src/openamrobot_gazebo/config) by extension 'python'
[0.406s] Level 1:colcon.colcon_core.package_identification:_identify(ros2/src/openamrobot_gazebo/config) by extensions ['python_setup_py']
[0.406s] Level 1:colcon.colcon_core.package_identification:_identify(ros2/src/openamrobot_gazebo/config) by extension 'python_setup_py'
[0.406s] Level 1:colcon.colcon_core.package_identification:_identify(ros2/src/openamrobot_gazebo/launch) by extensions ['ignore', 'ignore_ament_install']
[0.406s] Level 1:colcon.colcon_core.package_identification:_identify(ros2/src/openamrobot_gazebo/launch) by extension 'ignore'
[0.407s] Level 1:colcon.colcon_core.package_identification:_identify(ros2/src/openamrobot_gazebo/launch) by extension 'ignore_ament_install'
[0.407s] Level 1:colcon.colcon_core.package_identification:_identify(ros2/src/openamrobot_gazebo/launch) by extensions ['colcon_pkg']
[0.407s] Level 1:colcon.colcon_core.package_identification:_identify(ros2/src/openamrobot_gazebo/launch) by extension 'colcon_pkg'
[0.407s] Level 1:colcon.colcon_core.package_identification:_identify(ros2/src/openamrobot_gazebo/launch) by extensions ['colcon_meta']
[0.407s] Level 1:colcon.colcon_core.package_identification:_identify(ros2/src/openamrobot_gazebo/launch) by extension 'colcon_meta'
[0.407s] Level 1:colcon.colcon_core.package_identification:_identify(ros2/src/openamrobot_gazebo/launch) by extensions ['ros']
[0.407s] Level 1:colcon.colcon_core.package_identification:_identify(ros2/src/openamrobot_gazebo/launch) by extension 'ros'
[0.407s] Level 1:colcon.colcon_core.package_identification:_identify(ros2/src/openamrobot_gazebo/launch) by extensions ['cmake', 'python']
[0.407s] Level 1:colcon.colcon_core.package_identification:_identify(ros2/src/openamrobot_gazebo/launch) by extension 'cmake'
[0.407s] Level 1:colcon.colcon_core.package_identification:_identify(ros2/src/openamrobot_gazebo/launch) by extension 'python'
[0.407s] Level 1:colcon.colcon_core.package_identification:_identify(ros2/src/openamrobot_gazebo/launch) by extensions ['python_setup_py']
[0.407s] Level 1:colcon.colcon_core.package_identification:_identify(ros2/src/openamrobot_gazebo/launch) by extension 'python_setup_py'
[0.407s] Level 1:colcon.colcon_core.package_identification:_identify(ros2/src/openamrobot_gazebo/openamrobot_gazebo) by extensions ['ignore', 'ignore_ament_install']
[0.407s] Level 1:colcon.colcon_core.package_identification:_identify(ros2/src/openamrobot_gazebo/openamrobot_gazebo) by extension 'ignore'
[0.407s] Level 1:colcon.colcon_core.package_identification:_identify(ros2/src/openamrobot_gazebo/openamrobot_gazebo) by extension 'ignore_ament_install'
[0.407s] Level 1:colcon.colcon_core.package_identification:_identify(ros2/src/openamrobot_gazebo/openamrobot_gazebo) by extensions ['colcon_pkg']
[0.407s] Level 1:colcon.colcon_core.package_identification:_identify(ros2/src/openamrobot_gazebo/openamrobot_gazebo) by extension 'colcon_pkg'
[0.407s] Level 1:colcon.colcon_core.package_identification:_identify(ros2/src/openamrobot_gazebo/openamrobot_gazebo) by extensions ['colcon_meta']
[0.407s] Level 1:colcon.colcon_core.package_identification:_identify(ros2/src/openamrobot_gazebo/openamrobot_gazebo) by extension 'colcon_meta'
[0.407s] Level 1:colcon.colcon_core.package_identification:_identify(ros2/src/openamrobot_gazebo/openamrobot_gazebo) by extensions ['ros']
[0.407s] Level 1:colcon.colcon_core.package_identification:_identify(ros2/src/openamrobot_gazebo/openamrobot_gazebo) by extension 'ros'
[0.407s] Level 1:colcon.colcon_core.package_identification:_identify(ros2/src/openamrobot_gazebo/openamrobot_gazebo) by extensions ['cmake', 'python']
[0.407s] Level 1:colcon.colcon_core.package_identification:_identify(ros2/src/openamrobot_gazebo/openamrobot_gazebo) by extension 'cmake'
[0.407s] Level 1:colcon.colcon_core.package_identification:_identify(ros2/src/openamrobot_gazebo/openamrobot_gazebo) by extension 'python'
[0.407s] Level 1:colcon.colcon_core.package_identification:_identify(ros2/src/openamrobot_gazebo/openamrobot_gazebo) by extensions ['python_setup_py']
[0.407s] Level 1:colcon.colcon_core.package_identification:_identify(ros2/src/openamrobot_gazebo/openamrobot_gazebo) by extension 'python_setup_py'
[0.407s] Level 1:colcon.colcon_core.package_identification:_identify(ros2/src/openamrobot_gazebo/resource) by extensions ['ignore', 'ignore_ament_install']
[0.407s] Level 1:colcon.colcon_core.package_identification:_identify(ros2/src/openamrobot_gazebo/resource) by extension 'ignore'
[0.407s] Level 1:colcon.colcon_core.package_identification:_identify(ros2/src/openamrobot_gazebo/resource) by extension 'ignore_ament_install'
[0.407s] Level 1:colcon.colcon_core.package_identification:_identify(ros2/src/openamrobot_gazebo/resource) by extensions ['colcon_pkg']
[0.407s] Level 1:colcon.colcon_core.package_identification:_identify(ros2/src/openamrobot_gazebo/resource) by extension 'colcon_pkg'
[0.407s] Level 1:colcon.colcon_core.package_identification:_identify(ros2/src/openamrobot_gazebo/resource) by extensions ['colcon_meta']
[0.407s] Level 1:colcon.colcon_core.package_identification:_identify(ros2/src/openamrobot_gazebo/resource) by extension 'colcon_meta'
[0.407s] Level 1:colcon.colcon_core.package_identification:_identify(ros2/src/openamrobot_gazebo/resource) by extensions ['ros']
[0.407s] Level 1:colcon.colcon_core.package_identification:_identify(ros2/src/openamrobot_gazebo/resource) by extension 'ros'
[0.408s] Level 1:colcon.colcon_core.package_identification:_identify(ros2/src/openamrobot_gazebo/resource) by extensions ['cmake', 'python']
[0.408s] Level 1:colcon.colcon_core.package_identification:_identify(ros2/src/openamrobot_gazebo/resource) by extension 'cmake'
[0.408s] Level 1:colcon.colcon_core.package_identification:_identify(ros2/src/openamrobot_gazebo/resource) by extension 'python'
[0.408s] Level 1:colcon.colcon_core.package_identification:_identify(ros2/src/openamrobot_gazebo/resource) by extensions ['python_setup_py']
[0.408s] Level 1:colcon.colcon_core.package_identification:_identify(ros2/src/openamrobot_gazebo/resource) by extension 'python_setup_py'
[0.408s] Level 1:colcon.colcon_core.package_identification:_identify(ros2/src/openamrobot_gazebo/worlds) by extensions ['ignore', 'ignore_ament_install']
[0.408s] Level 1:colcon.colcon_core.package_identification:_identify(ros2/src/openamrobot_gazebo/worlds) by extension 'ignore'
[0.408s] Level 1:colcon.colcon_core.package_identification:_identify(ros2/src/openamrobot_gazebo/worlds) by extension 'ignore_ament_install'
[0.408s] Level 1:colcon.colcon_core.package_identification:_identify(ros2/src/openamrobot_gazebo/worlds) by extensions ['colcon_pkg']
[0.408s] Level 1:colcon.colcon_core.package_identification:_identify(ros2/src/openamrobot_gazebo/worlds) by extension 'colcon_pkg'
[0.408s] Level 1:colcon.colcon_core.package_identification:_identify(ros2/src/openamrobot_gazebo/worlds) by extensions ['colcon_meta']
[0.408s] Level 1:colcon.colcon_core.package_identification:_identify(ros2/src/openamrobot_gazebo/worlds) by extension 'colcon_meta'
[0.408s] Level 1:colcon.colcon_core.package_identification:_identify(ros2/src/openamrobot_gazebo/worlds) by extensions ['ros']
[0.408s] Level 1:colcon.colcon_core.package_identification:_identify(ros2/src/openamrobot_gazebo/worlds) by extension 'ros'
[0.408s] Level 1:colcon.colcon_core.package_identification:_identify(ros2/src/openamrobot_gazebo/worlds) by extensions ['cmake', 'python']
[0.408s] Level 1:colcon.colcon_core.package_identification:_identify(ros2/src/openamrobot_gazebo/worlds) by extension 'cmake'
[0.408s] Level 1:colcon.colcon_core.package_identification:_identify(ros2/src/openamrobot_gazebo/worlds) by extension 'python'
[0.408s] Level 1:colcon.colcon_core.package_identification:_identify(ros2/src/openamrobot_gazebo/worlds) by extensions ['python_setup_py']
[0.408s] Level 1:colcon.colcon_core.package_identification:_identify(ros2/src/openamrobot_gazebo/worlds) by extension 'python_setup_py'
[0.408s] Level 1:colcon.colcon_core.package_identification:_identify(ros2/src/openamrobot_nav2) by extensions ['ignore', 'ignore_ament_install']
[0.408s] Level 1:colcon.colcon_core.package_identification:_identify(ros2/src/openamrobot_nav2) by extension 'ignore'
[0.408s] Level 1:colcon.colcon_core.package_identification:_identify(ros2/src/openamrobot_nav2) by extension 'ignore_ament_install'
[0.408s] Level 1:colcon.colcon_core.package_identification:_identify(ros2/src/openamrobot_nav2) by extensions ['colcon_pkg']
[0.408s] Level 1:colcon.colcon_core.package_identification:_identify(ros2/src/openamrobot_nav2) by extension 'colcon_pkg'
[0.408s] Level 1:colcon.colcon_core.package_identification:_identify(ros2/src/openamrobot_nav2) by extensions ['colcon_meta']
[0.408s] Level 1:colcon.colcon_core.package_identification:_identify(ros2/src/openamrobot_nav2) by extension 'colcon_meta'
[0.408s] Level 1:colcon.colcon_core.package_identification:_identify(ros2/src/openamrobot_nav2) by extensions ['ros']
[0.408s] Level 1:colcon.colcon_core.package_identification:_identify(ros2/src/openamrobot_nav2) by extension 'ros'
[0.409s] DEBUG:colcon.colcon_core.package_identification:Package 'ros2/src/openamrobot_nav2' with type 'ros.ament_python' and name 'openamrobot_nav2'
[0.409s] Level 1:colcon.colcon_core.package_identification:_identify(scripts) by extensions ['ignore', 'ignore_ament_install']
[0.409s] Level 1:colcon.colcon_core.package_identification:_identify(scripts) by extension 'ignore'
[0.409s] Level 1:colcon.colcon_core.package_identification:_identify(scripts) by extension 'ignore_ament_install'
[0.409s] Level 1:colcon.colcon_core.package_identification:_identify(scripts) by extensions ['colcon_pkg']
[0.409s] Level 1:colcon.colcon_core.package_identification:_identify(scripts) by extension 'colcon_pkg'
[0.409s] Level 1:colcon.colcon_core.package_identification:_identify(scripts) by extensions ['colcon_meta']
[0.409s] Level 1:colcon.colcon_core.package_identification:_identify(scripts) by extension 'colcon_meta'
[0.409s] Level 1:colcon.colcon_core.package_identification:_identify(scripts) by extensions ['ros']
[0.409s] Level 1:colcon.colcon_core.package_identification:_identify(scripts) by extension 'ros'
[0.409s] Level 1:colcon.colcon_core.package_identification:_identify(scripts) by extensions ['cmake', 'python']
[0.409s] Level 1:colcon.colcon_core.package_identification:_identify(scripts) by extension 'cmake'
[0.409s] Level 1:colcon.colcon_core.package_identification:_identify(scripts) by extension 'python'
[0.409s] Level 1:colcon.colcon_core.package_identification:_identify(scripts) by extensions ['python_setup_py']
[0.409s] Level 1:colcon.colcon_core.package_identification:_identify(scripts) by extension 'python_setup_py'
[0.409s] Level 1:colcon.colcon_core.package_identification:_identify(simulation) by extensions ['ignore', 'ignore_ament_install']
[0.409s] Level 1:colcon.colcon_core.package_identification:_identify(simulation) by extension 'ignore'
[0.409s] Level 1:colcon.colcon_core.package_identification:_identify(simulation) by extension 'ignore_ament_install'
[0.409s] Level 1:colcon.colcon_core.package_identification:_identify(simulation) by extensions ['colcon_pkg']
[0.409s] Level 1:colcon.colcon_core.package_identification:_identify(simulation) by extension 'colcon_pkg'
[0.409s] Level 1:colcon.colcon_core.package_identification:_identify(simulation) by extensions ['colcon_meta']
[0.409s] Level 1:colcon.colcon_core.package_identification:_identify(simulation) by extension 'colcon_meta'
[0.409s] Level 1:colcon.colcon_core.package_identification:_identify(simulation) by extensions ['ros']
[0.409s] Level 1:colcon.colcon_core.package_identification:_identify(simulation) by extension 'ros'
[0.409s] Level 1:colcon.colcon_core.package_identification:_identify(simulation) by extensions ['cmake', 'python']
[0.409s] Level 1:colcon.colcon_core.package_identification:_identify(simulation) by extension 'cmake'
[0.409s] Level 1:colcon.colcon_core.package_identification:_identify(simulation) by extension 'python'
[0.410s] Level 1:colcon.colcon_core.package_identification:_identify(simulation) by extensions ['python_setup_py']
[0.410s] Level 1:colcon.colcon_core.package_identification:_identify(simulation) by extension 'python_setup_py'
[0.410s] Level 1:colcon.colcon_core.package_identification:_identify(simulation/models) by extensions ['ignore', 'ignore_ament_install']
[0.410s] Level 1:colcon.colcon_core.package_identification:_identify(simulation/models) by extension 'ignore'
[0.410s] Level 1:colcon.colcon_core.package_identification:_identify(simulation/models) by extension 'ignore_ament_install'
[0.410s] Level 1:colcon.colcon_core.package_identification:_identify(simulation/models) by extensions ['colcon_pkg']
[0.410s] Level 1:colcon.colcon_core.package_identification:_identify(simulation/models) by extension 'colcon_pkg'
[0.410s] Level 1:colcon.colcon_core.package_identification:_identify(simulation/models) by extensions ['colcon_meta']
[0.410s] Level 1:colcon.colcon_core.package_identification:_identify(simulation/models) by extension 'colcon_meta'
[0.410s] Level 1:colcon.colcon_core.package_identification:_identify(simulation/models) by extensions ['ros']
[0.410s] Level 1:colcon.colcon_core.package_identification:_identify(simulation/models) by extension 'ros'
[0.410s] Level 1:colcon.colcon_core.package_identification:_identify(simulation/models) by extensions ['cmake', 'python']
[0.410s] Level 1:colcon.colcon_core.package_identification:_identify(simulation/models) by extension 'cmake'
[0.410s] Level 1:colcon.colcon_core.package_identification:_identify(simulation/models) by extension 'python'
[0.410s] Level 1:colcon.colcon_core.package_identification:_identify(simulation/models) by extensions ['python_setup_py']
[0.410s] Level 1:colcon.colcon_core.package_identification:_identify(simulation/models) by extension 'python_setup_py'
[0.410s] Level 1:colcon.colcon_core.package_identification:_identify(simulation/scenarios) by extensions ['ignore', 'ignore_ament_install']
[0.410s] Level 1:colcon.colcon_core.package_identification:_identify(simulation/scenarios) by extension 'ignore'
[0.410s] Level 1:colcon.colcon_core.package_identification:_identify(simulation/scenarios) by extension 'ignore_ament_install'
[0.410s] Level 1:colcon.colcon_core.package_identification:_identify(simulation/scenarios) by extensions ['colcon_pkg']
[0.410s] Level 1:colcon.colcon_core.package_identification:_identify(simulation/scenarios) by extension 'colcon_pkg'
[0.410s] Level 1:colcon.colcon_core.package_identification:_identify(simulation/scenarios) by extensions ['colcon_meta']
[0.410s] Level 1:colcon.colcon_core.package_identification:_identify(simulation/scenarios) by extension 'colcon_meta'
[0.410s] Level 1:colcon.colcon_core.package_identification:_identify(simulation/scenarios) by extensions ['ros']
[0.410s] Level 1:colcon.colcon_core.package_identification:_identify(simulation/scenarios) by extension 'ros'
[0.410s] Level 1:colcon.colcon_core.package_identification:_identify(simulation/scenarios) by extensions ['cmake', 'python']
[0.410s] Level 1:colcon.colcon_core.package_identification:_identify(simulation/scenarios) by extension 'cmake'
[0.410s] Level 1:colcon.colcon_core.package_identification:_identify(simulation/scenarios) by extension 'python'
[0.410s] Level 1:colcon.colcon_core.package_identification:_identify(simulation/scenarios) by extensions ['python_setup_py']
[0.410s] Level 1:colcon.colcon_core.package_identification:_identify(simulation/scenarios) by extension 'python_setup_py'
[0.410s] Level 1:colcon.colcon_core.package_identification:_identify(simulation/worlds) by extensions ['ignore', 'ignore_ament_install']
[0.410s] Level 1:colcon.colcon_core.package_identification:_identify(simulation/worlds) by extension 'ignore'
[0.410s] Level 1:colcon.colcon_core.package_identification:_identify(simulation/worlds) by extension 'ignore_ament_install'
[0.410s] Level 1:colcon.colcon_core.package_identification:_identify(simulation/worlds) by extensions ['colcon_pkg']
[0.410s] Level 1:colcon.colcon_core.package_identification:_identify(simulation/worlds) by extension 'colcon_pkg'
[0.410s] Level 1:colcon.colcon_core.package_identification:_identify(simulation/worlds) by extensions ['colcon_meta']
[0.410s] Level 1:colcon.colcon_core.package_identification:_identify(simulation/worlds) by extension 'colcon_meta'
[0.410s] Level 1:colcon.colcon_core.package_identification:_identify(simulation/worlds) by extensions ['ros']
[0.410s] Level 1:colcon.colcon_core.package_identification:_identify(simulation/worlds) by extension 'ros'
[0.411s] Level 1:colcon.colcon_core.package_identification:_identify(simulation/worlds) by extensions ['cmake', 'python']
[0.411s] Level 1:colcon.colcon_core.package_identification:_identify(simulation/worlds) by extension 'cmake'
[0.411s] Level 1:colcon.colcon_core.package_identification:_identify(simulation/worlds) by extension 'python'
[0.411s] Level 1:colcon.colcon_core.package_identification:_identify(simulation/worlds) by extensions ['python_setup_py']
[0.411s] Level 1:colcon.colcon_core.package_identification:_identify(simulation/worlds) by extension 'python_setup_py'
[0.411s] Level 1:colcon.colcon_core.package_identification:_identify(tools) by extensions ['ignore', 'ignore_ament_install']
[0.411s] Level 1:colcon.colcon_core.package_identification:_identify(tools) by extension 'ignore'
[0.411s] Level 1:colcon.colcon_core.package_identification:_identify(tools) by extension 'ignore_ament_install'
[0.411s] Level 1:colcon.colcon_core.package_identification:_identify(tools) by extensions ['colcon_pkg']
[0.411s] Level 1:colcon.colcon_core.package_identification:_identify(tools) by extension 'colcon_pkg'
[0.411s] Level 1:colcon.colcon_core.package_identification:_identify(tools) by extensions ['colcon_meta']
[0.411s] Level 1:colcon.colcon_core.package_identification:_identify(tools) by extension 'colcon_meta'
[0.411s] Level 1:colcon.colcon_core.package_identification:_identify(tools) by extensions ['ros']
[0.411s] Level 1:colcon.colcon_core.package_identification:_identify(tools) by extension 'ros'
[0.411s] Level 1:colcon.colcon_core.package_identification:_identify(tools) by extensions ['cmake', 'python']
[0.411s] Level 1:colcon.colcon_core.package_identification:_identify(tools) by extension 'cmake'
[0.411s] Level 1:colcon.colcon_core.package_identification:_identify(tools) by extension 'python'
[0.411s] Level 1:colcon.colcon_core.package_identification:_identify(tools) by extensions ['python_setup_py']
[0.411s] Level 1:colcon.colcon_core.package_identification:_identify(tools) by extension 'python_setup_py'
[0.411s] Level 1:colcon.colcon_core.package_discovery:discover_packages(recursive) using defaults
[0.411s] Level 1:colcon.colcon_core.package_discovery:discover_packages(ignore) discover
[0.411s] Level 1:colcon.colcon_core.package_discovery:discover_packages(ignore) using defaults
[0.411s] Level 1:colcon.colcon_core.package_discovery:discover_packages(path) discover
[0.411s] Level 1:colcon.colcon_core.package_discovery:discover_packages(path) using defaults
[0.431s] Level 1:colcon.colcon_core.package_discovery:discover_packages(prefix_path) check parameters
[0.431s] Level 1:colcon.colcon_core.package_discovery:discover_packages(prefix_path) discover
[0.435s] DEBUG:colcon.colcon_installed_package_information.package_discovery:Found 517 installed packages in /opt/ros/jazzy
[0.436s] Level 1:colcon.colcon_core.package_discovery:discover_packages(prefix_path) using defaults
[0.489s] Level 5:colcon.colcon_core.verb:set package 'openamrobot_description' build argument 'cmake_args' from command line to 'None'
[0.489s] Level 5:colcon.colcon_core.verb:set package 'openamrobot_description' build argument 'cmake_target' from command line to 'None'
[0.489s] Level 5:colcon.colcon_core.verb:set package 'openamrobot_description' build argument 'cmake_target_skip_unavailable' from command line to 'False'
[0.489s] Level 5:colcon.colcon_core.verb:set package 'openamrobot_description' build argument 'cmake_clean_cache' from command line to 'False'
[0.489s] Level 5:colcon.colcon_core.verb:set package 'openamrobot_description' build argument 'cmake_clean_first' from command line to 'False'
[0.489s] Level 5:colcon.colcon_core.verb:set package 'openamrobot_description' build argument 'cmake_force_configure' from command line to 'False'
[0.489s] Level 5:colcon.colcon_core.verb:set package 'openamrobot_description' build argument 'ament_cmake_args' from command line to 'None'
[0.489s] Level 5:colcon.colcon_core.verb:set package 'openamrobot_description' build argument 'catkin_cmake_args' from command line to 'None'
[0.489s] Level 5:colcon.colcon_core.verb:set package 'openamrobot_description' build argument 'catkin_skip_building_tests' from command line to 'False'
[0.489s] DEBUG:colcon.colcon_core.verb:Building package 'openamrobot_description' with the following arguments: {'ament_cmake_args': None, 'build_base': '/home/raj/openamr-platform-sw/build/openamrobot_description', 'catkin_cmake_args': None, 'catkin_skip_building_tests': False, 'cmake_args': None, 'cmake_clean_cache': False, 'cmake_clean_first': False, 'cmake_force_configure': False, 'cmake_target': None, 'cmake_target_skip_unavailable': False, 'install_base': '/home/raj/openamr-platform-sw/install/openamrobot_description', 'merge_install': False, 'path': '/home/raj/openamr-platform-sw/ros2/src/openamrobot_description', 'symlink_install': False, 'test_result_base': None}
[0.490s] Level 5:colcon.colcon_core.verb:set package 'openamrobot_docking' build argument 'cmake_args' from command line to 'None'
[0.490s] Level 5:colcon.colcon_core.verb:set package 'openamrobot_docking' build argument 'cmake_target' from command line to 'None'
[0.490s] Level 5:colcon.colcon_core.verb:set package 'openamrobot_docking' build argument 'cmake_target_skip_unavailable' from command line to 'False'
[0.490s] Level 5:colcon.colcon_core.verb:set package 'openamrobot_docking' build argument 'cmake_clean_cache' from command line to 'False'
[0.490s] Level 5:colcon.colcon_core.verb:set package 'openamrobot_docking' build argument 'cmake_clean_first' from command line to 'False'
[0.490s] Level 5:colcon.colcon_core.verb:set package 'openamrobot_docking' build argument 'cmake_force_configure' from command line to 'False'
[0.490s] Level 5:colcon.colcon_core.verb:set package 'openamrobot_docking' build argument 'ament_cmake_args' from command line to 'None'
[0.490s] Level 5:colcon.colcon_core.verb:set package 'openamrobot_docking' build argument 'catkin_cmake_args' from command line to 'None'
[0.490s] Level 5:colcon.colcon_core.verb:set package 'openamrobot_docking' build argument 'catkin_skip_building_tests' from command line to 'False'
[0.490s] DEBUG:colcon.colcon_core.verb:Building package 'openamrobot_docking' with the following arguments: {'ament_cmake_args': None, 'build_base': '/home/raj/openamr-platform-sw/build/openamrobot_docking', 'catkin_cmake_args': None, 'catkin_skip_building_tests': False, 'cmake_args': None, 'cmake_clean_cache': False, 'cmake_clean_first': False, 'cmake_force_configure': False, 'cmake_target': None, 'cmake_target_skip_unavailable': False, 'install_base': '/home/raj/openamr-platform-sw/install/openamrobot_docking', 'merge_install': False, 'path': '/home/raj/openamr-platform-sw/ros2/src/openamrobot_docking', 'symlink_install': False, 'test_result_base': None}
[0.490s] Level 5:colcon.colcon_core.verb:set package 'openamrobot_nav2' build argument 'cmake_args' from command line to 'None'
[0.490s] Level 5:colcon.colcon_core.verb:set package 'openamrobot_nav2' build argument 'cmake_target' from command line to 'None'
[0.490s] Level 5:colcon.colcon_core.verb:set package 'openamrobot_nav2' build argument 'cmake_target_skip_unavailable' from command line to 'False'
[0.490s] Level 5:colcon.colcon_core.verb:set package 'openamrobot_nav2' build argument 'cmake_clean_cache' from command line to 'False'
[0.490s] Level 5:colcon.colcon_core.verb:set package 'openamrobot_nav2' build argument 'cmake_clean_first' from command line to 'False'
[0.490s] Level 5:colcon.colcon_core.verb:set package 'openamrobot_nav2' build argument 'cmake_force_configure' from command line to 'False'
[0.490s] Level 5:colcon.colcon_core.verb:set package 'openamrobot_nav2' build argument 'ament_cmake_args' from command line to 'None'
[0.490s] Level 5:colcon.colcon_core.verb:set package 'openamrobot_nav2' build argument 'catkin_cmake_args' from command line to 'None'
[0.490s] Level 5:colcon.colcon_core.verb:set package 'openamrobot_nav2' build argument 'catkin_skip_building_tests' from command line to 'False'
[0.490s] DEBUG:colcon.colcon_core.verb:Building package 'openamrobot_nav2' with the following arguments: {'ament_cmake_args': None, 'build_base': '/home/raj/openamr-platform-sw/build/openamrobot_nav2', 'catkin_cmake_args': None, 'catkin_skip_building_tests': False, 'cmake_args': None, 'cmake_clean_cache': False, 'cmake_clean_first': False, 'cmake_force_configure': False, 'cmake_target': None, 'cmake_target_skip_unavailable': False, 'install_base': '/home/raj/openamr-platform-sw/install/openamrobot_nav2', 'merge_install': False, 'path': '/home/raj/openamr-platform-sw/ros2/src/openamrobot_nav2', 'symlink_install': False, 'test_result_base': None}
[0.490s] INFO:colcon.colcon_core.executor:Executing jobs using 'parallel' executor
[0.491s] DEBUG:colcon.colcon_parallel_executor.executor.parallel:run_until_complete
[0.491s] INFO:colcon.colcon_ros.task.ament_python.build:Building ROS package in '/home/raj/openamr-platform-sw/ros2/src/openamrobot_description' with build type 'ament_python'
[0.491s] Level 1:colcon.colcon_core.shell:create_environment_hook('openamrobot_description', 'ament_prefix_path')
[0.494s] INFO:colcon.colcon_core.plugin_system:Skipping extension 'colcon_core.shell.bat': Not used on non-Windows systems
[0.494s] INFO:colcon.colcon_core.shell:Creating environment hook '/home/raj/openamr-platform-sw/install/openamrobot_description/share/openamrobot_description/hook/ament_prefix_path.ps1'
[0.494s] INFO:colcon.colcon_core.shell:Creating environment descriptor '/home/raj/openamr-platform-sw/install/openamrobot_description/share/openamrobot_description/hook/ament_prefix_path.dsv'
[0.495s] INFO:colcon.colcon_core.shell:Creating environment hook '/home/raj/openamr-platform-sw/install/openamrobot_description/share/openamrobot_description/hook/ament_prefix_path.sh'
[0.496s] INFO:colcon.colcon_core.shell:Skip shell extension 'powershell' for command environment: Not usable outside of PowerShell
[0.496s] DEBUG:colcon.colcon_core.shell:Skip shell extension 'dsv' for command environment
[0.499s] INFO:colcon.colcon_ros.task.ament_cmake.build:Building ROS package in '/home/raj/openamr-platform-sw/ros2/src/openamrobot_docking' with build type 'ament_cmake'
[0.499s] INFO:colcon.colcon_cmake.task.cmake.build:Building CMake package in '/home/raj/openamr-platform-sw/ros2/src/openamrobot_docking'
[0.499s] INFO:colcon.colcon_core.shell:Skip shell extension 'powershell' for command environment: Not usable outside of PowerShell
[0.499s] DEBUG:colcon.colcon_core.shell:Skip shell extension 'dsv' for command environment
[0.503s] INFO:colcon.colcon_ros.task.ament_python.build:Building ROS package in '/home/raj/openamr-platform-sw/ros2/src/openamrobot_nav2' with build type 'ament_python'
[0.503s] Level 1:colcon.colcon_core.shell:create_environment_hook('openamrobot_nav2', 'ament_prefix_path')
[0.503s] INFO:colcon.colcon_core.shell:Creating environment hook '/home/raj/openamr-platform-sw/install/openamrobot_nav2/share/openamrobot_nav2/hook/ament_prefix_path.ps1'
[0.503s] INFO:colcon.colcon_core.shell:Creating environment descriptor '/home/raj/openamr-platform-sw/install/openamrobot_nav2/share/openamrobot_nav2/hook/ament_prefix_path.dsv'
[0.504s] INFO:colcon.colcon_core.shell:Creating environment hook '/home/raj/openamr-platform-sw/install/openamrobot_nav2/share/openamrobot_nav2/hook/ament_prefix_path.sh'
[0.504s] INFO:colcon.colcon_core.shell:Skip shell extension 'powershell' for command environment: Not usable outside of PowerShell
[0.504s] DEBUG:colcon.colcon_core.shell:Skip shell extension 'dsv' for command environment
[0.676s] INFO:colcon.colcon_core.task.python.build:Building Python package in '/home/raj/openamr-platform-sw/ros2/src/openamrobot_description'
[0.676s] INFO:colcon.colcon_core.shell:Skip shell extension 'powershell' for command environment: Not usable outside of PowerShell
[0.676s] DEBUG:colcon.colcon_core.shell:Skip shell extension 'dsv' for command environment
[0.681s] DEBUG:colcon.colcon_core.event_handler.log_command:Invoking command in '/home/raj/openamr-platform-sw/build/openamrobot_docking': CMAKE_PREFIX_PATH=${CMAKE_PREFIX_PATH}:/opt/ros/jazzy DEBUGINFOD_URLS=https://debuginfod.ubuntu.com /usr/bin/cmake /home/raj/openamr-platform-sw/ros2/src/openamrobot_docking -DCMAKE_INSTALL_PREFIX=/home/raj/openamr-platform-sw/install/openamrobot_docking
[0.836s] INFO:colcon.colcon_core.task.python.build:Building Python package in '/home/raj/openamr-platform-sw/ros2/src/openamrobot_nav2'
[0.836s] INFO:colcon.colcon_core.shell:Skip shell extension 'powershell' for command environment: Not usable outside of PowerShell
[0.837s] DEBUG:colcon.colcon_core.shell:Skip shell extension 'dsv' for command environment
[1.312s] DEBUG:colcon.colcon_core.event_handler.log_command:Invoking command in '/home/raj/openamr-platform-sw/ros2/src/openamrobot_nav2': DEBUGINFOD_URLS=https://debuginfod.ubuntu.com PYTHONPATH=/home/raj/openamr-platform-sw/build/openamrobot_nav2/prefix_override:/usr/lib/python3/dist-packages/colcon_core/task/python/colcon_distutils_commands:/home/raj/openamr-platform-sw/install/openamrobot_nav2/lib/python3.12/site-packages:${PYTHONPATH} /usr/bin/python3 -W ignore:setup.py install is deprecated -W ignore:easy_install command is deprecated setup.py egg_info --egg-base ../../../build/openamrobot_nav2 build --build-base /home/raj/openamr-platform-sw/build/openamrobot_nav2/build install --record /home/raj/openamr-platform-sw/build/openamrobot_nav2/install.log --single-version-externally-managed install_data
[1.314s] DEBUG:colcon.colcon_core.event_handler.log_command:Invoking command in '/home/raj/openamr-platform-sw/ros2/src/openamrobot_description': DEBUGINFOD_URLS=https://debuginfod.ubuntu.com PYTHONPATH=/home/raj/openamr-platform-sw/build/openamrobot_description/prefix_override:/usr/lib/python3/dist-packages/colcon_core/task/python/colcon_distutils_commands:/home/raj/openamr-platform-sw/install/openamrobot_description/lib/python3.12/site-packages:${PYTHONPATH} /usr/bin/python3 -W ignore:setup.py install is deprecated -W ignore:easy_install command is deprecated setup.py egg_info --egg-base ../../../build/openamrobot_description build --build-base /home/raj/openamr-platform-sw/build/openamrobot_description/build install --record /home/raj/openamr-platform-sw/build/openamrobot_description/install.log --single-version-externally-managed install_data
[1.641s] DEBUG:colcon.colcon_core.event_handler.log_command:Invoked command in '/home/raj/openamr-platform-sw/ros2/src/openamrobot_nav2' returned '0': DEBUGINFOD_URLS=https://debuginfod.ubuntu.com PYTHONPATH=/home/raj/openamr-platform-sw/build/openamrobot_nav2/prefix_override:/usr/lib/python3/dist-packages/colcon_core/task/python/colcon_distutils_commands:/home/raj/openamr-platform-sw/install/openamrobot_nav2/lib/python3.12/site-packages:${PYTHONPATH} /usr/bin/python3 -W ignore:setup.py install is deprecated -W ignore:easy_install command is deprecated setup.py egg_info --egg-base ../../../build/openamrobot_nav2 build --build-base /home/raj/openamr-platform-sw/build/openamrobot_nav2/build install --record /home/raj/openamr-platform-sw/build/openamrobot_nav2/install.log --single-version-externally-managed install_data
[1.644s] Level 1:colcon.colcon_core.environment:checking '/home/raj/openamr-platform-sw/install/openamrobot_nav2' for CMake module files
[1.644s] Level 1:colcon.colcon_core.environment:checking '/home/raj/openamr-platform-sw/install/openamrobot_nav2' for CMake config files
[1.644s] Level 1:colcon.colcon_core.environment:checking '/home/raj/openamr-platform-sw/install/openamrobot_nav2/lib'
[1.644s] Level 1:colcon.colcon_core.environment:checking '/home/raj/openamr-platform-sw/install/openamrobot_nav2/bin'
[1.644s] Level 1:colcon.colcon_core.environment:checking '/home/raj/openamr-platform-sw/install/openamrobot_nav2/lib/pkgconfig/openamrobot_nav2.pc'
[1.644s] Level 1:colcon.colcon_core.environment:checking '/home/raj/openamr-platform-sw/install/openamrobot_nav2/lib/python3.12/site-packages'
[1.645s] Level 1:colcon.colcon_core.shell:create_environment_hook('openamrobot_nav2', 'pythonpath')
[1.645s] INFO:colcon.colcon_core.shell:Creating environment hook '/home/raj/openamr-platform-sw/install/openamrobot_nav2/share/openamrobot_nav2/hook/pythonpath.ps1'
[1.645s] INFO:colcon.colcon_core.shell:Creating environment descriptor '/home/raj/openamr-platform-sw/install/openamrobot_nav2/share/openamrobot_nav2/hook/pythonpath.dsv'
[1.645s] INFO:colcon.colcon_core.shell:Creating environment hook '/home/raj/openamr-platform-sw/install/openamrobot_nav2/share/openamrobot_nav2/hook/pythonpath.sh'
[1.645s] Level 1:colcon.colcon_core.environment:checking '/home/raj/openamr-platform-sw/install/openamrobot_nav2/bin'
[1.645s] Level 1:colcon.colcon_core.environment:create_environment_scripts_only(openamrobot_nav2)
[1.646s] INFO:colcon.colcon_core.shell:Creating package script '/home/raj/openamr-platform-sw/install/openamrobot_nav2/share/openamrobot_nav2/package.ps1'
[1.646s] INFO:colcon.colcon_core.shell:Creating package descriptor '/home/raj/openamr-platform-sw/install/openamrobot_nav2/share/openamrobot_nav2/package.dsv'
[1.647s] INFO:colcon.colcon_core.shell:Creating package script '/home/raj/openamr-platform-sw/install/openamrobot_nav2/share/openamrobot_nav2/package.sh'
[1.647s] INFO:colcon.colcon_core.shell:Creating package script '/home/raj/openamr-platform-sw/install/openamrobot_nav2/share/openamrobot_nav2/package.bash'
[1.648s] INFO:colcon.colcon_core.shell:Creating package script '/home/raj/openamr-platform-sw/install/openamrobot_nav2/share/openamrobot_nav2/package.zsh'
[1.648s] Level 1:colcon.colcon_core.environment:create_file_with_runtime_dependencies(/home/raj/openamr-platform-sw/install/openamrobot_nav2/share/colcon-core/packages/openamrobot_nav2)
[1.654s] Level 1:colcon.colcon_core.environment:checking '/home/raj/openamr-platform-sw/install/openamrobot_description' for CMake module files
[1.654s] DEBUG:colcon.colcon_core.event_handler.log_command:Invoked command in '/home/raj/openamr-platform-sw/ros2/src/openamrobot_description' returned '0': DEBUGINFOD_URLS=https://debuginfod.ubuntu.com PYTHONPATH=/home/raj/openamr-platform-sw/build/openamrobot_description/prefix_override:/usr/lib/python3/dist-packages/colcon_core/task/python/colcon_distutils_commands:/home/raj/openamr-platform-sw/install/openamrobot_description/lib/python3.12/site-packages:${PYTHONPATH} /usr/bin/python3 -W ignore:setup.py install is deprecated -W ignore:easy_install command is deprecated setup.py egg_info --egg-base ../../../build/openamrobot_description build --build-base /home/raj/openamr-platform-sw/build/openamrobot_description/build install --record /home/raj/openamr-platform-sw/build/openamrobot_description/install.log --single-version-externally-managed install_data
[1.655s] Level 1:colcon.colcon_core.environment:checking '/home/raj/openamr-platform-sw/install/openamrobot_description' for CMake config files
[1.655s] Level 1:colcon.colcon_core.environment:checking '/home/raj/openamr-platform-sw/install/openamrobot_description/lib'
[1.655s] Level 1:colcon.colcon_core.environment:checking '/home/raj/openamr-platform-sw/install/openamrobot_description/bin'
[1.655s] Level 1:colcon.colcon_core.environment:checking '/home/raj/openamr-platform-sw/install/openamrobot_description/lib/pkgconfig/openamrobot_description.pc'
[1.656s] Level 1:colcon.colcon_core.environment:checking '/home/raj/openamr-platform-sw/install/openamrobot_description/lib/python3.12/site-packages'
[1.656s] Level 1:colcon.colcon_core.shell:create_environment_hook('openamrobot_description', 'pythonpath')
[1.656s] INFO:colcon.colcon_core.shell:Creating environment hook '/home/raj/openamr-platform-sw/install/openamrobot_description/share/openamrobot_description/hook/pythonpath.ps1'
[1.656s] INFO:colcon.colcon_core.shell:Creating environment descriptor '/home/raj/openamr-platform-sw/install/openamrobot_description/share/openamrobot_description/hook/pythonpath.dsv'
[1.656s] INFO:colcon.colcon_core.shell:Creating environment hook '/home/raj/openamr-platform-sw/install/openamrobot_description/share/openamrobot_description/hook/pythonpath.sh'
[1.657s] Level 1:colcon.colcon_core.environment:checking '/home/raj/openamr-platform-sw/install/openamrobot_description/bin'
[1.657s] Level 1:colcon.colcon_core.environment:create_environment_scripts_only(openamrobot_description)
[1.657s] INFO:colcon.colcon_core.shell:Creating package script '/home/raj/openamr-platform-sw/install/openamrobot_description/share/openamrobot_description/package.ps1'
[1.657s] INFO:colcon.colcon_core.shell:Creating package descriptor '/home/raj/openamr-platform-sw/install/openamrobot_description/share/openamrobot_description/package.dsv'
[1.657s] INFO:colcon.colcon_core.shell:Creating package script '/home/raj/openamr-platform-sw/install/openamrobot_description/share/openamrobot_description/package.sh'
[1.657s] INFO:colcon.colcon_core.shell:Creating package script '/home/raj/openamr-platform-sw/install/openamrobot_description/share/openamrobot_description/package.bash'
[1.658s] INFO:colcon.colcon_core.shell:Creating package script '/home/raj/openamr-platform-sw/install/openamrobot_description/share/openamrobot_description/package.zsh'
[1.658s] Level 1:colcon.colcon_core.environment:create_file_with_runtime_dependencies(/home/raj/openamr-platform-sw/install/openamrobot_description/share/colcon-core/packages/openamrobot_description)
[2.006s] DEBUG:colcon.colcon_core.event_handler.log_command:Invoked command in '/home/raj/openamr-platform-sw/build/openamrobot_docking' returned '0': CMAKE_PREFIX_PATH=${CMAKE_PREFIX_PATH}:/opt/ros/jazzy DEBUGINFOD_URLS=https://debuginfod.ubuntu.com /usr/bin/cmake /home/raj/openamr-platform-sw/ros2/src/openamrobot_docking -DCMAKE_INSTALL_PREFIX=/home/raj/openamr-platform-sw/install/openamrobot_docking
[2.006s] DEBUG:colcon.colcon_core.event_handler.log_command:Invoking command in '/home/raj/openamr-platform-sw/build/openamrobot_docking': CMAKE_PREFIX_PATH=${CMAKE_PREFIX_PATH}:/opt/ros/jazzy DEBUGINFOD_URLS=https://debuginfod.ubuntu.com /usr/bin/cmake --build /home/raj/openamr-platform-sw/build/openamrobot_docking -- -j32 -l32
[5.504s] DEBUG:colcon.colcon_core.event_handler.log_command:Invoked command in '/home/raj/openamr-platform-sw/build/openamrobot_docking' returned '0': CMAKE_PREFIX_PATH=${CMAKE_PREFIX_PATH}:/opt/ros/jazzy DEBUGINFOD_URLS=https://debuginfod.ubuntu.com /usr/bin/cmake --build /home/raj/openamr-platform-sw/build/openamrobot_docking -- -j32 -l32
[5.513s] DEBUG:colcon.colcon_core.event_handler.log_command:Invoking command in '/home/raj/openamr-platform-sw/build/openamrobot_docking': CMAKE_PREFIX_PATH=${CMAKE_PREFIX_PATH}:/opt/ros/jazzy DEBUGINFOD_URLS=https://debuginfod.ubuntu.com /usr/bin/cmake --install /home/raj/openamr-platform-sw/build/openamrobot_docking
[5.525s] Level 1:colcon.colcon_core.environment:create_environment_scripts_only(openamrobot_docking)
[5.525s] Level 1:colcon.colcon_core.environment:checking '/home/raj/openamr-platform-sw/install/openamrobot_docking' for CMake module files
[5.525s] DEBUG:colcon.colcon_core.event_handler.log_command:Invoked command in '/home/raj/openamr-platform-sw/build/openamrobot_docking' returned '0': CMAKE_PREFIX_PATH=${CMAKE_PREFIX_PATH}:/opt/ros/jazzy DEBUGINFOD_URLS=https://debuginfod.ubuntu.com /usr/bin/cmake --install /home/raj/openamr-platform-sw/build/openamrobot_docking
[5.525s] Level 1:colcon.colcon_core.environment:checking '/home/raj/openamr-platform-sw/install/openamrobot_docking' for CMake config files
[5.525s] Level 1:colcon.colcon_core.shell:create_environment_hook('openamrobot_docking', 'cmake_prefix_path')
[5.525s] INFO:colcon.colcon_core.shell:Creating environment hook '/home/raj/openamr-platform-sw/install/openamrobot_docking/share/openamrobot_docking/hook/cmake_prefix_path.ps1'
[5.526s] INFO:colcon.colcon_core.shell:Creating environment descriptor '/home/raj/openamr-platform-sw/install/openamrobot_docking/share/openamrobot_docking/hook/cmake_prefix_path.dsv'
[5.526s] INFO:colcon.colcon_core.shell:Creating environment hook '/home/raj/openamr-platform-sw/install/openamrobot_docking/share/openamrobot_docking/hook/cmake_prefix_path.sh'
[5.526s] Level 1:colcon.colcon_core.environment:checking '/home/raj/openamr-platform-sw/install/openamrobot_docking/lib'
[5.526s] Level 1:colcon.colcon_core.environment:checking '/home/raj/openamr-platform-sw/install/openamrobot_docking/bin'
[5.526s] Level 1:colcon.colcon_core.environment:checking '/home/raj/openamr-platform-sw/install/openamrobot_docking/lib/pkgconfig/openamrobot_docking.pc'
[5.526s] Level 1:colcon.colcon_core.environment:checking '/home/raj/openamr-platform-sw/install/openamrobot_docking/lib/python3.12/site-packages'
[5.526s] Level 1:colcon.colcon_core.environment:checking '/home/raj/openamr-platform-sw/install/openamrobot_docking/bin'
[5.526s] INFO:colcon.colcon_core.shell:Creating package script '/home/raj/openamr-platform-sw/install/openamrobot_docking/share/openamrobot_docking/package.ps1'
[5.527s] INFO:colcon.colcon_core.shell:Creating package descriptor '/home/raj/openamr-platform-sw/install/openamrobot_docking/share/openamrobot_docking/package.dsv'
[5.527s] INFO:colcon.colcon_core.shell:Creating package script '/home/raj/openamr-platform-sw/install/openamrobot_docking/share/openamrobot_docking/package.sh'
[5.527s] INFO:colcon.colcon_core.shell:Creating package script '/home/raj/openamr-platform-sw/install/openamrobot_docking/share/openamrobot_docking/package.bash'
[5.527s] INFO:colcon.colcon_core.shell:Creating package script '/home/raj/openamr-platform-sw/install/openamrobot_docking/share/openamrobot_docking/package.zsh'
[5.527s] Level 1:colcon.colcon_core.environment:create_file_with_runtime_dependencies(/home/raj/openamr-platform-sw/install/openamrobot_docking/share/colcon-core/packages/openamrobot_docking)
[5.528s] Level 1:colcon.colcon_core.environment:create_environment_scripts_only(openamrobot_docking)
[5.528s] Level 1:colcon.colcon_core.environment:checking '/home/raj/openamr-platform-sw/install/openamrobot_docking' for CMake module files
[5.528s] Level 1:colcon.colcon_core.environment:checking '/home/raj/openamr-platform-sw/install/openamrobot_docking' for CMake config files
[5.528s] Level 1:colcon.colcon_core.shell:create_environment_hook('openamrobot_docking', 'cmake_prefix_path')
[5.528s] INFO:colcon.colcon_core.shell:Creating environment hook '/home/raj/openamr-platform-sw/install/openamrobot_docking/share/openamrobot_docking/hook/cmake_prefix_path.ps1'
[5.528s] INFO:colcon.colcon_core.shell:Creating environment descriptor '/home/raj/openamr-platform-sw/install/openamrobot_docking/share/openamrobot_docking/hook/cmake_prefix_path.dsv'
[5.528s] INFO:colcon.colcon_core.shell:Creating environment hook '/home/raj/openamr-platform-sw/install/openamrobot_docking/share/openamrobot_docking/hook/cmake_prefix_path.sh'
[5.529s] Level 1:colcon.colcon_core.environment:checking '/home/raj/openamr-platform-sw/install/openamrobot_docking/lib'
[5.529s] Level 1:colcon.colcon_core.environment:checking '/home/raj/openamr-platform-sw/install/openamrobot_docking/bin'
[5.529s] Level 1:colcon.colcon_core.environment:checking '/home/raj/openamr-platform-sw/install/openamrobot_docking/lib/pkgconfig/openamrobot_docking.pc'
[5.529s] Level 1:colcon.colcon_core.environment:checking '/home/raj/openamr-platform-sw/install/openamrobot_docking/lib/python3.12/site-packages'
[5.529s] Level 1:colcon.colcon_core.environment:checking '/home/raj/openamr-platform-sw/install/openamrobot_docking/bin'
[5.529s] INFO:colcon.colcon_core.shell:Creating package script '/home/raj/openamr-platform-sw/install/openamrobot_docking/share/openamrobot_docking/package.ps1'
[5.529s] INFO:colcon.colcon_core.shell:Creating package descriptor '/home/raj/openamr-platform-sw/install/openamrobot_docking/share/openamrobot_docking/package.dsv'
[5.530s] INFO:colcon.colcon_core.shell:Creating package script '/home/raj/openamr-platform-sw/install/openamrobot_docking/share/openamrobot_docking/package.sh'
[5.530s] INFO:colcon.colcon_core.shell:Creating package script '/home/raj/openamr-platform-sw/install/openamrobot_docking/share/openamrobot_docking/package.bash'
[5.530s] INFO:colcon.colcon_core.shell:Creating package script '/home/raj/openamr-platform-sw/install/openamrobot_docking/share/openamrobot_docking/package.zsh'
[5.530s] Level 1:colcon.colcon_core.environment:create_file_with_runtime_dependencies(/home/raj/openamr-platform-sw/install/openamrobot_docking/share/colcon-core/packages/openamrobot_docking)
[5.530s] DEBUG:colcon.colcon_parallel_executor.executor.parallel:closing loop
[5.530s] DEBUG:colcon.colcon_parallel_executor.executor.parallel:loop closed
[5.530s] DEBUG:colcon.colcon_parallel_executor.executor.parallel:run_until_complete finished with '0'
[5.530s] DEBUG:colcon.colcon_core.event_reactor:joining thread
[5.535s] INFO:colcon.colcon_core.plugin_system:Skipping extension 'colcon_notification.desktop_notification.terminal_notifier': Not used on non-Darwin systems
[5.535s] INFO:colcon.colcon_core.plugin_system:Skipping extension 'colcon_notification.desktop_notification.win32': Not used on non-Windows systems
[5.535s] INFO:colcon.colcon_notification.desktop_notification:Sending desktop notification using 'notify2'
[5.543s] DEBUG:colcon.colcon_core.event_reactor:joined thread
[5.543s] INFO:colcon.colcon_core.shell:Creating prefix script '/home/raj/openamr-platform-sw/install/local_setup.ps1'
[5.543s] INFO:colcon.colcon_core.shell:Creating prefix util module '/home/raj/openamr-platform-sw/install/_local_setup_util_ps1.py'
[5.544s] INFO:colcon.colcon_core.shell:Creating prefix chain script '/home/raj/openamr-platform-sw/install/setup.ps1'
[5.545s] INFO:colcon.colcon_core.shell:Creating prefix script '/home/raj/openamr-platform-sw/install/local_setup.sh'
[5.545s] INFO:colcon.colcon_core.shell:Creating prefix util module '/home/raj/openamr-platform-sw/install/_local_setup_util_sh.py'
[5.545s] INFO:colcon.colcon_core.shell:Creating prefix chain script '/home/raj/openamr-platform-sw/install/setup.sh'
[5.546s] INFO:colcon.colcon_core.shell:Creating prefix script '/home/raj/openamr-platform-sw/install/local_setup.bash'
[5.546s] INFO:colcon.colcon_core.shell:Creating prefix chain script '/home/raj/openamr-platform-sw/install/setup.bash'
[5.547s] INFO:colcon.colcon_core.shell:Creating prefix script '/home/raj/openamr-platform-sw/install/local_setup.zsh'
[5.547s] INFO:colcon.colcon_core.shell:Creating prefix chain script '/home/raj/openamr-platform-sw/install/setup.zsh'
