/home/raj/openamr-platform-sw/install/openamrobot_description/lib/python3.12/site-packages/openamrobot_description/__init__.py
/home/raj/openamr-platform-sw/install/openamrobot_description/lib/python3.12/site-packages/openamrobot_description/__pycache__/__init__.cpython-312.pyc
/home/raj/openamr-platform-sw/install/openamrobot_description/share/ament_index/resource_index/packages/openamrobot_description
/home/raj/openamr-platform-sw/install/openamrobot_description/share/openamrobot_description/package.xml
/home/raj/openamr-platform-sw/install/openamrobot_description/share/openamrobot_description/launch/launch.py
/home/raj/openamr-platform-sw/install/openamrobot_description/share/openamrobot_description/urdf/robo_urdf.urdf.xacro
/home/raj/openamr-platform-sw/install/openamrobot_description/share/openamrobot_description/urdf/robot.sdf
/home/raj/openamr-platform-sw/install/openamrobot_description/share/openamrobot_description/urdf/gazebo_control.xacro
/home/raj/openamr-platform-sw/install/openamrobot_description/share/openamrobot_description/meshes/collision/bl_caster_link.STL
/home/raj/openamr-platform-sw/install/openamrobot_description/share/openamrobot_description/meshes/collision/br_wheel_link.STL
/home/raj/openamr-platform-sw/install/openamrobot_description/share/openamrobot_description/meshes/collision/br_caster_link.STL
/home/raj/openamr-platform-sw/install/openamrobot_description/share/openamrobot_description/meshes/collision/left_wheel_link.STL
/home/raj/openamr-platform-sw/install/openamrobot_description/share/openamrobot_description/meshes/collision/base_link.STL
/home/raj/openamr-platform-sw/install/openamrobot_description/share/openamrobot_description/meshes/collision/lidar_link.STL
/home/raj/openamr-platform-sw/install/openamrobot_description/share/openamrobot_description/meshes/collision/fl_caster_link.STL
/home/raj/openamr-platform-sw/install/openamrobot_description/share/openamrobot_description/meshes/collision/right_wheel_link.STL
/home/raj/openamr-platform-sw/install/openamrobot_description/share/openamrobot_description/meshes/collision/fl_wheel_link.STL
/home/raj/openamr-platform-sw/install/openamrobot_description/share/openamrobot_description/meshes/collision/fr_caster_link.STL
/home/raj/openamr-platform-sw/install/openamrobot_description/share/openamrobot_description/meshes/collision/fr_wheel_link.STL
/home/raj/openamr-platform-sw/install/openamrobot_description/share/openamrobot_description/meshes/collision/bl_wheel_link.STL
/home/raj/openamr-platform-sw/install/openamrobot_description/share/openamrobot_description/meshes/visual/bl_caster_link.STL
/home/raj/openamr-platform-sw/install/openamrobot_description/share/openamrobot_description/meshes/visual/br_wheel_link.STL
/home/raj/openamr-platform-sw/install/openamrobot_description/share/openamrobot_description/meshes/visual/br_caster_link.STL
/home/raj/openamr-platform-sw/install/openamrobot_description/share/openamrobot_description/meshes/visual/left_wheel_link.STL
/home/raj/openamr-platform-sw/install/openamrobot_description/share/openamrobot_description/meshes/visual/base_link.STL
/home/raj/openamr-platform-sw/install/openamrobot_description/share/openamrobot_description/meshes/visual/lidar_link.STL
/home/raj/openamr-platform-sw/install/openamrobot_description/share/openamrobot_description/meshes/visual/fl_caster_link.STL
/home/raj/openamr-platform-sw/install/openamrobot_description/share/openamrobot_description/meshes/visual/right_wheel_link.STL
/home/raj/openamr-platform-sw/install/openamrobot_description/share/openamrobot_description/meshes/visual/fl_wheel_link.STL
/home/raj/openamr-platform-sw/install/openamrobot_description/share/openamrobot_description/meshes/visual/fr_caster_link.STL
/home/raj/openamr-platform-sw/install/openamrobot_description/share/openamrobot_description/meshes/visual/fr_wheel_link.STL
/home/raj/openamr-platform-sw/install/openamrobot_description/share/openamrobot_description/meshes/visual/bl_wheel_link.STL
/home/raj/openamr-platform-sw/install/openamrobot_description/share/openamrobot_description/config/rviz.rviz
/home/raj/openamr-platform-sw/install/openamrobot_description/lib/python3.12/site-packages/openamrobot_description-0.1.0-py3.12.egg-info/PKG-INFO
/home/raj/openamr-platform-sw/install/openamrobot_description/lib/python3.12/site-packages/openamrobot_description-0.1.0-py3.12.egg-info/dependency_links.txt
/home/raj/openamr-platform-sw/install/openamrobot_description/lib/python3.12/site-packages/openamrobot_description-0.1.0-py3.12.egg-info/top_level.txt
/home/raj/openamr-platform-sw/install/openamrobot_description/lib/python3.12/site-packages/openamrobot_description-0.1.0-py3.12.egg-info/zip-safe
/home/raj/openamr-platform-sw/install/openamrobot_description/lib/python3.12/site-packages/openamrobot_description-0.1.0-py3.12.egg-info/requires.txt
/home/raj/openamr-platform-sw/install/openamrobot_description/lib/python3.12/site-packages/openamrobot_description-0.1.0-py3.12.egg-info/SOURCES.txt
