running egg_info
creating ../../../build/openamrobot_description/openamrobot_description.egg-info
writing ../../../build/openamrobot_description/openamrobot_description.egg-info/PKG-INFO
writing dependency_links to ../../../build/openamrobot_description/openamrobot_description.egg-info/dependency_links.txt
writing requirements to ../../../build/openamrobot_description/openamrobot_description.egg-info/requires.txt
writing top-level names to ../../../build/openamrobot_description/openamrobot_description.egg-info/top_level.txt
writing manifest file '../../../build/openamrobot_description/openamrobot_description.egg-info/SOURCES.txt'
reading manifest file '../../../build/openamrobot_description/openamrobot_description.egg-info/SOURCES.txt'
writing manifest file '../../../build/openamrobot_description/openamrobot_description.egg-info/SOURCES.txt'
running build
running build_py
creating /home/raj/openamr-platform-sw/build/openamrobot_description/build
creating /home/raj/openamr-platform-sw/build/openamrobot_description/build/lib
creating /home/raj/openamr-platform-sw/build/openamrobot_description/build/lib/openamrobot_description
copying openamrobot_description/__init__.py -> /home/raj/openamr-platform-sw/build/openamrobot_description/build/lib/openamrobot_description
running install
running install_lib
creating /home/raj/openamr-platform-sw/install/openamrobot_description/lib/python3.12/site-packages/openamrobot_description
copying /home/raj/openamr-platform-sw/build/openamrobot_description/build/lib/openamrobot_description/__init__.py -> /home/raj/openamr-platform-sw/install/openamrobot_description/lib/python3.12/site-packages/openamrobot_description
byte-compiling /home/raj/openamr-platform-sw/install/openamrobot_description/lib/python3.12/site-packages/openamrobot_description/__init__.py to __init__.cpython-312.pyc
running install_data
creating /home/raj/openamr-platform-sw/install/openamrobot_description/share/ament_index
creating /home/raj/openamr-platform-sw/install/openamrobot_description/share/ament_index/resource_index
creating /home/raj/openamr-platform-sw/install/openamrobot_description/share/ament_index/resource_index/packages
copying resource/openamrobot_description -> /home/raj/openamr-platform-sw/install/openamrobot_description/share/ament_index/resource_index/packages
copying package.xml -> /home/raj/openamr-platform-sw/install/openamrobot_description/share/openamrobot_description
creating /home/raj/openamr-platform-sw/install/openamrobot_description/share/openamrobot_description/launch
copying launch/launch.py -> /home/raj/openamr-platform-sw/install/openamrobot_description/share/openamrobot_description/launch
creating /home/raj/openamr-platform-sw/install/openamrobot_description/share/openamrobot_description/urdf
copying urdf/robo_urdf.urdf.xacro -> /home/raj/openamr-platform-sw/install/openamrobot_description/share/openamrobot_description/urdf
copying urdf/robot.sdf -> /home/raj/openamr-platform-sw/install/openamrobot_description/share/openamrobot_description/urdf
copying urdf/gazebo_control.xacro -> /home/raj/openamr-platform-sw/install/openamrobot_description/share/openamrobot_description/urdf
creating /home/raj/openamr-platform-sw/install/openamrobot_description/share/openamrobot_description/meshes
creating /home/raj/openamr-platform-sw/install/openamrobot_description/share/openamrobot_description/meshes/collision
copying meshes/collision/bl_caster_link.STL -> /home/raj/openamr-platform-sw/install/openamrobot_description/share/openamrobot_description/meshes/collision
copying meshes/collision/br_wheel_link.STL -> /home/raj/openamr-platform-sw/install/openamrobot_description/share/openamrobot_description/meshes/collision
copying meshes/collision/br_caster_link.STL -> /home/raj/openamr-platform-sw/install/openamrobot_description/share/openamrobot_description/meshes/collision
copying meshes/collision/left_wheel_link.STL -> /home/raj/openamr-platform-sw/install/openamrobot_description/share/openamrobot_description/meshes/collision
copying meshes/collision/base_link.STL -> /home/raj/openamr-platform-sw/install/openamrobot_description/share/openamrobot_description/meshes/collision
copying meshes/collision/lidar_link.STL -> /home/raj/openamr-platform-sw/install/openamrobot_description/share/openamrobot_description/meshes/collision
copying meshes/collision/fl_caster_link.STL -> /home/raj/openamr-platform-sw/install/openamrobot_description/share/openamrobot_description/meshes/collision
copying meshes/collision/right_wheel_link.STL -> /home/raj/openamr-platform-sw/install/openamrobot_description/share/openamrobot_description/meshes/collision
copying meshes/collision/fl_wheel_link.STL -> /home/raj/openamr-platform-sw/install/openamrobot_description/share/openamrobot_description/meshes/collision
copying meshes/collision/fr_caster_link.STL -> /home/raj/openamr-platform-sw/install/openamrobot_description/share/openamrobot_description/meshes/collision
copying meshes/collision/fr_wheel_link.STL -> /home/raj/openamr-platform-sw/install/openamrobot_description/share/openamrobot_description/meshes/collision
copying meshes/collision/bl_wheel_link.STL -> /home/raj/openamr-platform-sw/install/openamrobot_description/share/openamrobot_description/meshes/collision
creating /home/raj/openamr-platform-sw/install/openamrobot_description/share/openamrobot_description/meshes/visual
copying meshes/visual/bl_caster_link.STL -> /home/raj/openamr-platform-sw/install/openamrobot_description/share/openamrobot_description/meshes/visual
copying meshes/visual/br_wheel_link.STL -> /home/raj/openamr-platform-sw/install/openamrobot_description/share/openamrobot_description/meshes/visual
copying meshes/visual/br_caster_link.STL -> /home/raj/openamr-platform-sw/install/openamrobot_description/share/openamrobot_description/meshes/visual
copying meshes/visual/left_wheel_link.STL -> /home/raj/openamr-platform-sw/install/openamrobot_description/share/openamrobot_description/meshes/visual
copying meshes/visual/base_link.STL -> /home/raj/openamr-platform-sw/install/openamrobot_description/share/openamrobot_description/meshes/visual
copying meshes/visual/lidar_link.STL -> /home/raj/openamr-platform-sw/install/openamrobot_description/share/openamrobot_description/meshes/visual
copying meshes/visual/fl_caster_link.STL -> /home/raj/openamr-platform-sw/install/openamrobot_description/share/openamrobot_description/meshes/visual
copying meshes/visual/right_wheel_link.STL -> /home/raj/openamr-platform-sw/install/openamrobot_description/share/openamrobot_description/meshes/visual
copying meshes/visual/fl_wheel_link.STL -> /home/raj/openamr-platform-sw/install/openamrobot_description/share/openamrobot_description/meshes/visual
copying meshes/visual/fr_caster_link.STL -> /home/raj/openamr-platform-sw/install/openamrobot_description/share/openamrobot_description/meshes/visual
copying meshes/visual/fr_wheel_link.STL -> /home/raj/openamr-platform-sw/install/openamrobot_description/share/openamrobot_description/meshes/visual
copying meshes/visual/bl_wheel_link.STL -> /home/raj/openamr-platform-sw/install/openamrobot_description/share/openamrobot_description/meshes/visual
running install_egg_info
Copying ../../../build/openamrobot_description/openamrobot_description.egg-info to /home/raj/openamr-platform-sw/install/openamrobot_description/lib/python3.12/site-packages/openamrobot_description-0.1.0-py3.12.egg-info
running install_scripts
writing list of installed files to '/home/raj/openamr-platform-sw/build/openamrobot_description/install.log'
