[0.822s] Invoking command in '/home/raj/openamr-platform-sw/ros2/src/openamrobot_description': DEBUGINFOD_URLS=https://debuginfod.ubuntu.com PYTHONPATH=/home/raj/openamr-platform-sw/build/openamrobot_description/prefix_override:/usr/lib/python3/dist-packages/colcon_core/task/python/colcon_distutils_commands:/home/raj/openamr-platform-sw/install/openamrobot_description/lib/python3.12/site-packages:${PYTHONPATH} /usr/bin/python3 -W ignore:setup.py install is deprecated -W ignore:easy_install command is deprecated setup.py egg_info --egg-base ../../../build/openamrobot_description build --build-base /home/raj/openamr-platform-sw/build/openamrobot_description/build install --record /home/raj/openamr-platform-sw/build/openamrobot_description/install.log --single-version-externally-managed install_data
[0.977s] running egg_info
[0.977s] creating ../../../build/openamrobot_description/openamrobot_description.egg-info
[0.989s] writing ../../../build/openamrobot_description/openamrobot_description.egg-info/PKG-INFO
[0.989s] writing dependency_links to ../../../build/openamrobot_description/openamrobot_description.egg-info/dependency_links.txt
[0.989s] writing requirements to ../../../build/openamrobot_description/openamrobot_description.egg-info/requires.txt
[0.989s] writing top-level names to ../../../build/openamrobot_description/openamrobot_description.egg-info/top_level.txt
[0.989s] writing manifest file '../../../build/openamrobot_description/openamrobot_description.egg-info/SOURCES.txt'
[1.013s] reading manifest file '../../../build/openamrobot_description/openamrobot_description.egg-info/SOURCES.txt'
[1.013s] writing manifest file '../../../build/openamrobot_description/openamrobot_description.egg-info/SOURCES.txt'
[1.013s] running build
[1.013s] running build_py
[1.013s] creating /home/raj/openamr-platform-sw/build/openamrobot_description/build
[1.013s] creating /home/raj/openamr-platform-sw/build/openamrobot_description/build/lib
[1.013s] creating /home/raj/openamr-platform-sw/build/openamrobot_description/build/lib/openamrobot_description
[1.013s] copying openamrobot_description/__init__.py -> /home/raj/openamr-platform-sw/build/openamrobot_description/build/lib/openamrobot_description
[1.013s] running install
[1.017s] running install_lib
[1.030s] creating /home/raj/openamr-platform-sw/install/openamrobot_description/lib/python3.12/site-packages/openamrobot_description
[1.030s] copying /home/raj/openamr-platform-sw/build/openamrobot_description/build/lib/openamrobot_description/__init__.py -> /home/raj/openamr-platform-sw/install/openamrobot_description/lib/python3.12/site-packages/openamrobot_description
[1.031s] byte-compiling /home/raj/openamr-platform-sw/install/openamrobot_description/lib/python3.12/site-packages/openamrobot_description/__init__.py to __init__.cpython-312.pyc
[1.031s] running install_data
[1.031s] creating /home/raj/openamr-platform-sw/install/openamrobot_description/share/ament_index
[1.031s] creating /home/raj/openamr-platform-sw/install/openamrobot_description/share/ament_index/resource_index
[1.031s] creating /home/raj/openamr-platform-sw/install/openamrobot_description/share/ament_index/resource_index/packages
[1.031s] copying resource/openamrobot_description -> /home/raj/openamr-platform-sw/install/openamrobot_description/share/ament_index/resource_index/packages
[1.032s] copying package.xml -> /home/raj/openamr-platform-sw/install/openamrobot_description/share/openamrobot_description
[1.032s] creating /home/raj/openamr-platform-sw/install/openamrobot_description/share/openamrobot_description/launch
[1.032s] copying launch/launch.py -> /home/raj/openamr-platform-sw/install/openamrobot_description/share/openamrobot_description/launch
[1.032s] creating /home/raj/openamr-platform-sw/install/openamrobot_description/share/openamrobot_description/urdf
[1.032s] copying urdf/robo_urdf.urdf.xacro -> /home/raj/openamr-platform-sw/install/openamrobot_description/share/openamrobot_description/urdf
[1.032s] copying urdf/robot.sdf -> /home/raj/openamr-platform-sw/install/openamrobot_description/share/openamrobot_description/urdf
[1.032s] copying urdf/gazebo_control.xacro -> /home/raj/openamr-platform-sw/install/openamrobot_description/share/openamrobot_description/urdf
[1.032s] creating /home/raj/openamr-platform-sw/install/openamrobot_description/share/openamrobot_description/meshes
[1.032s] creating /home/raj/openamr-platform-sw/install/openamrobot_description/share/openamrobot_description/meshes/collision
[1.032s] copying meshes/collision/bl_caster_link.STL -> /home/raj/openamr-platform-sw/install/openamrobot_description/share/openamrobot_description/meshes/collision
[1.032s] copying meshes/collision/br_wheel_link.STL -> /home/raj/openamr-platform-sw/install/openamrobot_description/share/openamrobot_description/meshes/collision
[1.032s] copying meshes/collision/br_caster_link.STL -> /home/raj/openamr-platform-sw/install/openamrobot_description/share/openamrobot_description/meshes/collision
[1.032s] copying meshes/collision/left_wheel_link.STL -> /home/raj/openamr-platform-sw/install/openamrobot_description/share/openamrobot_description/meshes/collision
[1.033s] copying meshes/collision/base_link.STL -> /home/raj/openamr-platform-sw/install/openamrobot_description/share/openamrobot_description/meshes/collision
[1.038s] copying meshes/collision/lidar_link.STL -> /home/raj/openamr-platform-sw/install/openamrobot_description/share/openamrobot_description/meshes/collision
[1.038s] copying meshes/collision/fl_caster_link.STL -> /home/raj/openamr-platform-sw/install/openamrobot_description/share/openamrobot_description/meshes/collision
[1.038s] copying meshes/collision/right_wheel_link.STL -> /home/raj/openamr-platform-sw/install/openamrobot_description/share/openamrobot_description/meshes/collision
[1.038s] copying meshes/collision/fl_wheel_link.STL -> /home/raj/openamr-platform-sw/install/openamrobot_description/share/openamrobot_description/meshes/collision
[1.039s] copying meshes/collision/fr_caster_link.STL -> /home/raj/openamr-platform-sw/install/openamrobot_description/share/openamrobot_description/meshes/collision
[1.039s] copying meshes/collision/fr_wheel_link.STL -> /home/raj/openamr-platform-sw/install/openamrobot_description/share/openamrobot_description/meshes/collision
[1.039s] copying meshes/collision/bl_wheel_link.STL -> /home/raj/openamr-platform-sw/install/openamrobot_description/share/openamrobot_description/meshes/collision
[1.039s] creating /home/raj/openamr-platform-sw/install/openamrobot_description/share/openamrobot_description/meshes/visual
[1.039s] copying meshes/visual/bl_caster_link.STL -> /home/raj/openamr-platform-sw/install/openamrobot_description/share/openamrobot_description/meshes/visual
[1.039s] copying meshes/visual/br_wheel_link.STL -> /home/raj/openamr-platform-sw/install/openamrobot_description/share/openamrobot_description/meshes/visual
[1.040s] copying meshes/visual/br_caster_link.STL -> /home/raj/openamr-platform-sw/install/openamrobot_description/share/openamrobot_description/meshes/visual
[1.040s] copying meshes/visual/left_wheel_link.STL -> /home/raj/openamr-platform-sw/install/openamrobot_description/share/openamrobot_description/meshes/visual
[1.040s] copying meshes/visual/base_link.STL -> /home/raj/openamr-platform-sw/install/openamrobot_description/share/openamrobot_description/meshes/visual
[1.045s] copying meshes/visual/lidar_link.STL -> /home/raj/openamr-platform-sw/install/openamrobot_description/share/openamrobot_description/meshes/visual
[1.045s] copying meshes/visual/fl_caster_link.STL -> /home/raj/openamr-platform-sw/install/openamrobot_description/share/openamrobot_description/meshes/visual
[1.046s] copying meshes/visual/right_wheel_link.STL -> /home/raj/openamr-platform-sw/install/openamrobot_description/share/openamrobot_description/meshes/visual
[1.046s] copying meshes/visual/fl_wheel_link.STL -> /home/raj/openamr-platform-sw/install/openamrobot_description/share/openamrobot_description/meshes/visual
[1.046s] copying meshes/visual/fr_caster_link.STL -> /home/raj/openamr-platform-sw/install/openamrobot_description/share/openamrobot_description/meshes/visual
[1.046s] copying meshes/visual/fr_wheel_link.STL -> /home/raj/openamr-platform-sw/install/openamrobot_description/share/openamrobot_description/meshes/visual
[1.047s] copying meshes/visual/bl_wheel_link.STL -> /home/raj/openamr-platform-sw/install/openamrobot_description/share/openamrobot_description/meshes/visual
[1.047s] running install_egg_info
[1.061s] Copying ../../../build/openamrobot_description/openamrobot_description.egg-info to /home/raj/openamr-platform-sw/install/openamrobot_description/lib/python3.12/site-packages/openamrobot_description-0.1.0-py3.12.egg-info
[1.062s] running install_scripts
[1.146s] writing list of installed files to '/home/raj/openamr-platform-sw/build/openamrobot_description/install.log'
[1.163s] Invoked command in '/home/raj/openamr-platform-sw/ros2/src/openamrobot_description' returned '0': DEBUGINFOD_URLS=https://debuginfod.ubuntu.com PYTHONPATH=/home/raj/openamr-platform-sw/build/openamrobot_description/prefix_override:/usr/lib/python3/dist-packages/colcon_core/task/python/colcon_distutils_commands:/home/raj/openamr-platform-sw/install/openamrobot_description/lib/python3.12/site-packages:${PYTHONPATH} /usr/bin/python3 -W ignore:setup.py install is deprecated -W ignore:easy_install command is deprecated setup.py egg_info --egg-base ../../../build/openamrobot_description build --build-base /home/raj/openamr-platform-sw/build/openamrobot_description/build install --record /home/raj/openamr-platform-sw/build/openamrobot_description/install.log --single-version-externally-managed install_data
