[0.185s] Invoking command in '/home/raj/openamr-platform-sw/build/openamrobot_docking': CMAKE_PREFIX_PATH=${CMAKE_PREFIX_PATH}:/opt/ros/jazzy DEBUGINFOD_URLS=https://debuginfod.ubuntu.com /usr/bin/cmake --build /home/raj/openamr-platform-sw/build/openamrobot_docking -- -j32 -l32
[0.249s] [100%] Built target detected_dock_pose_publisher
[0.360s] Invoked command in '/home/raj/openamr-platform-sw/build/openamrobot_docking' returned '0': CMAKE_PREFIX_PATH=${CMAKE_PREFIX_PATH}:/opt/ros/jazzy DEBUGINFOD_URLS=https://debuginfod.ubuntu.com /usr/bin/cmake --build /home/raj/openamr-platform-sw/build/openamrobot_docking -- -j32 -l32
[0.369s] Invoking command in '/home/raj/openamr-platform-sw/build/openamrobot_docking': CMAKE_PREFIX_PATH=${CMAKE_PREFIX_PATH}:/opt/ros/jazzy DEBUGINFOD_URLS=https://debuginfod.ubuntu.com /usr/bin/cmake --install /home/raj/openamr-platform-sw/build/openamrobot_docking
[0.378s] -- Install configuration: ""
[0.378s] -- Up-to-date: /home/raj/openamr-platform-sw/install/openamrobot_docking/lib/openamrobot_docking/detected_dock_pose_publisher
[0.378s] -- Up-to-date: /home/raj/openamr-platform-sw/install/openamrobot_docking/lib/openamrobot_docking/dock_trigger.py
[0.378s] -- Up-to-date: /home/raj/openamr-platform-sw/install/openamrobot_docking/share/openamrobot_docking/launch
[0.378s] -- Up-to-date: /home/raj/openamr-platform-sw/install/openamrobot_docking/share/openamrobot_docking/launch/openamrobot_docking.launch.py
[0.378s] -- Up-to-date: /home/raj/openamr-platform-sw/install/openamrobot_docking/share/openamrobot_docking/launch/detected_dock_pose_publisher.launch.py
[0.378s] -- Up-to-date: /home/raj/openamr-platform-sw/install/openamrobot_docking/share/openamrobot_docking/config
[0.378s] -- Up-to-date: /home/raj/openamr-platform-sw/install/openamrobot_docking/share/openamrobot_docking/config/openamrobot_docking_backup.yaml
[0.378s] -- Up-to-date: /home/raj/openamr-platform-sw/install/openamrobot_docking/share/openamrobot_docking/config/docking_pose_publisher.yaml
[0.378s] -- Up-to-date: /home/raj/openamr-platform-sw/install/openamrobot_docking/share/openamrobot_docking/config/dock_trigger.yaml
[0.378s] -- Up-to-date: /home/raj/openamr-platform-sw/install/openamrobot_docking/share/openamrobot_docking/config/openamrobot_docking.yaml
[0.379s] -- Up-to-date: /home/raj/openamr-platform-sw/install/openamrobot_docking/share/openamrobot_docking/docs
[0.379s] -- Up-to-date: /home/raj/openamr-platform-sw/install/openamrobot_docking/share/openamrobot_docking/docs/README.md
[0.379s] -- Up-to-date: /home/raj/openamr-platform-sw/install/openamrobot_docking/share/openamrobot_docking/docs/06_parameters.md
[0.379s] -- Up-to-date: /home/raj/openamr-platform-sw/install/openamrobot_docking/share/openamrobot_docking/docs/05_dock_setup_map.md
[0.379s] -- Up-to-date: /home/raj/openamr-platform-sw/install/openamrobot_docking/share/openamrobot_docking/docs/02_apriltag_ros.md
[0.379s] -- Up-to-date: /home/raj/openamr-platform-sw/install/openamrobot_docking/share/openamrobot_docking/docs/07_reproduce_results.md
[0.379s] -- Up-to-date: /home/raj/openamr-platform-sw/install/openamrobot_docking/share/openamrobot_docking/docs/04_docking_pipeline.md
[0.379s] -- Up-to-date: /home/raj/openamr-platform-sw/install/openamrobot_docking/share/openamrobot_docking/docs/08_troubleshooting.md
[0.379s] -- Up-to-date: /home/raj/openamr-platform-sw/install/openamrobot_docking/share/openamrobot_docking/docs/03_tf_frames.md
[0.379s] -- Up-to-date: /home/raj/openamr-platform-sw/install/openamrobot_docking/share/openamrobot_docking/docs/09_diagrams.md
[0.379s] -- Up-to-date: /home/raj/openamr-platform-sw/install/openamrobot_docking/share/ament_index/resource_index/package_run_dependencies/openamrobot_docking
[0.379s] -- Up-to-date: /home/raj/openamr-platform-sw/install/openamrobot_docking/share/ament_index/resource_index/parent_prefix_path/openamrobot_docking
[0.379s] -- Up-to-date: /home/raj/openamr-platform-sw/install/openamrobot_docking/share/openamrobot_docking/environment/ament_prefix_path.sh
[0.379s] -- Up-to-date: /home/raj/openamr-platform-sw/install/openamrobot_docking/share/openamrobot_docking/environment/ament_prefix_path.dsv
[0.379s] -- Up-to-date: /home/raj/openamr-platform-sw/install/openamrobot_docking/share/openamrobot_docking/environment/path.sh
[0.379s] -- Up-to-date: /home/raj/openamr-platform-sw/install/openamrobot_docking/share/openamrobot_docking/environment/path.dsv
[0.379s] -- Up-to-date: /home/raj/openamr-platform-sw/install/openamrobot_docking/share/openamrobot_docking/local_setup.bash
[0.379s] -- Up-to-date: /home/raj/openamr-platform-sw/install/openamrobot_docking/share/openamrobot_docking/local_setup.sh
[0.379s] -- Up-to-date: /home/raj/openamr-platform-sw/install/openamrobot_docking/share/openamrobot_docking/local_setup.zsh
[0.379s] -- Up-to-date: /home/raj/openamr-platform-sw/install/openamrobot_docking/share/openamrobot_docking/local_setup.dsv
[0.379s] -- Installing: /home/raj/openamr-platform-sw/install/openamrobot_docking/share/openamrobot_docking/package.dsv
[0.379s] -- Up-to-date: /home/raj/openamr-platform-sw/install/openamrobot_docking/share/ament_index/resource_index/packages/openamrobot_docking
[0.379s] -- Up-to-date: /home/raj/openamr-platform-sw/install/openamrobot_docking/share/openamrobot_docking/cmake/openamrobot_dockingConfig.cmake
[0.380s] -- Up-to-date: /home/raj/openamr-platform-sw/install/openamrobot_docking/share/openamrobot_docking/cmake/openamrobot_dockingConfig-version.cmake
[0.380s] -- Up-to-date: /home/raj/openamr-platform-sw/install/openamrobot_docking/share/openamrobot_docking/package.xml
[0.380s] Invoked command in '/home/raj/openamr-platform-sw/build/openamrobot_docking' returned '0': CMAKE_PREFIX_PATH=${CMAKE_PREFIX_PATH}:/opt/ros/jazzy DEBUGINFOD_URLS=https://debuginfod.ubuntu.com /usr/bin/cmake --install /home/raj/openamr-platform-sw/build/openamrobot_docking
