[100%] Built target detected_dock_pose_publisher
-- Install configuration: ""
-- Up-to-date: /home/raj/openamr-platform-sw/install/openamrobot_docking/lib/openamrobot_docking/detected_dock_pose_publisher
-- Up-to-date: /home/raj/openamr-platform-sw/install/openamrobot_docking/lib/openamrobot_docking/dock_trigger.py
-- Up-to-date: /home/raj/openamr-platform-sw/install/openamrobot_docking/share/openamrobot_docking/launch
-- Up-to-date: /home/raj/openamr-platform-sw/install/openamrobot_docking/share/openamrobot_docking/launch/openamrobot_docking.launch.py
-- Up-to-date: /home/raj/openamr-platform-sw/install/openamrobot_docking/share/openamrobot_docking/launch/detected_dock_pose_publisher.launch.py
-- Up-to-date: /home/raj/openamr-platform-sw/install/openamrobot_docking/share/openamrobot_docking/config
-- Up-to-date: /home/raj/openamr-platform-sw/install/openamrobot_docking/share/openamrobot_docking/config/openamrobot_docking_backup.yaml
-- Up-to-date: /home/raj/openamr-platform-sw/install/openamrobot_docking/share/openamrobot_docking/config/docking_pose_publisher.yaml
-- Up-to-date: /home/raj/openamr-platform-sw/install/openamrobot_docking/share/openamrobot_docking/config/dock_trigger.yaml
-- Up-to-date: /home/raj/openamr-platform-sw/install/openamrobot_docking/share/openamrobot_docking/config/openamrobot_docking.yaml
-- Up-to-date: /home/raj/openamr-platform-sw/install/openamrobot_docking/share/openamrobot_docking/docs
-- Up-to-date: /home/raj/openamr-platform-sw/install/openamrobot_docking/share/openamrobot_docking/docs/README.md
-- Up-to-date: /home/raj/openamr-platform-sw/install/openamrobot_docking/share/openamrobot_docking/docs/06_parameters.md
-- Up-to-date: /home/raj/openamr-platform-sw/install/openamrobot_docking/share/openamrobot_docking/docs/05_dock_setup_map.md
-- Up-to-date: /home/raj/openamr-platform-sw/install/openamrobot_docking/share/openamrobot_docking/docs/02_apriltag_ros.md
-- Up-to-date: /home/raj/openamr-platform-sw/install/openamrobot_docking/share/openamrobot_docking/docs/07_reproduce_results.md
-- Up-to-date: /home/raj/openamr-platform-sw/install/openamrobot_docking/share/openamrobot_docking/docs/04_docking_pipeline.md
-- Up-to-date: /home/raj/openamr-platform-sw/install/openamrobot_docking/share/openamrobot_docking/docs/08_troubleshooting.md
-- Up-to-date: /home/raj/openamr-platform-sw/install/openamrobot_docking/share/openamrobot_docking/docs/03_tf_frames.md
-- Up-to-date: /home/raj/openamr-platform-sw/install/openamrobot_docking/share/openamrobot_docking/docs/09_diagrams.md
-- Up-to-date: /home/raj/openamr-platform-sw/install/openamrobot_docking/share/ament_index/resource_index/package_run_dependencies/openamrobot_docking
-- Up-to-date: /home/raj/openamr-platform-sw/install/openamrobot_docking/share/ament_index/resource_index/parent_prefix_path/openamrobot_docking
-- Up-to-date: /home/raj/openamr-platform-sw/install/openamrobot_docking/share/openamrobot_docking/environment/ament_prefix_path.sh
-- Up-to-date: /home/raj/openamr-platform-sw/install/openamrobot_docking/share/openamrobot_docking/environment/ament_prefix_path.dsv
-- Up-to-date: /home/raj/openamr-platform-sw/install/openamrobot_docking/share/openamrobot_docking/environment/path.sh
-- Up-to-date: /home/raj/openamr-platform-sw/install/openamrobot_docking/share/openamrobot_docking/environment/path.dsv
-- Up-to-date: /home/raj/openamr-platform-sw/install/openamrobot_docking/share/openamrobot_docking/local_setup.bash
-- Up-to-date: /home/raj/openamr-platform-sw/install/openamrobot_docking/share/openamrobot_docking/local_setup.sh
-- Up-to-date: /home/raj/openamr-platform-sw/install/openamrobot_docking/share/openamrobot_docking/local_setup.zsh
-- Up-to-date: /home/raj/openamr-platform-sw/install/openamrobot_docking/share/openamrobot_docking/local_setup.dsv
-- Installing: /home/raj/openamr-platform-sw/install/openamrobot_docking/share/openamrobot_docking/package.dsv
-- Up-to-date: /home/raj/openamr-platform-sw/install/openamrobot_docking/share/ament_index/resource_index/packages/openamrobot_docking
-- Up-to-date: /home/raj/openamr-platform-sw/install/openamrobot_docking/share/openamrobot_docking/cmake/openamrobot_dockingConfig.cmake
-- Up-to-date: /home/raj/openamr-platform-sw/install/openamrobot_docking/share/openamrobot_docking/cmake/openamrobot_dockingConfig-version.cmake
-- Up-to-date: /home/raj/openamr-platform-sw/install/openamrobot_docking/share/openamrobot_docking/package.xml
