-- The C compiler identification is GNU 13.3.0
-- The CXX compiler identification is GNU 13.3.0
-- Detecting C compiler ABI info
-- Detecting C compiler ABI info - done
-- Check for working C compiler: /usr/bin/cc - skipped
-- Detecting C compile features
-- Detecting C compile features - done
-- Detecting CXX compiler ABI info
-- Detecting CXX compiler ABI info - done
-- Check for working CXX compiler: /usr/bin/c++ - skipped
-- Detecting CXX compile features
-- Detecting CXX compile features - done
-- Found ament_cmake: 2.5.6 (/opt/ros/jazzy/share/ament_cmake/cmake)
-- Found Python3: /usr/bin/python3 (found version "3.12.3") found components: Interpreter 
-- Found rclcpp: 28.1.18 (/opt/ros/jazzy/share/rclcpp/cmake)
-- Found rosidl_generator_c: 4.6.7 (/opt/ros/jazzy/share/rosidl_generator_c/cmake)
-- Found rosidl_generator_cpp: 4.6.7 (/opt/ros/jazzy/share/rosidl_generator_cpp/cmake)
-- Using all available rosidl_typesupport_c: rosidl_typesupport_fastrtps_c;rosidl_typesupport_introspection_c
-- Using all available rosidl_typesupport_cpp: rosidl_typesupport_fastrtps_cpp;rosidl_typesupport_introspection_cpp
-- Found rmw_implementation_cmake: 7.3.3 (/opt/ros/jazzy/share/rmw_implementation_cmake/cmake)
-- Found rmw_cyclonedds_cpp: 2.2.3 (/opt/ros/jazzy/share/rmw_cyclonedds_cpp/cmake)
-- Using RMW implementation 'rmw_cyclonedds_cpp' as default
-- Found geometry_msgs: 5.3.7 (/opt/ros/jazzy/share/geometry_msgs/cmake)
-- Found tf2: 0.36.20 (/opt/ros/jazzy/share/tf2/cmake)
-- Found tf2_ros: 0.36.20 (/opt/ros/jazzy/share/tf2_ros/cmake)
-- Configuring done (1.3s)
-- Generating done (0.0s)
-- Build files have been written to: /home/raj/openamr-platform-sw/build/openamrobot_docking
[ 50%] [32mBuilding CXX object CMakeFiles/detected_dock_pose_publisher.dir/src/detected_dock_pose_publisher.cpp.o[0m
[100%] [32m[1mLinking CXX executable detected_dock_pose_publisher[0m
[100%] Built target detected_dock_pose_publisher
-- Install configuration: ""
-- Installing: /home/raj/openamr-platform-sw/install/openamrobot_docking/lib/openamrobot_docking/detected_dock_pose_publisher
-- Set non-toolchain portion of runtime path of "/home/raj/openamr-platform-sw/install/openamrobot_docking/lib/openamrobot_docking/detected_dock_pose_publisher" to ""
-- Installing: /home/raj/openamr-platform-sw/install/openamrobot_docking/lib/openamrobot_docking/dock_trigger.py
-- Installing: /home/raj/openamr-platform-sw/install/openamrobot_docking/share/openamrobot_docking/launch
-- Installing: /home/raj/openamr-platform-sw/install/openamrobot_docking/share/openamrobot_docking/launch/openamrobot_docking.launch.py
-- Installing: /home/raj/openamr-platform-sw/install/openamrobot_docking/share/openamrobot_docking/launch/detected_dock_pose_publisher.launch.py
-- Installing: /home/raj/openamr-platform-sw/install/openamrobot_docking/share/openamrobot_docking/config
-- Installing: /home/raj/openamr-platform-sw/install/openamrobot_docking/share/openamrobot_docking/config/openamrobot_docking_backup.yaml
-- Installing: /home/raj/openamr-platform-sw/install/openamrobot_docking/share/openamrobot_docking/config/docking_pose_publisher.yaml
-- Installing: /home/raj/openamr-platform-sw/install/openamrobot_docking/share/openamrobot_docking/config/dock_trigger.yaml
-- Installing: /home/raj/openamr-platform-sw/install/openamrobot_docking/share/openamrobot_docking/config/openamrobot_docking.yaml
-- Installing: /home/raj/openamr-platform-sw/install/openamrobot_docking/share/openamrobot_docking/docs
-- Installing: /home/raj/openamr-platform-sw/install/openamrobot_docking/share/openamrobot_docking/docs/README.md
-- Installing: /home/raj/openamr-platform-sw/install/openamrobot_docking/share/openamrobot_docking/docs/06_parameters.md
-- Installing: /home/raj/openamr-platform-sw/install/openamrobot_docking/share/openamrobot_docking/docs/05_dock_setup_map.md
-- Installing: /home/raj/openamr-platform-sw/install/openamrobot_docking/share/openamrobot_docking/docs/02_apriltag_ros.md
-- Installing: /home/raj/openamr-platform-sw/install/openamrobot_docking/share/openamrobot_docking/docs/07_reproduce_results.md
-- Installing: /home/raj/openamr-platform-sw/install/openamrobot_docking/share/openamrobot_docking/docs/04_docking_pipeline.md
-- Installing: /home/raj/openamr-platform-sw/install/openamrobot_docking/share/openamrobot_docking/docs/08_troubleshooting.md
-- Installing: /home/raj/openamr-platform-sw/install/openamrobot_docking/share/openamrobot_docking/docs/03_tf_frames.md
-- Installing: /home/raj/openamr-platform-sw/install/openamrobot_docking/share/openamrobot_docking/docs/09_diagrams.md
-- Installing: /home/raj/openamr-platform-sw/install/openamrobot_docking/share/ament_index/resource_index/package_run_dependencies/openamrobot_docking
-- Installing: /home/raj/openamr-platform-sw/install/openamrobot_docking/share/ament_index/resource_index/parent_prefix_path/openamrobot_docking
-- Installing: /home/raj/openamr-platform-sw/install/openamrobot_docking/share/openamrobot_docking/environment/ament_prefix_path.sh
-- Installing: /home/raj/openamr-platform-sw/install/openamrobot_docking/share/openamrobot_docking/environment/ament_prefix_path.dsv
-- Installing: /home/raj/openamr-platform-sw/install/openamrobot_docking/share/openamrobot_docking/environment/path.sh
-- Installing: /home/raj/openamr-platform-sw/install/openamrobot_docking/share/openamrobot_docking/environment/path.dsv
-- Installing: /home/raj/openamr-platform-sw/install/openamrobot_docking/share/openamrobot_docking/local_setup.bash
-- Installing: /home/raj/openamr-platform-sw/install/openamrobot_docking/share/openamrobot_docking/local_setup.sh
-- Installing: /home/raj/openamr-platform-sw/install/openamrobot_docking/share/openamrobot_docking/local_setup.zsh
-- Installing: /home/raj/openamr-platform-sw/install/openamrobot_docking/share/openamrobot_docking/local_setup.dsv
-- Installing: /home/raj/openamr-platform-sw/install/openamrobot_docking/share/openamrobot_docking/package.dsv
-- Installing: /home/raj/openamr-platform-sw/install/openamrobot_docking/share/ament_index/resource_index/packages/openamrobot_docking
-- Installing: /home/raj/openamr-platform-sw/install/openamrobot_docking/share/openamrobot_docking/cmake/openamrobot_dockingConfig.cmake
-- Installing: /home/raj/openamr-platform-sw/install/openamrobot_docking/share/openamrobot_docking/cmake/openamrobot_dockingConfig-version.cmake
-- Installing: /home/raj/openamr-platform-sw/install/openamrobot_docking/share/openamrobot_docking/package.xml
