[0.181s] Invoking command in '/home/raj/openamr-platform-sw/build/openamrobot_docking': CMAKE_PREFIX_PATH=${CMAKE_PREFIX_PATH}:/opt/ros/jazzy DEBUGINFOD_URLS=https://debuginfod.ubuntu.com /usr/bin/cmake /home/raj/openamr-platform-sw/ros2/src/openamrobot_docking -DCMAKE_INSTALL_PREFIX=/home/raj/openamr-platform-sw/install/openamrobot_docking
[0.383s] -- The C compiler identification is GNU 13.3.0
[0.508s] -- The CXX compiler identification is GNU 13.3.0
[0.528s] -- Detecting C compiler ABI info
[0.612s] -- Detecting C compiler ABI info - done
[0.617s] -- Check for working C compiler: /usr/bin/cc - skipped
[0.618s] -- Detecting C compile features
[0.618s] -- Detecting C compile features - done
[0.626s] -- Detecting CXX compiler ABI info
[0.698s] -- Detecting CXX compiler ABI info - done
[0.704s] -- Check for working CXX compiler: /usr/bin/c++ - skipped
[0.704s] -- Detecting CXX compile features
[0.704s] -- Detecting CXX compile features - done
[0.717s] -- Found ament_cmake: 2.5.6 (/opt/ros/jazzy/share/ament_cmake/cmake)
[0.825s] -- Found Python3: /usr/bin/python3 (found version "3.12.3") found components: Interpreter 
[0.930s] -- Found rclcpp: 28.1.18 (/opt/ros/jazzy/share/rclcpp/cmake)
[0.989s] -- Found rosidl_generator_c: 4.6.7 (/opt/ros/jazzy/share/rosidl_generator_c/cmake)
[1.006s] -- Found rosidl_generator_cpp: 4.6.7 (/opt/ros/jazzy/share/rosidl_generator_cpp/cmake)
[1.031s] -- Using all available rosidl_typesupport_c: rosidl_typesupport_fastrtps_c;rosidl_typesupport_introspection_c
[1.058s] -- Using all available rosidl_typesupport_cpp: rosidl_typesupport_fastrtps_cpp;rosidl_typesupport_introspection_cpp
[1.147s] -- Found rmw_implementation_cmake: 7.3.3 (/opt/ros/jazzy/share/rmw_implementation_cmake/cmake)
[1.152s] -- Found rmw_cyclonedds_cpp: 2.2.3 (/opt/ros/jazzy/share/rmw_cyclonedds_cpp/cmake)
[1.191s] -- Using RMW implementation 'rmw_cyclonedds_cpp' as default
[1.262s] -- Found geometry_msgs: 5.3.7 (/opt/ros/jazzy/share/geometry_msgs/cmake)
[1.297s] -- Found tf2: 0.36.20 (/opt/ros/jazzy/share/tf2/cmake)
[1.303s] -- Found tf2_ros: 0.36.20 (/opt/ros/jazzy/share/tf2_ros/cmake)
[1.488s] -- Configuring done (1.3s)
[1.495s] -- Generating done (0.0s)
[1.499s] -- Build files have been written to: /home/raj/openamr-platform-sw/build/openamrobot_docking
[1.506s] Invoked command in '/home/raj/openamr-platform-sw/build/openamrobot_docking' returned '0': CMAKE_PREFIX_PATH=${CMAKE_PREFIX_PATH}:/opt/ros/jazzy DEBUGINFOD_URLS=https://debuginfod.ubuntu.com /usr/bin/cmake /home/raj/openamr-platform-sw/ros2/src/openamrobot_docking -DCMAKE_INSTALL_PREFIX=/home/raj/openamr-platform-sw/install/openamrobot_docking
[1.507s] Invoking command in '/home/raj/openamr-platform-sw/build/openamrobot_docking': CMAKE_PREFIX_PATH=${CMAKE_PREFIX_PATH}:/opt/ros/jazzy DEBUGINFOD_URLS=https://debuginfod.ubuntu.com /usr/bin/cmake --build /home/raj/openamr-platform-sw/build/openamrobot_docking -- -j32 -l32
[1.545s] [ 50%] [32mBuilding CXX object CMakeFiles/detected_dock_pose_publisher.dir/src/detected_dock_pose_publisher.cpp.o[0m
[4.778s] [100%] [32m[1mLinking CXX executable detected_dock_pose_publisher[0m
[4.996s] [100%] Built target detected_dock_pose_publisher
[5.005s] Invoked command in '/home/raj/openamr-platform-sw/build/openamrobot_docking' returned '0': CMAKE_PREFIX_PATH=${CMAKE_PREFIX_PATH}:/opt/ros/jazzy DEBUGINFOD_URLS=https://debuginfod.ubuntu.com /usr/bin/cmake --build /home/raj/openamr-platform-sw/build/openamrobot_docking -- -j32 -l32
[5.014s] Invoking command in '/home/raj/openamr-platform-sw/build/openamrobot_docking': CMAKE_PREFIX_PATH=${CMAKE_PREFIX_PATH}:/opt/ros/jazzy DEBUGINFOD_URLS=https://debuginfod.ubuntu.com /usr/bin/cmake --install /home/raj/openamr-platform-sw/build/openamrobot_docking
[5.020s] -- Install configuration: ""
[5.020s] -- Installing: /home/raj/openamr-platform-sw/install/openamrobot_docking/lib/openamrobot_docking/detected_dock_pose_publisher
[5.021s] -- Set non-toolchain portion of runtime path of "/home/raj/openamr-platform-sw/install/openamrobot_docking/lib/openamrobot_docking/detected_dock_pose_publisher" to ""
[5.022s] -- Installing: /home/raj/openamr-platform-sw/install/openamrobot_docking/lib/openamrobot_docking/dock_trigger.py
[5.022s] -- Installing: /home/raj/openamr-platform-sw/install/openamrobot_docking/share/openamrobot_docking/launch
[5.022s] -- Installing: /home/raj/openamr-platform-sw/install/openamrobot_docking/share/openamrobot_docking/launch/openamrobot_docking.launch.py
[5.022s] -- Installing: /home/raj/openamr-platform-sw/install/openamrobot_docking/share/openamrobot_docking/launch/detected_dock_pose_publisher.launch.py
[5.022s] -- Installing: /home/raj/openamr-platform-sw/install/openamrobot_docking/share/openamrobot_docking/config
[5.022s] -- Installing: /home/raj/openamr-platform-sw/install/openamrobot_docking/share/openamrobot_docking/config/openamrobot_docking_backup.yaml
[5.022s] -- Installing: /home/raj/openamr-platform-sw/install/openamrobot_docking/share/openamrobot_docking/config/docking_pose_publisher.yaml
[5.022s] -- Installing: /home/raj/openamr-platform-sw/install/openamrobot_docking/share/openamrobot_docking/config/dock_trigger.yaml
[5.022s] -- Installing: /home/raj/openamr-platform-sw/install/openamrobot_docking/share/openamrobot_docking/config/openamrobot_docking.yaml
[5.022s] -- Installing: /home/raj/openamr-platform-sw/install/openamrobot_docking/share/openamrobot_docking/docs
[5.022s] -- Installing: /home/raj/openamr-platform-sw/install/openamrobot_docking/share/openamrobot_docking/docs/README.md
[5.022s] -- Installing: /home/raj/openamr-platform-sw/install/openamrobot_docking/share/openamrobot_docking/docs/06_parameters.md
[5.022s] -- Installing: /home/raj/openamr-platform-sw/install/openamrobot_docking/share/openamrobot_docking/docs/05_dock_setup_map.md
[5.022s] -- Installing: /home/raj/openamr-platform-sw/install/openamrobot_docking/share/openamrobot_docking/docs/02_apriltag_ros.md
[5.022s] -- Installing: /home/raj/openamr-platform-sw/install/openamrobot_docking/share/openamrobot_docking/docs/07_reproduce_results.md
[5.023s] -- Installing: /home/raj/openamr-platform-sw/install/openamrobot_docking/share/openamrobot_docking/docs/04_docking_pipeline.md
[5.023s] -- Installing: /home/raj/openamr-platform-sw/install/openamrobot_docking/share/openamrobot_docking/docs/08_troubleshooting.md
[5.023s] -- Installing: /home/raj/openamr-platform-sw/install/openamrobot_docking/share/openamrobot_docking/docs/03_tf_frames.md
[5.023s] -- Installing: /home/raj/openamr-platform-sw/install/openamrobot_docking/share/openamrobot_docking/docs/09_diagrams.md
[5.023s] -- Installing: /home/raj/openamr-platform-sw/install/openamrobot_docking/share/ament_index/resource_index/package_run_dependencies/openamrobot_docking
[5.023s] -- Installing: /home/raj/openamr-platform-sw/install/openamrobot_docking/share/ament_index/resource_index/parent_prefix_path/openamrobot_docking
[5.023s] -- Installing: /home/raj/openamr-platform-sw/install/openamrobot_docking/share/openamrobot_docking/environment/ament_prefix_path.sh
[5.023s] -- Installing: /home/raj/openamr-platform-sw/install/openamrobot_docking/share/openamrobot_docking/environment/ament_prefix_path.dsv
[5.023s] -- Installing: /home/raj/openamr-platform-sw/install/openamrobot_docking/share/openamrobot_docking/environment/path.sh
[5.023s] -- Installing: /home/raj/openamr-platform-sw/install/openamrobot_docking/share/openamrobot_docking/environment/path.dsv
[5.023s] -- Installing: /home/raj/openamr-platform-sw/install/openamrobot_docking/share/openamrobot_docking/local_setup.bash
[5.024s] -- Installing: /home/raj/openamr-platform-sw/install/openamrobot_docking/share/openamrobot_docking/local_setup.sh
[5.024s] -- Installing: /home/raj/openamr-platform-sw/install/openamrobot_docking/share/openamrobot_docking/local_setup.zsh
[5.024s] -- Installing: /home/raj/openamr-platform-sw/install/openamrobot_docking/share/openamrobot_docking/local_setup.dsv
[5.024s] -- Installing: /home/raj/openamr-platform-sw/install/openamrobot_docking/share/openamrobot_docking/package.dsv
[5.024s] -- Installing: /home/raj/openamr-platform-sw/install/openamrobot_docking/share/ament_index/resource_index/packages/openamrobot_docking
[5.024s] -- Installing: /home/raj/openamr-platform-sw/install/openamrobot_docking/share/openamrobot_docking/cmake/openamrobot_dockingConfig.cmake
[5.024s] -- Installing: /home/raj/openamr-platform-sw/install/openamrobot_docking/share/openamrobot_docking/cmake/openamrobot_dockingConfig-version.cmake
[5.024s] -- Installing: /home/raj/openamr-platform-sw/install/openamrobot_docking/share/openamrobot_docking/package.xml
[5.025s] Invoked command in '/home/raj/openamr-platform-sw/build/openamrobot_docking' returned '0': CMAKE_PREFIX_PATH=${CMAKE_PREFIX_PATH}:/opt/ros/jazzy DEBUGINFOD_URLS=https://debuginfod.ubuntu.com /usr/bin/cmake --install /home/raj/openamr-platform-sw/build/openamrobot_docking
