running egg_info
creating ../../../build/openamrobot_nav2/openamrobot_nav2.egg-info
writing ../../../build/openamrobot_nav2/openamrobot_nav2.egg-info/PKG-INFO
writing dependency_links to ../../../build/openamrobot_nav2/openamrobot_nav2.egg-info/dependency_links.txt
writing requirements to ../../../build/openamrobot_nav2/openamrobot_nav2.egg-info/requires.txt
writing top-level names to ../../../build/openamrobot_nav2/openamrobot_nav2.egg-info/top_level.txt
writing manifest file '../../../build/openamrobot_nav2/openamrobot_nav2.egg-info/SOURCES.txt'
reading manifest file '../../../build/openamrobot_nav2/openamrobot_nav2.egg-info/SOURCES.txt'
writing manifest file '../../../build/openamrobot_nav2/openamrobot_nav2.egg-info/SOURCES.txt'
running build
running build_py
creating /home/raj/openamr-platform-sw/build/openamrobot_nav2/build
creating /home/raj/openamr-platform-sw/build/openamrobot_nav2/build/lib
creating /home/raj/openamr-platform-sw/build/openamrobot_nav2/build/lib/openamrobot_nav2
copying openamrobot_nav2/__init__.py -> /home/raj/openamr-platform-sw/build/openamrobot_nav2/build/lib/openamrobot_nav2
running install
running install_lib
creating /home/raj/openamr-platform-sw/install/openamrobot_nav2/lib/python3.12/site-packages/openamrobot_nav2
copying /home/raj/openamr-platform-sw/build/openamrobot_nav2/build/lib/openamrobot_nav2/__init__.py -> /home/raj/openamr-platform-sw/install/openamrobot_nav2/lib/python3.12/site-packages/openamrobot_nav2
byte-compiling /home/raj/openamr-platform-sw/install/openamrobot_nav2/lib/python3.12/site-packages/openamrobot_nav2/__init__.py to __init__.cpython-312.pyc
running install_data
creating /home/raj/openamr-platform-sw/install/openamrobot_nav2/share/ament_index
creating /home/raj/openamr-platform-sw/install/openamrobot_nav2/share/ament_index/resource_index
creating /home/raj/openamr-platform-sw/install/openamrobot_nav2/share/ament_index/resource_index/packages
copying resource/openamrobot_nav2 -> /home/raj/openamr-platform-sw/install/openamrobot_nav2/share/ament_index/resource_index/packages
copying package.xml -> /home/raj/openamr-platform-sw/install/openamrobot_nav2/share/openamrobot_nav2
creating /home/raj/openamr-platform-sw/install/openamrobot_nav2/share/openamrobot_nav2/launch
creating /home/raj/openamr-platform-sw/install/openamrobot_nav2/share/openamrobot_nav2/config
creating /home/raj/openamr-platform-sw/install/openamrobot_nav2/share/openamrobot_nav2/maps
creating /home/raj/openamr-platform-sw/install/openamrobot_nav2/share/openamrobot_nav2/rviz
creating /home/raj/openamr-platform-sw/install/openamrobot_nav2/share/openamrobot_nav2/behavior_trees
running install_egg_info
Copying ../../../build/openamrobot_nav2/openamrobot_nav2.egg-info to /home/raj/openamr-platform-sw/install/openamrobot_nav2/lib/python3.12/site-packages/openamrobot_nav2-0.1.0-py3.12.egg-info
running install_scripts
writing list of installed files to '/home/raj/openamr-platform-sw/build/openamrobot_nav2/install.log'
