[0.809s] Invoking command in '/home/raj/openamr-platform-sw/ros2/src/openamrobot_nav2': DEBUGINFOD_URLS=https://debuginfod.ubuntu.com PYTHONPATH=/home/raj/openamr-platform-sw/build/openamrobot_nav2/prefix_override:/usr/lib/python3/dist-packages/colcon_core/task/python/colcon_distutils_commands:/home/raj/openamr-platform-sw/install/openamrobot_nav2/lib/python3.12/site-packages:${PYTHONPATH} /usr/bin/python3 -W ignore:setup.py install is deprecated -W ignore:easy_install command is deprecated setup.py egg_info --egg-base ../../../build/openamrobot_nav2 build --build-base /home/raj/openamr-platform-sw/build/openamrobot_nav2/build install --record /home/raj/openamr-platform-sw/build/openamrobot_nav2/install.log --single-version-externally-managed install_data
[0.965s] running egg_info
[0.965s] creating ../../../build/openamrobot_nav2/openamrobot_nav2.egg-info
[0.977s] writing ../../../build/openamrobot_nav2/openamrobot_nav2.egg-info/PKG-INFO
[0.977s] writing dependency_links to ../../../build/openamrobot_nav2/openamrobot_nav2.egg-info/dependency_links.txt
[0.977s] writing requirements to ../../../build/openamrobot_nav2/openamrobot_nav2.egg-info/requires.txt
[0.977s] writing top-level names to ../../../build/openamrobot_nav2/openamrobot_nav2.egg-info/top_level.txt
[0.977s] writing manifest file '../../../build/openamrobot_nav2/openamrobot_nav2.egg-info/SOURCES.txt'
[1.001s] reading manifest file '../../../build/openamrobot_nav2/openamrobot_nav2.egg-info/SOURCES.txt'
[1.001s] writing manifest file '../../../build/openamrobot_nav2/openamrobot_nav2.egg-info/SOURCES.txt'
[1.001s] running build
[1.001s] running build_py
[1.001s] creating /home/raj/openamr-platform-sw/build/openamrobot_nav2/build
[1.002s] creating /home/raj/openamr-platform-sw/build/openamrobot_nav2/build/lib
[1.002s] creating /home/raj/openamr-platform-sw/build/openamrobot_nav2/build/lib/openamrobot_nav2
[1.002s] copying openamrobot_nav2/__init__.py -> /home/raj/openamr-platform-sw/build/openamrobot_nav2/build/lib/openamrobot_nav2
[1.002s] running install
[1.005s] running install_lib
[1.019s] creating /home/raj/openamr-platform-sw/install/openamrobot_nav2/lib/python3.12/site-packages/openamrobot_nav2
[1.019s] copying /home/raj/openamr-platform-sw/build/openamrobot_nav2/build/lib/openamrobot_nav2/__init__.py -> /home/raj/openamr-platform-sw/install/openamrobot_nav2/lib/python3.12/site-packages/openamrobot_nav2
[1.019s] byte-compiling /home/raj/openamr-platform-sw/install/openamrobot_nav2/lib/python3.12/site-packages/openamrobot_nav2/__init__.py to __init__.cpython-312.pyc
[1.019s] running install_data
[1.019s] creating /home/raj/openamr-platform-sw/install/openamrobot_nav2/share/ament_index
[1.019s] creating /home/raj/openamr-platform-sw/install/openamrobot_nav2/share/ament_index/resource_index
[1.019s] creating /home/raj/openamr-platform-sw/install/openamrobot_nav2/share/ament_index/resource_index/packages
[1.019s] copying resource/openamrobot_nav2 -> /home/raj/openamr-platform-sw/install/openamrobot_nav2/share/ament_index/resource_index/packages
[1.019s] copying package.xml -> /home/raj/openamr-platform-sw/install/openamrobot_nav2/share/openamrobot_nav2
[1.020s] creating /home/raj/openamr-platform-sw/install/openamrobot_nav2/share/openamrobot_nav2/launch
[1.020s] creating /home/raj/openamr-platform-sw/install/openamrobot_nav2/share/openamrobot_nav2/config
[1.020s] creating /home/raj/openamr-platform-sw/install/openamrobot_nav2/share/openamrobot_nav2/maps
[1.020s] creating /home/raj/openamr-platform-sw/install/openamrobot_nav2/share/openamrobot_nav2/rviz
[1.020s] creating /home/raj/openamr-platform-sw/install/openamrobot_nav2/share/openamrobot_nav2/behavior_trees
[1.020s] running install_egg_info
[1.035s] Copying ../../../build/openamrobot_nav2/openamrobot_nav2.egg-info to /home/raj/openamr-platform-sw/install/openamrobot_nav2/lib/python3.12/site-packages/openamrobot_nav2-0.1.0-py3.12.egg-info
[1.035s] running install_scripts
[1.122s] writing list of installed files to '/home/raj/openamr-platform-sw/build/openamrobot_nav2/install.log'
[1.139s] Invoked command in '/home/raj/openamr-platform-sw/ros2/src/openamrobot_nav2' returned '0': DEBUGINFOD_URLS=https://debuginfod.ubuntu.com PYTHONPATH=/home/raj/openamr-platform-sw/build/openamrobot_nav2/prefix_override:/usr/lib/python3/dist-packages/colcon_core/task/python/colcon_distutils_commands:/home/raj/openamr-platform-sw/install/openamrobot_nav2/lib/python3.12/site-packages:${PYTHONPATH} /usr/bin/python3 -W ignore:setup.py install is deprecated -W ignore:easy_install command is deprecated setup.py egg_info --egg-base ../../../build/openamrobot_nav2 build --build-base /home/raj/openamr-platform-sw/build/openamrobot_nav2/build install --record /home/raj/openamr-platform-sw/build/openamrobot_nav2/install.log --single-version-externally-managed install_data
